#
# A fatal error has been detected by the Java Runtime Environment:
#
#  SIGSEGV (0xb) at pc=0x00007f064f332cd7, pid=27327, tid=27366
#
# JRE version: OpenJDK Runtime Environment (13.0) (build 13-internal+0-adhoc.dmitry.loom)
# Java VM: OpenJDK 64-Bit Server VM (13-internal+0-adhoc.dmitry.loom, mixed mode, tiered, compressed oops, g1 gc, linux-amd64)
# Problematic frame:
# V  [libjvm.so+0x681cd7]  ContMirror::last_frame()+0xe7
#
# Core dump will be written. Default location: Core dumps may be processed with "/usr/share/apport/apport %p %s %c %d %P" (or dumping to /home/dmitry/Downloads/ContinuationSender/core.27327)
#
# If you would like to submit a bug report, please visit:
#   http://bugreport.java.com/bugreport/crash.jsp
#

---------------  S U M M A R Y ------------

Command Line: -Didea.launcher.port=16503 -Didea.launcher.bin.path=/home/dmitry/Downloads/idea-IC-183.5912.21/bin -Dfile.encoding=UTF-8 com.intellij.rt.execution.application.AppMainV2 Main

Host: Intel(R) Core(TM) i7-4700HQ CPU @ 2.40GHz, 4 cores, 4G, Ubuntu 18.04.2 LTS
Time: Wed May 15 04:00:10 2019 MSK elapsed time: 1 seconds (0d 0h 0m 1s)

---------------  T H R E A D  ---------------

Current thread (0x00007f06483f0000):  JavaThread "Thread-0" [_thread_in_Java, id=27366, stack(0x00007f061ddc3000,0x00007f061dec4000)]

Stack: [0x00007f061ddc3000,0x00007f061dec4000],  sp=0x00007f061dec1160,  free space=1016k
Native frames: (J=compiled Java code, A=aot compiled Java code, j=interpreted, Vv=VM code, C=native code)
V  [libjvm.so+0x681cd7]  ContMirror::last_frame()+0xe7
V  [libjvm.so+0x6896b6]  thaw1(JavaThread*, FrameInfo*, bool)+0x246
V  [libjvm.so+0x689d55]  Continuation::thaw_leaf(FrameInfo*, bool, bool)+0x45
v  ~BufferBlob::StubRoutines (3)
j  java.lang.Continuation.run()V+113 java.base
j  Deserializer$$Lambda$66.run()V+4
j  java.lang.Thread.run()V+11 java.base
v  ~StubRoutines::call_stub
V  [libjvm.so+0x8bcf09]  JavaCalls::call_helper(JavaValue*, methodHandle const&, JavaCallArguments*, Thread*)+0x3c9
V  [libjvm.so+0x8baf25]  JavaCalls::call_virtual(JavaValue*, Handle, Klass*, Symbol*, Symbol*, Thread*)+0x1e5
V  [libjvm.so+0x965d9c]  thread_entry(JavaThread*, Thread*)+0x6c
V  [libjvm.so+0xf73852]  JavaThread::run()+0x232
V  [libjvm.so+0xf715cd]  Thread::call_run()+0x10d
V  [libjvm.so+0xc8b937]  thread_native_entry(Thread*)+0xe7


siginfo: si_signo: 11 (SIGSEGV), si_code: 1 (SEGV_MAPERR), si_addr: 0x00007f2fa90169b0

Register to memory mapping:

RAX=0x0000000000000012 is an unknown value
RBX=0x00007f061dec1210 is pointing into the stack for thread: 0x00007f06483f0000
RCX=0x00007f0639034300 points into unknown readable memory: 0b 00 00 00 00 00 00 00
RDX=0x0000000000020680 is an unknown value
RSP=0x00007f061dec1160 is pointing into the stack for thread: 0x00007f06483f0000
RBP=0x00007f061dec1180 is pointing into the stack for thread: 0x00007f06483f0000
RSI=0x0000000000000010 is an unknown value
RDI=0x00007f2fa90169b0 is an unknown value
R8 ={method} {0x00007f063407fcc8} 'doContinue' '()V' in 'java/lang/Continuation'
R9 =0x0000000000000004 is an unknown value
R10=0x00007f0650352300: <offset 0x00000000016a1300> in /home/dmitry/Downloads/LOOM/loom/build/linux-x86_64-server-release/jdk/lib/server/libjvm.so at 0x00007f064ecb1000
R11=0x00007f061dec2640 is pointing into the stack for thread: 0x00007f06483f0000
R12=0x00007f061dec1310 is pointing into the stack for thread: 0x00007f06483f0000
R13=0x00007f061dec1310 is pointing into the stack for thread: 0x00007f06483f0000
R14=0x0000000000002710 is an unknown value
R15=0x00007f061dec1210 is pointing into the stack for thread: 0x00007f06483f0000


Registers:
RAX=0x0000000000000012, RBX=0x00007f061dec1210, RCX=0x00007f0639034300, RDX=0x0000000000020680
RSP=0x00007f061dec1160, RBP=0x00007f061dec1180, RSI=0x0000000000000010, RDI=0x00007f2fa90169b0
R8 =0x00007f063407fcc8, R9 =0x0000000000000004, R10=0x00007f0650352300, R11=0x00007f061dec2640
R12=0x00007f061dec1310, R13=0x00007f061dec1310, R14=0x0000000000002710, R15=0x00007f061dec1210
RIP=0x00007f064f332cd7, EFLAGS=0x0000000000010202, CSGSFS=0x002b000000000033, ERR=0x0000000000000004
  TRAPNO=0x000000000000000e

Top of Stack: (sp=0x00007f061dec1160)
0x00007f061dec1160:   00007f061dec1180 000000004f334f96
0x00007f061dec1170:   00007f061dec2640 00007f06483ed370
0x00007f061dec1180:   00007f061dec2600 00007f064f33a6b6
0x00007f061dec1190:   00000000000003d8 00007f06483f0000 

Instructions: (pc=0x00007f064f332cd7)
0x00007f064f332bd7:   00 48 0f 44 c6 3b 14 01 0f 9d c0 5d c3 66 90 66
0x00007f064f332be7:   2e 0f 1f 84 00 00 00 00 00 55 48 89 e5 41 54 53
0x00007f064f332bf7:   48 89 fb 48 83 ec 10 8b 56 28 85 d2 78 24 48 8d
0x00007f064f332c07:   05 d0 eb fd 00 48 8b 4e 40 49 89 f4 be 10 00 00
0x00007f064f332c17:   00 80 38 00 b8 0c 00 00 00 48 0f 44 c6 3b 14 01
0x00007f064f332c27:   7c 47 48 c7 03 ff ff ff ff 48 c7 43 08 00 00 00
0x00007f064f332c37:   00 48 c7 43 10 00 00 00 00 48 c7 43 18 00 00 00
0x00007f064f332c47:   00 48 c7 43 20 00 00 00 00 c6 43 28 01 48 c7 43
0x00007f064f332c57:   30 00 00 00 00 48 83 c4 10 48 89 d8 5b 41 5c 5d
0x00007f064f332c67:   c3 0f 1f 84 00 00 00 00 00 49 8b 7c 24 38 49 8b
0x00007f064f332c77:   44 24 30 41 8b 4c 24 60 89 13 48 8d 15 88 c3 fa
0x00007f064f332c87:   00 48 c7 43 20 00 00 00 00 48 89 43 08 48 89 7b
0x00007f064f332c97:   10 89 4b 04 48 8b 12 48 85 d2 74 19 48 8b 4a 08
0x00007f064f332ca7:   48 39 cf 72 10 48 63 52 14 48 01 d1 48 39 cf 0f
0x00007f064f332cb7:   82 8c 00 00 00 c6 43 28 00 48 c7 43 30 00 00 00
0x00007f064f332cc7:   00 48 c7 43 18 00 00 00 00 c7 45 ec 00 00 00 00
0x00007f064f332cd7:   81 3f 0f 1f 84 00 0f 85 e5 00 00 00 48 85 ff 0f
0x00007f064f332ce7:   84 dc 00 00 00 8b 47 04 85 c0 0f 84 80 00 00 00
0x00007f064f332cf7:   48 8d 15 ea 72 f7 00 25 ff ff ff 00 48 29 c7 48
0x00007f064f332d07:   89 f8 48 8b 12 0f 18 0c 17 48 8d 4f 50 0f 18 0c
0x00007f064f332d17:   11 48 8d 8f 88 00 00 00 0f 18 0c 11 48 89 7b 18
0x00007f064f332d27:   48 63 40 1c 48 63 13 48 c1 e0 03 48 8d 44 90 f0
0x00007f064f332d37:   49 03 44 24 50 48 89 43 30 e9 17 ff ff ff 0f 1f
0x00007f064f332d47:   00 c6 43 28 01 48 c7 43 30 00 00 00 00 48 c7 43
0x00007f064f332d57:   18 00 00 00 00 49 8b 54 24 50 48 98 48 8d 04 82
0x00007f064f332d67:   48 89 43 30 48 83 c4 10 48 89 d8 5b 41 5c 5d c3
0x00007f064f332d77:   48 8d 55 ec 48 89 fe e8 ed 4a f7 ff 0f b6 73 28
0x00007f064f332d87:   66 0f 1f 84 00 00 00 00 00 48 8d 15 51 72 f7 00
0x00007f064f332d97:   48 8b 12 0f 18 0c 10 48 8d 48 50 0f 18 0c 11 48
0x00007f064f332da7:   8d 88 88 00 00 00 0f 18 0c 11 40 84 f6 48 89 43
0x00007f064f332db7:   18 0f 84 69 ff ff ff 48 8b 43 08 eb 98 0f 1f 40
0x00007f064f332dc7:   00 e8 03 0b f7 ff 0f b6 73 28 eb bd 0f 1f 00 66 


Stack slot to memory mapping:
stack at sp + 0 slots: 0x00007f061dec1180 is pointing into the stack for thread: 0x00007f06483f0000
stack at sp + 1 slots: 0x000000004f334f96 is an unknown value
stack at sp + 2 slots: 0x00007f061dec2640 is pointing into the stack for thread: 0x00007f06483f0000
stack at sp + 3 slots: 0x00007f06483ed370 points into unknown readable memory: 02 00 00 00 00 00 00 00
stack at sp + 4 slots: 0x00007f061dec2600 is pointing into the stack for thread: 0x00007f06483f0000
stack at sp + 5 slots: 0x00007f064f33a6b6: <offset 0x00000000006896b6> in /home/dmitry/Downloads/LOOM/loom/build/linux-x86_64-server-release/jdk/lib/server/libjvm.so at 0x00007f064ecb1000
stack at sp + 6 slots: 0x00000000000003d8 is an unknown value
stack at sp + 7 slots: 0x00007f06483f0000 is a thread


---------------  P R O C E S S  ---------------

Threads class SMR info:
_java_thread_list=0x00007f06483f1210, length=13, elements={
0x00007f064813b000, 0x00007f064813e000, 0x00007f0648160800, 0x00007f0648165000,
0x00007f0648167000, 0x00007f0648169000, 0x00007f0648181000, 0x00007f060806b000,
0x00007f0648256800, 0x00007f0610001000, 0x00007f06482a4800, 0x00007f06483f0000,
0x00007f0648016800
}

Java Threads: ( => current thread )
  0x00007f064813b000 JavaThread "Reference Handler" daemon [_thread_blocked, id=27343, stack(0x00007f061feff000,0x00007f0620000000)]
  0x00007f064813e000 JavaThread "Finalizer" daemon [_thread_blocked, id=27344, stack(0x00007f061fdfe000,0x00007f061feff000)]
  0x00007f0648160800 JavaThread "Signal Dispatcher" daemon [_thread_blocked, id=27348, stack(0x00007f061f32e000,0x00007f061f42f000)]
  0x00007f0648165000 JavaThread "C2 CompilerThread0" daemon [_thread_blocked, id=27349, stack(0x00007f061f22d000,0x00007f061f32e000)]
  0x00007f0648167000 JavaThread "C1 CompilerThread0" daemon [_thread_blocked, id=27351, stack(0x00007f061f12c000,0x00007f061f22d000)]
  0x00007f0648169000 JavaThread "Sweeper thread" daemon [_thread_blocked, id=27352, stack(0x00007f061f02b000,0x00007f061f12c000)]
  0x00007f0648181000 JavaThread "Common-Cleaner" daemon [_thread_blocked, id=27354, stack(0x00007f061eacf000,0x00007f061ebd0000)]
  0x00007f060806b000 JavaThread "C2 CompilerThread1" daemon [_thread_blocked, id=27356, stack(0x00007f061e9ce000,0x00007f061eacf000)]
  0x00007f0648256800 JavaThread "Service Thread" daemon [_thread_blocked, id=27359, stack(0x00007f061e8cd000,0x00007f061e9ce000)]
  0x00007f0610001000 JavaThread "Attach Listener" daemon [_thread_blocked, id=27361, stack(0x00007f061e6ca000,0x00007f061e7cb000)]
  0x00007f06482a4800 JavaThread "Monitor Ctrl-Break" daemon [_thread_in_native, id=27362, stack(0x00007f061e5c9000,0x00007f061e6ca000)]
=>0x00007f06483f0000 JavaThread "Thread-0" [_thread_in_Java, id=27366, stack(0x00007f061ddc3000,0x00007f061dec4000)]
  0x00007f0648016800 JavaThread "DestroyJavaVM" [_thread_blocked, id=27331, stack(0x00007f06510b5000,0x00007f06511b6000)]

Other Threads:
  0x00007f064812f000 VMThread "VM Thread" [stack: 0x00007f064c02e000,0x00007f064c12e000] [id=27340]
  0x00007f064825d000 WatcherThread [stack: 0x00007f061e7cd000,0x00007f061e8cd000] [id=27360]
  0x00007f064805a800 GCTaskThread "GC Thread#0" [stack: 0x00007f064ca18000,0x00007f064cb18000] [id=27334]
  0x00007f0618001000 GCTaskThread "GC Thread#1" [stack: 0x00007f061e2c6000,0x00007f061e3c6000] [id=27363]
  0x00007f0648064000 ConcurrentGCThread "G1 Main Marker" [stack: 0x00007f064c916000,0x00007f064ca16000] [id=27335]
  0x00007f0648066000 ConcurrentGCThread "G1 Conc#0" [stack: 0x00007f064c814000,0x00007f064c914000] [id=27336]
  0x00007f06480ba800 ConcurrentGCThread "G1 Refine#0" [stack: 0x00007f064c30e000,0x00007f064c40e000] [id=27337]
  0x00007f06480bc000 ConcurrentGCThread "G1 Young RemSet Sampling" [stack: 0x00007f064c20c000,0x00007f064c30c000] [id=27338]

Threads with active compile tasks:

VM state:not at safepoint (normal execution)

VM Mutex/Monitor currently owned by a thread: None

Heap address: 0x00000000b0000000, size: 1280 MB, Compressed Oops mode: 32-bit
Narrow klass base: 0x0000000000000000, Narrow klass shift: 3
Compressed class space size: 1073741824 Address: 0x0000000100000000

Heap:
 garbage-first heap   total 81920K, used 22960K [0x00000000b0000000, 0x0000000100000000)
  region size 1024K, 24 young (24576K), 2 survivors (2048K)
 Metaspace       used 11330K, capacity 11573K, committed 11648K, reserved 1060864K
  class space    used 1041K, capacity 1126K, committed 1152K, reserved 1048576K
Heap Regions: E=young(eden), S=young(survivor), O=old, HS=humongous(starts), HC=humongous(continues), CS=collection set, F=free, A=archive, TAMS=top-at-mark-start (previous, next)
|   0|0x00000000b0000000, 0x00000000b0000000, 0x00000000b0100000|  0%| F|  |TAMS 0x00000000b0000000, 0x00000000b0000000| Untracked 
|   1|0x00000000b0100000, 0x00000000b0100000, 0x00000000b0200000|  0%| F|  |TAMS 0x00000000b0100000, 0x00000000b0100000| Untracked 
|   2|0x00000000b0200000, 0x00000000b0200000, 0x00000000b0300000|  0%| F|  |TAMS 0x00000000b0200000, 0x00000000b0200000| Untracked 
|   3|0x00000000b0300000, 0x00000000b0300000, 0x00000000b0400000|  0%| F|  |TAMS 0x00000000b0300000, 0x00000000b0300000| Untracked 
|   4|0x00000000b0400000, 0x00000000b0400000, 0x00000000b0500000|  0%| F|  |TAMS 0x00000000b0400000, 0x00000000b0400000| Untracked 
|   5|0x00000000b0500000, 0x00000000b0500000, 0x00000000b0600000|  0%| F|  |TAMS 0x00000000b0500000, 0x00000000b0500000| Untracked 
|   6|0x00000000b0600000, 0x00000000b0600000, 0x00000000b0700000|  0%| F|  |TAMS 0x00000000b0600000, 0x00000000b0600000| Untracked 
|   7|0x00000000b0700000, 0x00000000b0700000, 0x00000000b0800000|  0%| F|  |TAMS 0x00000000b0700000, 0x00000000b0700000| Untracked 
|   8|0x00000000b0800000, 0x00000000b0800000, 0x00000000b0900000|  0%| F|  |TAMS 0x00000000b0800000, 0x00000000b0800000| Untracked 
|   9|0x00000000b0900000, 0x00000000b0900000, 0x00000000b0a00000|  0%| F|  |TAMS 0x00000000b0900000, 0x00000000b0900000| Untracked 
|  10|0x00000000b0a00000, 0x00000000b0a00000, 0x00000000b0b00000|  0%| F|  |TAMS 0x00000000b0a00000, 0x00000000b0a00000| Untracked 
|  11|0x00000000b0b00000, 0x00000000b0b00000, 0x00000000b0c00000|  0%| F|  |TAMS 0x00000000b0b00000, 0x00000000b0b00000| Untracked 
|  12|0x00000000b0c00000, 0x00000000b0c00000, 0x00000000b0d00000|  0%| F|  |TAMS 0x00000000b0c00000, 0x00000000b0c00000| Untracked 
|  13|0x00000000b0d00000, 0x00000000b0d00000, 0x00000000b0e00000|  0%| F|  |TAMS 0x00000000b0d00000, 0x00000000b0d00000| Untracked 
|  14|0x00000000b0e00000, 0x00000000b0e00000, 0x00000000b0f00000|  0%| F|  |TAMS 0x00000000b0e00000, 0x00000000b0e00000| Untracked 
|  15|0x00000000b0f00000, 0x00000000b0f00000, 0x00000000b1000000|  0%| F|  |TAMS 0x00000000b0f00000, 0x00000000b0f00000| Untracked 
|  16|0x00000000b1000000, 0x00000000b1000000, 0x00000000b1100000|  0%| F|  |TAMS 0x00000000b1000000, 0x00000000b1000000| Untracked 
|  17|0x00000000b1100000, 0x00000000b1100000, 0x00000000b1200000|  0%| F|  |TAMS 0x00000000b1100000, 0x00000000b1100000| Untracked 
|  18|0x00000000b1200000, 0x00000000b1200000, 0x00000000b1300000|  0%| F|  |TAMS 0x00000000b1200000, 0x00000000b1200000| Untracked 
|  19|0x00000000b1300000, 0x00000000b1300000, 0x00000000b1400000|  0%| F|  |TAMS 0x00000000b1300000, 0x00000000b1300000| Untracked 
|  20|0x00000000b1400000, 0x00000000b1400000, 0x00000000b1500000|  0%| F|  |TAMS 0x00000000b1400000, 0x00000000b1400000| Untracked 
|  21|0x00000000b1500000, 0x00000000b1500000, 0x00000000b1600000|  0%| F|  |TAMS 0x00000000b1500000, 0x00000000b1500000| Untracked 
|  22|0x00000000b1600000, 0x00000000b1600000, 0x00000000b1700000|  0%| F|  |TAMS 0x00000000b1600000, 0x00000000b1600000| Untracked 
|  23|0x00000000b1700000, 0x00000000b1700000, 0x00000000b1800000|  0%| F|  |TAMS 0x00000000b1700000, 0x00000000b1700000| Untracked 
|  24|0x00000000b1800000, 0x00000000b1800000, 0x00000000b1900000|  0%| F|  |TAMS 0x00000000b1800000, 0x00000000b1800000| Untracked 
|  25|0x00000000b1900000, 0x00000000b1900000, 0x00000000b1a00000|  0%| F|  |TAMS 0x00000000b1900000, 0x00000000b1900000| Untracked 
|  26|0x00000000b1a00000, 0x00000000b1a00000, 0x00000000b1b00000|  0%| F|  |TAMS 0x00000000b1a00000, 0x00000000b1a00000| Untracked 
|  27|0x00000000b1b00000, 0x00000000b1b00000, 0x00000000b1c00000|  0%| F|  |TAMS 0x00000000b1b00000, 0x00000000b1b00000| Untracked 
|  28|0x00000000b1c00000, 0x00000000b1c00000, 0x00000000b1d00000|  0%| F|  |TAMS 0x00000000b1c00000, 0x00000000b1c00000| Untracked 
|  29|0x00000000b1d00000, 0x00000000b1d00000, 0x00000000b1e00000|  0%| F|  |TAMS 0x00000000b1d00000, 0x00000000b1d00000| Untracked 
|  30|0x00000000b1e00000, 0x00000000b1e00000, 0x00000000b1f00000|  0%| F|  |TAMS 0x00000000b1e00000, 0x00000000b1e00000| Untracked 
|  31|0x00000000b1f00000, 0x00000000b1f00000, 0x00000000b2000000|  0%| F|  |TAMS 0x00000000b1f00000, 0x00000000b1f00000| Untracked 
|  32|0x00000000b2000000, 0x00000000b2000000, 0x00000000b2100000|  0%| F|  |TAMS 0x00000000b2000000, 0x00000000b2000000| Untracked 
|  33|0x00000000b2100000, 0x00000000b2100000, 0x00000000b2200000|  0%| F|  |TAMS 0x00000000b2100000, 0x00000000b2100000| Untracked 
|  34|0x00000000b2200000, 0x00000000b2200000, 0x00000000b2300000|  0%| F|  |TAMS 0x00000000b2200000, 0x00000000b2200000| Untracked 
|  35|0x00000000b2300000, 0x00000000b2300000, 0x00000000b2400000|  0%| F|  |TAMS 0x00000000b2300000, 0x00000000b2300000| Untracked 
|  36|0x00000000b2400000, 0x00000000b2400000, 0x00000000b2500000|  0%| F|  |TAMS 0x00000000b2400000, 0x00000000b2400000| Untracked 
|  37|0x00000000b2500000, 0x00000000b2500000, 0x00000000b2600000|  0%| F|  |TAMS 0x00000000b2500000, 0x00000000b2500000| Untracked 
|  38|0x00000000b2600000, 0x00000000b2600000, 0x00000000b2700000|  0%| F|  |TAMS 0x00000000b2600000, 0x00000000b2600000| Untracked 
|  39|0x00000000b2700000, 0x00000000b2700000, 0x00000000b2800000|  0%| F|  |TAMS 0x00000000b2700000, 0x00000000b2700000| Untracked 
|  40|0x00000000b2800000, 0x00000000b2800000, 0x00000000b2900000|  0%| F|  |TAMS 0x00000000b2800000, 0x00000000b2800000| Untracked 
|  41|0x00000000b2900000, 0x00000000b2900000, 0x00000000b2a00000|  0%| F|  |TAMS 0x00000000b2900000, 0x00000000b2900000| Untracked 
|  42|0x00000000b2a00000, 0x00000000b2a00000, 0x00000000b2b00000|  0%| F|  |TAMS 0x00000000b2a00000, 0x00000000b2a00000| Untracked 
|  43|0x00000000b2b00000, 0x00000000b2b00000, 0x00000000b2c00000|  0%| F|  |TAMS 0x00000000b2b00000, 0x00000000b2b00000| Untracked 
|  44|0x00000000b2c00000, 0x00000000b2c00000, 0x00000000b2d00000|  0%| F|  |TAMS 0x00000000b2c00000, 0x00000000b2c00000| Untracked 
|  45|0x00000000b2d00000, 0x00000000b2d00000, 0x00000000b2e00000|  0%| F|  |TAMS 0x00000000b2d00000, 0x00000000b2d00000| Untracked 
|  46|0x00000000b2e00000, 0x00000000b2e00000, 0x00000000b2f00000|  0%| F|  |TAMS 0x00000000b2e00000, 0x00000000b2e00000| Untracked 
|  47|0x00000000b2f00000, 0x00000000b2f00000, 0x00000000b3000000|  0%| F|  |TAMS 0x00000000b2f00000, 0x00000000b2f00000| Untracked 
|  48|0x00000000b3000000, 0x00000000b3000000, 0x00000000b3100000|  0%| F|  |TAMS 0x00000000b3000000, 0x00000000b3000000| Untracked 
|  49|0x00000000b3100000, 0x00000000b3100000, 0x00000000b3200000|  0%| F|  |TAMS 0x00000000b3100000, 0x00000000b3100000| Untracked 
|  50|0x00000000b3200000, 0x00000000b3200000, 0x00000000b3300000|  0%| F|  |TAMS 0x00000000b3200000, 0x00000000b3200000| Untracked 
|  51|0x00000000b3300000, 0x00000000b3300000, 0x00000000b3400000|  0%| F|  |TAMS 0x00000000b3300000, 0x00000000b3300000| Untracked 
|  52|0x00000000b3400000, 0x00000000b3400000, 0x00000000b3500000|  0%| F|  |TAMS 0x00000000b3400000, 0x00000000b3400000| Untracked 
|  53|0x00000000b3500000, 0x00000000b3500000, 0x00000000b3600000|  0%| F|  |TAMS 0x00000000b3500000, 0x00000000b3500000| Untracked 
|  54|0x00000000b3600000, 0x00000000b3600000, 0x00000000b3700000|  0%| F|  |TAMS 0x00000000b3600000, 0x00000000b3600000| Untracked 
|  55|0x00000000b3700000, 0x00000000b3700000, 0x00000000b3800000|  0%| F|  |TAMS 0x00000000b3700000, 0x00000000b3700000| Untracked 
|  56|0x00000000b3800000, 0x00000000b384f038, 0x00000000b3900000| 30%| E|  |TAMS 0x00000000b3800000, 0x00000000b3800000| Complete 
|  57|0x00000000b3900000, 0x00000000b3a00000, 0x00000000b3a00000|100%| E|CS|TAMS 0x00000000b3900000, 0x00000000b3900000| Complete 
|  58|0x00000000b3a00000, 0x00000000b3b00000, 0x00000000b3b00000|100%| E|CS|TAMS 0x00000000b3a00000, 0x00000000b3a00000| Complete 
|  59|0x00000000b3b00000, 0x00000000b3c00000, 0x00000000b3c00000|100%| E|CS|TAMS 0x00000000b3b00000, 0x00000000b3b00000| Complete 
|  60|0x00000000b3c00000, 0x00000000b3d00000, 0x00000000b3d00000|100%| E|CS|TAMS 0x00000000b3c00000, 0x00000000b3c00000| Complete 
|  61|0x00000000b3d00000, 0x00000000b3e00000, 0x00000000b3e00000|100%| E|CS|TAMS 0x00000000b3d00000, 0x00000000b3d00000| Complete 
|  62|0x00000000b3e00000, 0x00000000b3f00000, 0x00000000b3f00000|100%| E|CS|TAMS 0x00000000b3e00000, 0x00000000b3e00000| Complete 
|  63|0x00000000b3f00000, 0x00000000b4000000, 0x00000000b4000000|100%| E|CS|TAMS 0x00000000b3f00000, 0x00000000b3f00000| Complete 
|  64|0x00000000b4000000, 0x00000000b406c030, 0x00000000b4100000| 42%| S|CS|TAMS 0x00000000b4000000, 0x00000000b4000000| Complete 
|  65|0x00000000b4100000, 0x00000000b4200000, 0x00000000b4200000|100%| S|CS|TAMS 0x00000000b4100000, 0x00000000b4100000| Complete 
|  66|0x00000000b4200000, 0x00000000b4300000, 0x00000000b4300000|100%| E|CS|TAMS 0x00000000b4200000, 0x00000000b4200000| Complete 
|  67|0x00000000b4300000, 0x00000000b4400000, 0x00000000b4400000|100%| E|CS|TAMS 0x00000000b4300000, 0x00000000b4300000| Complete 
|  68|0x00000000b4400000, 0x00000000b4500000, 0x00000000b4500000|100%| E|CS|TAMS 0x00000000b4400000, 0x00000000b4400000| Complete 
|  69|0x00000000b4500000, 0x00000000b4600000, 0x00000000b4600000|100%| E|CS|TAMS 0x00000000b4500000, 0x00000000b4500000| Complete 
|  70|0x00000000b4600000, 0x00000000b4700000, 0x00000000b4700000|100%| E|CS|TAMS 0x00000000b4600000, 0x00000000b4600000| Complete 
|  71|0x00000000b4700000, 0x00000000b4800000, 0x00000000b4800000|100%| E|CS|TAMS 0x00000000b4700000, 0x00000000b4700000| Complete 
|  72|0x00000000b4800000, 0x00000000b4900000, 0x00000000b4900000|100%| E|CS|TAMS 0x00000000b4800000, 0x00000000b4800000| Complete 
|  73|0x00000000b4900000, 0x00000000b4a00000, 0x00000000b4a00000|100%| E|CS|TAMS 0x00000000b4900000, 0x00000000b4900000| Complete 
|  74|0x00000000b4a00000, 0x00000000b4b00000, 0x00000000b4b00000|100%| E|CS|TAMS 0x00000000b4a00000, 0x00000000b4a00000| Complete 
|  75|0x00000000b4b00000, 0x00000000b4c00000, 0x00000000b4c00000|100%| E|CS|TAMS 0x00000000b4b00000, 0x00000000b4b00000| Complete 
|  76|0x00000000b4c00000, 0x00000000b4d00000, 0x00000000b4d00000|100%| E|CS|TAMS 0x00000000b4c00000, 0x00000000b4c00000| Complete 
|  77|0x00000000b4d00000, 0x00000000b4e00000, 0x00000000b4e00000|100%| E|CS|TAMS 0x00000000b4d00000, 0x00000000b4d00000| Complete 
|  78|0x00000000b4e00000, 0x00000000b4f00000, 0x00000000b4f00000|100%| E|CS|TAMS 0x00000000b4e00000, 0x00000000b4e00000| Complete 
|  79|0x00000000b4f00000, 0x00000000b5000000, 0x00000000b5000000|100%| E|CS|TAMS 0x00000000b4f00000, 0x00000000b4f00000| Complete 

Card table byte_map: [0x00007f064cd98000,0x00007f064d018000] _byte_map_base: 0x00007f064c818000

Marking Bits (Prev, Next): (CMBitMap*) 0x00007f064805bb68, (CMBitMap*) 0x00007f064805bba8
 Prev Bits: [0x00007f0637c00000, 0x00007f0639000000)
 Next Bits: [0x00007f0636800000, 0x00007f0637c00000)

Polling page: 0x00007f06511c9000

Metaspace:

Usage:
  Non-class:     10,20 MB capacity,    10,05 MB ( 98%) used,   137,42 KB (  1%) free+waste,    20,88 KB ( <1%) overhead. 
      Class:      1,10 MB capacity,     1,02 MB ( 93%) used,    73,33 KB (  7%) free+waste,    11,00 KB ( <1%) overhead. 
       Both:     11,30 MB capacity,    11,06 MB ( 98%) used,   210,75 KB (  2%) free+waste,    31,88 KB ( <1%) overhead. 

Virtual space:
  Non-class space:       12,00 MB reserved,      10,25 MB ( 85%) committed 
      Class space:        1,00 GB reserved,       1,12 MB ( <1%) committed 
             Both:        1,01 GB reserved,      11,38 MB (  1%) committed 

Chunk freelists:
   Non-Class:  33,00 KB
       Class:  0 bytes
        Both:  33,00 KB

MaxMetaspaceSize: unlimited
CompressedClassSpaceSize: 1,00 GB

CodeHeap 'non-profiled nmethods': size=120032Kb used=359Kb max_used=359Kb free=119672Kb
 bounds [0x00007f0640ac8000, 0x00007f0640d38000, 0x00007f0648000000]
CodeHeap 'profiled nmethods': size=120032Kb used=1645Kb max_used=1645Kb free=118386Kb
 bounds [0x00007f0639590000, 0x00007f0639800000, 0x00007f0640ac8000]
CodeHeap 'non-nmethods': size=5696Kb used=1146Kb max_used=1176Kb free=4549Kb
 bounds [0x00007f0639000000, 0x00007f0639270000, 0x00007f0639590000]
 total_blobs=1544 nmethods=900 adapters=302
 compilation: enabled
              stopped_count=0, restarted_count=0
 full_count=0

Compilation events (10 events):
Event: 1,865 Thread 0x00007f0648167000 nmethod 901 0x00007f0639727790 code [0x00007f0639727a20, 0x00007f0639728848]
Event: 1,866 Thread 0x00007f0648167000  902       3       jdk.internal.org.objectweb.asm.Type::getDescriptor (90 bytes)
Event: 1,867 Thread 0x00007f0648167000 nmethod 902 0x00007f0639728c90 code [0x00007f0639728f00, 0x00007f06397298b8]
Event: 1,868 Thread 0x00007f0648167000  903       3       java.lang.invoke.MethodHandle::<init> (37 bytes)
Event: 1,880 Thread 0x00007f0648167000 nmethod 903 0x00007f0639729c10 code [0x00007f0639729e20, 0x00007f063972a3f8]
Event: 1,892 Thread 0x00007f0648165000 nmethod 811 0x00007f0640b1f790 code [0x00007f0640b1fa00, 0x00007f0640b21370]
Event: 1,892 Thread 0x00007f0648167000  904       3       java.lang.Integer::stringSize (47 bytes)
Event: 1,892 Thread 0x00007f0648167000 nmethod 904 0x00007f063972a690 code [0x00007f063972a840, 0x00007f063972aad0]
Event: 1,893 Thread 0x00007f0648167000  905       3       java.lang.Integer::getChars (131 bytes)
Event: 1,893 Thread 0x00007f0648167000 nmethod 905 0x00007f063972ab90 code [0x00007f063972ad60, 0x00007f063972b1f0]

GC Heap History (2 events):
Event: 1,325 GC heap before
{Heap before GC invocations=0 (full 0):
 garbage-first heap   total 81920K, used 14336K [0x00000000b0000000, 0x0000000100000000)
  region size 1024K, 14 young (14336K), 0 survivors (0K)
 Metaspace       used 8428K, capacity 8595K, committed 8832K, reserved 1056768K
  class space    used 748K, capacity 826K, committed 896K, reserved 1048576K
}
Event: 1,343 GC heap after
{Heap after GC invocations=1 (full 0):
 garbage-first heap   total 81920K, used 1456K [0x00000000b0000000, 0x0000000100000000)
  region size 1024K, 2 young (2048K), 2 survivors (2048K)
 Metaspace       used 8428K, capacity 8595K, committed 8832K, reserved 1056768K
  class space    used 748K, capacity 826K, committed 896K, reserved 1048576K
}

Deoptimization events (10 events):
Event: 1,069 Thread 0x00007f0648016800 Uncommon trap: reason=unstable_if action=reinterpret pc=0x00007f0640af513c method=java.lang.String.<init>([CIILjava/lang/Void;)V @ 5 c2
Event: 1,160 Thread 0x00007f06482a4800 Uncommon trap: reason=unstable_if action=reinterpret pc=0x00007f0640ae7d1c method=java.net.URI.match(CJJ)Z @ 19 c2
Event: 1,512 Thread 0x00007f0648016800 Uncommon trap: reason=unstable_if action=reinterpret pc=0x00007f0640ae23e0 method=java.util.HashMap.hash(Ljava/lang/Object;)I @ 1 c2
Event: 1,512 Thread 0x00007f0648016800 Uncommon trap: reason=unstable_if action=reinterpret pc=0x00007f0640ae00b4 method=java.util.HashMap.hash(Ljava/lang/Object;)I @ 1 c2
Event: 1,647 Thread 0x00007f0648016800 Uncommon trap: reason=class_check action=maybe_recompile pc=0x00007f0640af0a0c method=java.util.HashMap.getNode(ILjava/lang/Object;)Ljava/util/HashMap$Node; @ 126 c2
Event: 1,647 Thread 0x00007f0648016800 Uncommon trap: reason=class_check action=maybe_recompile pc=0x00007f0640af095c method=java.util.HashMap.getNode(ILjava/lang/Object;)Ljava/util/HashMap$Node; @ 59 c2
Event: 1,647 Thread 0x00007f0648016800 Uncommon trap: reason=class_check action=maybe_recompile pc=0x00007f0640af0a0c method=java.util.HashMap.getNode(ILjava/lang/Object;)Ljava/util/HashMap$Node; @ 126 c2
Event: 1,648 Thread 0x00007f0648016800 Uncommon trap: reason=class_check action=maybe_recompile pc=0x00007f0640af095c method=java.util.HashMap.getNode(ILjava/lang/Object;)Ljava/util/HashMap$Node; @ 59 c2
Event: 1,704 Thread 0x00007f0648016800 Uncommon trap: reason=unstable_if action=reinterpret pc=0x00007f0640b0d050 method=jdk.internal.loader.URLClassPath.getLoader(I)Ljdk/internal/loader/URLClassPath$Loader; @ 19 c2
Event: 1,825 Thread 0x00007f0648016800 Uncommon trap: reason=unstable_if action=reinterpret pc=0x00007f0640b11720 method=java.lang.String.substring(I)Ljava/lang/String; @ 34 c2

Classes unloaded (0 events):
No events

Classes redefined (0 events):
No events

Internal exceptions (10 events):
Event: 1,797 Thread 0x00007f0648016800 Exception <a 'java/lang/NoSuchMethodError'{0x00000000b39222d8}: 'java.lang.Object java.lang.invoke.DirectMethodHandle$Holder.invokeSpecial(java.lang.Object, java.lang.Object, java.lang.Object, java.lang.Object, java.lang.Object, java.lang.Object, java.lang.Object)'> (0x00000000b39222d8) 
thrown [/home/dmitry/Downloads/LOOM/loom/src/hotspot/share/interpreter/linkResolver.cpp, line 768]
for thread 0x00007f0648016800
Event: 1,798 Thread 0x00007f0648016800 Exception <a 'java/lang/NoSuchMethodError'{0x00000000b3925328}: 'java.lang.Object java.lang.invoke.DelegatingMethodHandle$Holder.delegate(java.lang.Object, java.lang.Object, java.lang.Object, java.lang.Object, java.lang.Object, java.lang.Object)'> (0x00000000b3925328) 
thrown [/home/dmitry/Downloads/LOOM/loom/src/hotspot/share/interpreter/linkResolver.cpp, line 768]
for thread 0x00007f0648016800
Event: 1,800 Thread 0x00007f0648016800 Exception <a 'java/lang/NoSuchMethodError'{0x00000000b3928520}: 'java.lang.Object java.lang.invoke.Invokers$Holder.invokeExact_MT(java.lang.Object, java.lang.Object, java.lang.Object, java.lang.Object, java.lang.Object, java.lang.Object, java.lang.Object)'> (0x00000000b3928520) 
thrown [/home/dmitry/Downloads/LOOM/loom/src/hotspot/share/interpreter/linkResolver.cpp, line 768]
for thread 0x00007f0648016800
Event: 1,803 Thread 0x00007f0648016800 Exception <a 'java/lang/NoSuchMethodError'{0x00000000b392c0f0}: 'long java.lang.invoke.DirectMethodHandle$Holder.invokeStatic(java.lang.Object)'> (0x00000000b392c0f0) 
thrown [/home/dmitry/Downloads/LOOM/loom/src/hotspot/share/interpreter/linkResolver.cpp, line 768]
for thread 0x00007f0648016800
Event: 1,804 Thread 0x00007f0648016800 Exception <a 'java/lang/NoSuchMethodError'{0x00000000b3931930}: 'long java.lang.invoke.Invokers$Holder.invoke_MT(java.lang.Object, java.lang.Object)'> (0x00000000b3931930) 
thrown [/home/dmitry/Downloads/LOOM/loom/src/hotspot/share/interpreter/linkResolver.cpp, line 768]
for thread 0x00007f0648016800
Event: 1,809 Thread 0x00007f0648016800 Exception <a 'java/lang/NoSuchMethodError'{0x00000000b3937c70}: 'java.lang.Object java.lang.invoke.DirectMethodHandle$Holder.invokeStatic(java.lang.Object, long)'> (0x00000000b3937c70) 
thrown [/home/dmitry/Downloads/LOOM/loom/src/hotspot/share/interpreter/linkResolver.cpp, line 768]
for thread 0x00007f0648016800
Event: 1,843 Thread 0x00007f0648016800 Exception <a 'java/lang/NoSuchMethodError'{0x00000000b397d6e0}: 'java.lang.Object java.lang.invoke.DirectMethodHandle$Holder.invokeSpecial(java.lang.Object, java.lang.Object, long)'> (0x00000000b397d6e0) 
thrown [/home/dmitry/Downloads/LOOM/loom/src/hotspot/share/interpreter/linkResolver.cpp, line 768]
for thread 0x00007f0648016800
Event: 1,851 Thread 0x00007f0648016800 Exception <a 'java/lang/NoSuchMethodError'{0x00000000b39af240}: 'long java.lang.invoke.DirectMethodHandle$Holder.getLong(java.lang.Object, java.lang.Object)'> (0x00000000b39af240) 
thrown [/home/dmitry/Downloads/LOOM/loom/src/hotspot/share/interpreter/linkResolver.cpp, line 768]
for thread 0x00007f0648016800
Event: 1,860 Thread 0x00007f0648016800 Exception <a 'java/lang/NoSuchMethodError'{0x00000000b39b8b20}: 'java.lang.Object java.lang.invoke.Invokers$Holder.linkToTargetMethod(int, java.lang.Object)'> (0x00000000b39b8b20) 
thrown [/home/dmitry/Downloads/LOOM/loom/src/hotspot/share/interpreter/linkResolver.cpp, line 768]
for thread 0x00007f0648016800
Event: 1,881 Thread 0x00007f0648016800 Exception <a 'java/lang/NoSuchMethodError'{0x00000000b39c09e8}: 'void java.lang.invoke.DirectMethodHandle$Holder.invokeSpecial(java.lang.Object, java.lang.Object)'> (0x00000000b39c09e8) 
thrown [/home/dmitry/Downloads/LOOM/loom/src/hotspot/share/interpreter/linkResolver.cpp, line 768]
for thread 0x00007f0648016800

Events (10 events):
Event: 1,848 loading class java/lang/invoke/MethodHandles$1 done
Event: 1,848 loading class java/lang/invoke/BoundMethodHandle$Species_LLLLJ
Event: 1,848 loading class java/lang/invoke/BoundMethodHandle$Species_LLLLJ done
Event: 1,897 Thread 0x00007f06483f0000 Thread added: 0x00007f06483f0000
Event: 1,897 loading class java/util/IdentityHashMap$KeyIterator
Event: 1,898 loading class java/util/IdentityHashMap$IdentityHashMapIterator
Event: 1,898 loading class java/util/IdentityHashMap$IdentityHashMapIterator done
Event: 1,898 loading class java/util/IdentityHashMap$KeyIterator done
Event: 1,898 Thread 0x00007f0648016800 Thread exited: 0x00007f0648016800
Event: 1,898 Thread 0x00007f0648016800 Thread added: 0x00007f0648016800


Dynamic libraries:
b0000000-b5000000 rw-p 00000000 00:00 0 
b5000000-100000000 ---p 00000000 00:00 0 
100000000-100120000 rw-p 00000000 00:00 0 
100120000-140000000 ---p 00000000 00:00 0 
55640cd37000-55640cd38000 r-xp 00000000 08:01 3809121                    /home/dmitry/Downloads/LOOM/loom/build/linux-x86_64-server-release/jdk/bin/java
55640cf38000-55640cf39000 r--p 00001000 08:01 3809121                    /home/dmitry/Downloads/LOOM/loom/build/linux-x86_64-server-release/jdk/bin/java
55640cf39000-55640cf3a000 rw-p 00002000 08:01 3809121                    /home/dmitry/Downloads/LOOM/loom/build/linux-x86_64-server-release/jdk/bin/java
55640dcbf000-55640dce0000 rw-p 00000000 00:00 0                          [heap]
7f05dc000000-7f05dc021000 rw-p 00000000 00:00 0 
7f05dc021000-7f05e0000000 ---p 00000000 00:00 0 
7f05e4000000-7f05e4021000 rw-p 00000000 00:00 0 
7f05e4021000-7f05e8000000 ---p 00000000 00:00 0 
7f05e8000000-7f05e8021000 rw-p 00000000 00:00 0 
7f05e8021000-7f05ec000000 ---p 00000000 00:00 0 
7f05ec000000-7f05ec021000 rw-p 00000000 00:00 0 
7f05ec021000-7f05f0000000 ---p 00000000 00:00 0 
7f05f0000000-7f05f003d000 rw-p 00000000 00:00 0 
7f05f003d000-7f05f4000000 ---p 00000000 00:00 0 
7f05f4000000-7f05f4429000 rw-p 00000000 00:00 0 
7f05f4429000-7f05f8000000 ---p 00000000 00:00 0 
7f05f8000000-7f05f8021000 rw-p 00000000 00:00 0 
7f05f8021000-7f05fc000000 ---p 00000000 00:00 0 
7f05fc000000-7f05fc021000 rw-p 00000000 00:00 0 
7f05fc021000-7f0600000000 ---p 00000000 00:00 0 
7f0600000000-7f0600021000 rw-p 00000000 00:00 0 
7f0600021000-7f0604000000 ---p 00000000 00:00 0 
7f0604000000-7f0604670000 rw-p 00000000 00:00 0 
7f0604670000-7f0608000000 ---p 00000000 00:00 0 
7f0608000000-7f060821e000 rw-p 00000000 00:00 0 
7f060821e000-7f060c000000 ---p 00000000 00:00 0 
7f060c000000-7f060c021000 rw-p 00000000 00:00 0 
7f060c021000-7f0610000000 ---p 00000000 00:00 0 
7f0610000000-7f0610021000 rw-p 00000000 00:00 0 
7f0610021000-7f0614000000 ---p 00000000 00:00 0 
7f0614000000-7f0614021000 rw-p 00000000 00:00 0 
7f0614021000-7f0618000000 ---p 00000000 00:00 0 
7f0618000000-7f0618021000 rw-p 00000000 00:00 0 
7f0618021000-7f061c000000 ---p 00000000 00:00 0 
7f061d9c8000-7f061ddc3000 rw-p 00000000 00:00 0 
7f061ddc3000-7f061ddc7000 ---p 00000000 00:00 0 
7f061ddc7000-7f061df04000 rw-p 00000000 00:00 0 
7f061df04000-7f061e0c4000 ---p 00000000 00:00 0 
7f061e0c4000-7f061e2c4000 rw-p 00000000 00:00 0 
7f061e2c4000-7f061e2c5000 ---p 00000000 00:00 0 
7f061e2c5000-7f061e3c6000 rw-p 00000000 00:00 0 
7f061e3c6000-7f061e3c8000 r-xp 00000000 08:01 3284806                    /home/dmitry/Downloads/LOOM/loom/build/linux-x86_64-server-release/jdk/lib/libextnet.so
7f061e3c8000-7f061e5c7000 ---p 00002000 08:01 3284806                    /home/dmitry/Downloads/LOOM/loom/build/linux-x86_64-server-release/jdk/lib/libextnet.so
7f061e5c7000-7f061e5c8000 r--p 00001000 08:01 3284806                    /home/dmitry/Downloads/LOOM/loom/build/linux-x86_64-server-release/jdk/lib/libextnet.so
7f061e5c8000-7f061e5c9000 rw-p 00002000 08:01 3284806                    /home/dmitry/Downloads/LOOM/loom/build/linux-x86_64-server-release/jdk/lib/libextnet.so
7f061e5c9000-7f061e5cd000 ---p 00000000 00:00 0 
7f061e5cd000-7f061e6ca000 rw-p 00000000 00:00 0 
7f061e6ca000-7f061e6ce000 ---p 00000000 00:00 0 
7f061e6ce000-7f061e7cb000 rw-p 00000000 00:00 0 
7f061e7cb000-7f061e7cc000 ---p 00000000 00:00 0 
7f061e7cc000-7f061e8cd000 rw-p 00000000 00:00 0 
7f061e8cd000-7f061e8d1000 ---p 00000000 00:00 0 
7f061e8d1000-7f061e9ce000 rw-p 00000000 00:00 0 
7f061e9ce000-7f061e9d2000 ---p 00000000 00:00 0 
7f061e9d2000-7f061eacf000 rw-p 00000000 00:00 0 
7f061eacf000-7f061ead3000 ---p 00000000 00:00 0 
7f061ead3000-7f061ec01000 rw-p 00000000 00:00 0 
7f061ec01000-7f061ec17000 r-xp 00000000 08:01 3284773                    /home/dmitry/Downloads/LOOM/loom/build/linux-x86_64-server-release/jdk/lib/libnet.so
7f061ec17000-7f061ee17000 ---p 00016000 08:01 3284773                    /home/dmitry/Downloads/LOOM/loom/build/linux-x86_64-server-release/jdk/lib/libnet.so
7f061ee17000-7f061ee18000 r--p 00016000 08:01 3284773                    /home/dmitry/Downloads/LOOM/loom/build/linux-x86_64-server-release/jdk/lib/libnet.so
7f061ee18000-7f061ee19000 rw-p 00017000 08:01 3284773                    /home/dmitry/Downloads/LOOM/loom/build/linux-x86_64-server-release/jdk/lib/libnet.so
7f061ee19000-7f061ee2a000 r-xp 00000000 08:01 3284778                    /home/dmitry/Downloads/LOOM/loom/build/linux-x86_64-server-release/jdk/lib/libnio.so
7f061ee2a000-7f061f029000 ---p 00011000 08:01 3284778                    /home/dmitry/Downloads/LOOM/loom/build/linux-x86_64-server-release/jdk/lib/libnio.so
7f061f029000-7f061f02a000 r--p 00010000 08:01 3284778                    /home/dmitry/Downloads/LOOM/loom/build/linux-x86_64-server-release/jdk/lib/libnio.so
7f061f02a000-7f061f02b000 rw-p 00011000 08:01 3284778                    /home/dmitry/Downloads/LOOM/loom/build/linux-x86_64-server-release/jdk/lib/libnio.so
7f061f02b000-7f061f02f000 ---p 00000000 00:00 0 
7f061f02f000-7f061f12c000 rw-p 00000000 00:00 0 
7f061f12c000-7f061f130000 ---p 00000000 00:00 0 
7f061f130000-7f061f22d000 rw-p 00000000 00:00 0 
7f061f22d000-7f061f231000 ---p 00000000 00:00 0 
7f061f231000-7f061f32e000 rw-p 00000000 00:00 0 
7f061f32e000-7f061f332000 ---p 00000000 00:00 0 
7f061f332000-7f061f42f000 rw-p 00000000 00:00 0 
7f061f42f000-7f061fdfe000 r--p 00000000 08:01 10230401                   /usr/lib/locale/locale-archive
7f061fdfe000-7f061fe02000 ---p 00000000 00:00 0 
7f061fe02000-7f061feff000 rw-p 00000000 00:00 0 
7f061feff000-7f061ff03000 ---p 00000000 00:00 0 
7f061ff03000-7f0620000000 rw-p 00000000 00:00 0 
7f0620000000-7f0620021000 rw-p 00000000 00:00 0 
7f0620021000-7f0624000000 ---p 00000000 00:00 0 
7f0624000000-7f0624021000 rw-p 00000000 00:00 0 
7f0624021000-7f0628000000 ---p 00000000 00:00 0 
7f0628000000-7f0628021000 rw-p 00000000 00:00 0 
7f0628021000-7f062c000000 ---p 00000000 00:00 0 
7f062c000000-7f062c021000 rw-p 00000000 00:00 0 
7f062c021000-7f0630000000 ---p 00000000 00:00 0 
7f0630000000-7f0630021000 rw-p 00000000 00:00 0 
7f0630021000-7f0634000000 ---p 00000000 00:00 0 
7f0634000000-7f0636940000 rw-p 00000000 00:00 0 
7f0636940000-7f0637c00000 ---p 00000000 00:00 0 
7f0637c00000-7f0637d40000 rw-p 00000000 00:00 0 
7f0637d40000-7f0639000000 ---p 00000000 00:00 0 
7f0639000000-7f0639270000 rwxp 00000000 00:00 0 
7f0639270000-7f0639590000 ---p 00000000 00:00 0 
7f0639590000-7f0639800000 rwxp 00000000 00:00 0 
7f0639800000-7f0640ac8000 ---p 00000000 00:00 0 
7f0640ac8000-7f0640d38000 rwxp 00000000 00:00 0 
7f0640d38000-7f0648000000 ---p 00000000 00:00 0 
7f0648000000-7f0648479000 rw-p 00000000 00:00 0 
7f0648479000-7f064c000000 ---p 00000000 00:00 0 
7f064c02c000-7f064c02d000 ---p 00000000 00:00 0 
7f064c02d000-7f064c20a000 rw-p 00000000 00:00 0 
7f064c20a000-7f064c20b000 ---p 00000000 00:00 0 
7f064c20b000-7f064c30c000 rw-p 00000000 00:00 0 
7f064c30c000-7f064c30d000 ---p 00000000 00:00 0 
7f064c30d000-7f064c812000 rw-p 00000000 00:00 0 
7f064c812000-7f064c813000 ---p 00000000 00:00 0 
7f064c813000-7f064c914000 rw-p 00000000 00:00 0 
7f064c914000-7f064c915000 ---p 00000000 00:00 0 
7f064c915000-7f064ca16000 rw-p 00000000 00:00 0 
7f064ca16000-7f064ca17000 ---p 00000000 00:00 0 
7f064ca17000-7f064cb40000 rw-p 00000000 00:00 0 
7f064cb40000-7f064cd98000 ---p 00000000 00:00 0 
7f064cd98000-7f064cdc0000 rw-p 00000000 00:00 0 
7f064cdc0000-7f064d018000 ---p 00000000 00:00 0 
7f064d018000-7f064d040000 rw-p 00000000 00:00 0 
7f064d040000-7f064d298000 ---p 00000000 00:00 0 
7f064d298000-7f064d6a1000 rw-p 00000000 00:00 0 
7f064d6a1000-7f064d787000 ---p 00000000 00:00 0 
7f064d787000-7f064d78c000 rw-p 00000000 00:00 0 
7f064d78c000-7f064d872000 ---p 00000000 00:00 0 
7f064d872000-7f064d88d000 r-xp 00000000 08:01 3284776                    /home/dmitry/Downloads/LOOM/loom/build/linux-x86_64-server-release/jdk/lib/libjimage.so
7f064d88d000-7f064da8c000 ---p 0001b000 08:01 3284776                    /home/dmitry/Downloads/LOOM/loom/build/linux-x86_64-server-release/jdk/lib/libjimage.so
7f064da8c000-7f064da8e000 r--p 0001a000 08:01 3284776                    /home/dmitry/Downloads/LOOM/loom/build/linux-x86_64-server-release/jdk/lib/libjimage.so
7f064da8e000-7f064da8f000 rw-p 0001c000 08:01 3284776                    /home/dmitry/Downloads/LOOM/loom/build/linux-x86_64-server-release/jdk/lib/libjimage.so
7f064da8f000-7f064da96000 r-xp 00000000 08:01 3284771                    /home/dmitry/Downloads/LOOM/loom/build/linux-x86_64-server-release/jdk/lib/libzip.so
7f064da96000-7f064dc95000 ---p 00007000 08:01 3284771                    /home/dmitry/Downloads/LOOM/loom/build/linux-x86_64-server-release/jdk/lib/libzip.so
7f064dc95000-7f064dc96000 r--p 00006000 08:01 3284771                    /home/dmitry/Downloads/LOOM/loom/build/linux-x86_64-server-release/jdk/lib/libzip.so
7f064dc96000-7f064dc97000 rw-p 00007000 08:01 3284771                    /home/dmitry/Downloads/LOOM/loom/build/linux-x86_64-server-release/jdk/lib/libzip.so
7f064dc97000-7f064dca2000 r-xp 00000000 08:01 1184572                    /lib/x86_64-linux-gnu/libnss_files-2.27.so
7f064dca2000-7f064dea1000 ---p 0000b000 08:01 1184572                    /lib/x86_64-linux-gnu/libnss_files-2.27.so
7f064dea1000-7f064dea2000 r--p 0000a000 08:01 1184572                    /lib/x86_64-linux-gnu/libnss_files-2.27.so
7f064dea2000-7f064dea3000 rw-p 0000b000 08:01 1184572                    /lib/x86_64-linux-gnu/libnss_files-2.27.so
7f064dea3000-7f064dea9000 rw-p 00000000 00:00 0 
7f064dea9000-7f064dec0000 r-xp 00000000 08:01 1184566                    /lib/x86_64-linux-gnu/libnsl-2.27.so
7f064dec0000-7f064e0bf000 ---p 00017000 08:01 1184566                    /lib/x86_64-linux-gnu/libnsl-2.27.so
7f064e0bf000-7f064e0c0000 r--p 00016000 08:01 1184566                    /lib/x86_64-linux-gnu/libnsl-2.27.so
7f064e0c0000-7f064e0c1000 rw-p 00017000 08:01 1184566                    /lib/x86_64-linux-gnu/libnsl-2.27.so
7f064e0c1000-7f064e0c3000 rw-p 00000000 00:00 0 
7f064e0c3000-7f064e0ce000 r-xp 00000000 08:01 1184583                    /lib/x86_64-linux-gnu/libnss_nis-2.27.so
7f064e0ce000-7f064e2cd000 ---p 0000b000 08:01 1184583                    /lib/x86_64-linux-gnu/libnss_nis-2.27.so
7f064e2cd000-7f064e2ce000 r--p 0000a000 08:01 1184583                    /lib/x86_64-linux-gnu/libnss_nis-2.27.so
7f064e2ce000-7f064e2cf000 rw-p 0000b000 08:01 1184583                    /lib/x86_64-linux-gnu/libnss_nis-2.27.so
7f064e2cf000-7f064e2d7000 r-xp 00000000 08:01 1184568                    /lib/x86_64-linux-gnu/libnss_compat-2.27.so
7f064e2d7000-7f064e4d7000 ---p 00008000 08:01 1184568                    /lib/x86_64-linux-gnu/libnss_compat-2.27.so
7f064e4d7000-7f064e4d8000 r--p 00008000 08:01 1184568                    /lib/x86_64-linux-gnu/libnss_compat-2.27.so
7f064e4d8000-7f064e4d9000 rw-p 00009000 08:01 1184568                    /lib/x86_64-linux-gnu/libnss_compat-2.27.so
7f064e4d9000-7f064e502000 r-xp 00000000 08:01 3284770                    /home/dmitry/Downloads/LOOM/loom/build/linux-x86_64-server-release/jdk/lib/libjava.so
7f064e502000-7f064e701000 ---p 00029000 08:01 3284770                    /home/dmitry/Downloads/LOOM/loom/build/linux-x86_64-server-release/jdk/lib/libjava.so
7f064e701000-7f064e702000 r--p 00028000 08:01 3284770                    /home/dmitry/Downloads/LOOM/loom/build/linux-x86_64-server-release/jdk/lib/libjava.so
7f064e702000-7f064e704000 rw-p 00029000 08:01 3284770                    /home/dmitry/Downloads/LOOM/loom/build/linux-x86_64-server-release/jdk/lib/libjava.so
7f064e704000-7f064e711000 r-xp 00000000 08:01 3284763                    /home/dmitry/Downloads/LOOM/loom/build/linux-x86_64-server-release/jdk/lib/libverify.so
7f064e711000-7f064e910000 ---p 0000d000 08:01 3284763                    /home/dmitry/Downloads/LOOM/loom/build/linux-x86_64-server-release/jdk/lib/libverify.so
7f064e910000-7f064e912000 r--p 0000c000 08:01 3284763                    /home/dmitry/Downloads/LOOM/loom/build/linux-x86_64-server-release/jdk/lib/libverify.so
7f064e912000-7f064e913000 rw-p 0000e000 08:01 3284763                    /home/dmitry/Downloads/LOOM/loom/build/linux-x86_64-server-release/jdk/lib/libverify.so
7f064e913000-7f064eab0000 r-xp 00000000 08:01 1184545                    /lib/x86_64-linux-gnu/libm-2.27.so
7f064eab0000-7f064ecaf000 ---p 0019d000 08:01 1184545                    /lib/x86_64-linux-gnu/libm-2.27.so
7f064ecaf000-7f064ecb0000 r--p 0019c000 08:01 1184545                    /lib/x86_64-linux-gnu/libm-2.27.so
7f064ecb0000-7f064ecb1000 rw-p 0019d000 08:01 1184545                    /lib/x86_64-linux-gnu/libm-2.27.so
7f064ecb1000-7f064ffdd000 r-xp 00000000 08:01 3284761                    /home/dmitry/Downloads/LOOM/loom/build/linux-x86_64-server-release/jdk/lib/server/libjvm.so
7f064ffdd000-7f06501dc000 ---p 0132c000 08:01 3284761                    /home/dmitry/Downloads/LOOM/loom/build/linux-x86_64-server-release/jdk/lib/server/libjvm.so
7f06501dc000-7f06502a4000 r--p 0132b000 08:01 3284761                    /home/dmitry/Downloads/LOOM/loom/build/linux-x86_64-server-release/jdk/lib/server/libjvm.so
7f06502a4000-7f06502df000 rw-p 013f3000 08:01 3284761                    /home/dmitry/Downloads/LOOM/loom/build/linux-x86_64-server-release/jdk/lib/server/libjvm.so
7f06502df000-7f0650365000 rw-p 00000000 00:00 0 
7f0650365000-7f065037f000 r-xp 00000000 08:01 1184615                    /lib/x86_64-linux-gnu/libpthread-2.27.so
7f065037f000-7f065057e000 ---p 0001a000 08:01 1184615                    /lib/x86_64-linux-gnu/libpthread-2.27.so
7f065057e000-7f065057f000 r--p 00019000 08:01 1184615                    /lib/x86_64-linux-gnu/libpthread-2.27.so
7f065057f000-7f0650580000 rw-p 0001a000 08:01 1184615                    /lib/x86_64-linux-gnu/libpthread-2.27.so
7f0650580000-7f0650584000 rw-p 00000000 00:00 0 
7f0650584000-7f0650587000 r-xp 00000000 08:01 1184505                    /lib/x86_64-linux-gnu/libdl-2.27.so
7f0650587000-7f0650786000 ---p 00003000 08:01 1184505                    /lib/x86_64-linux-gnu/libdl-2.27.so
7f0650786000-7f0650787000 r--p 00002000 08:01 1184505                    /lib/x86_64-linux-gnu/libdl-2.27.so
7f0650787000-7f0650788000 rw-p 00003000 08:01 1184505                    /lib/x86_64-linux-gnu/libdl-2.27.so
7f0650788000-7f06507a4000 r-xp 00000000 08:01 1184654                    /lib/x86_64-linux-gnu/libz.so.1.2.11
7f06507a4000-7f06509a3000 ---p 0001c000 08:01 1184654                    /lib/x86_64-linux-gnu/libz.so.1.2.11
7f06509a3000-7f06509a4000 r--p 0001b000 08:01 1184654                    /lib/x86_64-linux-gnu/libz.so.1.2.11
7f06509a4000-7f06509a5000 rw-p 0001c000 08:01 1184654                    /lib/x86_64-linux-gnu/libz.so.1.2.11
7f06509a5000-7f0650b8c000 r-xp 00000000 08:01 1184482                    /lib/x86_64-linux-gnu/libc-2.27.so
7f0650b8c000-7f0650d8c000 ---p 001e7000 08:01 1184482                    /lib/x86_64-linux-gnu/libc-2.27.so
7f0650d8c000-7f0650d90000 r--p 001e7000 08:01 1184482                    /lib/x86_64-linux-gnu/libc-2.27.so
7f0650d90000-7f0650d92000 rw-p 001eb000 08:01 1184482                    /lib/x86_64-linux-gnu/libc-2.27.so
7f0650d92000-7f0650d96000 rw-p 00000000 00:00 0 
7f0650d96000-7f0650da6000 r-xp 00000000 08:01 3284765                    /home/dmitry/Downloads/LOOM/loom/build/linux-x86_64-server-release/jdk/lib/libjli.so
7f0650da6000-7f0650fa5000 ---p 00010000 08:01 3284765                    /home/dmitry/Downloads/LOOM/loom/build/linux-x86_64-server-release/jdk/lib/libjli.so
7f0650fa5000-7f0650fa6000 r--p 0000f000 08:01 3284765                    /home/dmitry/Downloads/LOOM/loom/build/linux-x86_64-server-release/jdk/lib/libjli.so
7f0650fa6000-7f0650fa7000 rw-p 00010000 08:01 3284765                    /home/dmitry/Downloads/LOOM/loom/build/linux-x86_64-server-release/jdk/lib/libjli.so
7f0650fa7000-7f0650fce000 r-xp 00000000 08:01 1184454                    /lib/x86_64-linux-gnu/ld-2.27.so
7f0650ffb000-7f06510ae000 rw-p 00000000 00:00 0 
7f06510ae000-7f06510b5000 ---p 00000000 00:00 0 
7f06510b5000-7f06510b9000 ---p 00000000 00:00 0 
7f06510b9000-7f06511b8000 rw-p 00000000 00:00 0 
7f06511c1000-7f06511c9000 rw-s 00000000 08:01 524325                     /tmp/hsperfdata_dmitry/27327
7f06511c9000-7f06511ca000 ---p 00000000 00:00 0 
7f06511ca000-7f06511cb000 r--p 00000000 00:00 0 
7f06511cb000-7f06511cc000 ---p 00000000 00:00 0 
7f06511cc000-7f06511ce000 rw-p 00000000 00:00 0 
7f06511ce000-7f06511cf000 r--p 00027000 08:01 1184454                    /lib/x86_64-linux-gnu/ld-2.27.so
7f06511cf000-7f06511d0000 rw-p 00028000 08:01 1184454                    /lib/x86_64-linux-gnu/ld-2.27.so
7f06511d0000-7f06511d1000 rw-p 00000000 00:00 0 
7ffd6a008000-7ffd6a02b000 rw-p 00000000 00:00 0                          [stack]
7ffd6a0a8000-7ffd6a0ab000 r--p 00000000 00:00 0                          [vvar]
7ffd6a0ab000-7ffd6a0ad000 r-xp 00000000 00:00 0                          [vdso]
ffffffffff600000-ffffffffff601000 r-xp 00000000 00:00 0                  [vsyscall]


VM Arguments:
jvm_args: -Didea.launcher.port=16503 -Didea.launcher.bin.path=/home/dmitry/Downloads/idea-IC-183.5912.21/bin -Dfile.encoding=UTF-8 
java_command: com.intellij.rt.execution.application.AppMainV2 Main
java_class_path (initial): /home/dmitry/Downloads/LOOM/loom/build/linux-x86_64-server-release/jdk/modules/java.base:/home/dmitry/Downloads/LOOM/loom/build/linux-x86_64-server-release/jdk/modules/java.compiler:/home/dmitry/Downloads/LOOM/loom/build/linux-x86_64-server-release/jdk/modules/java.datatransfer:/home/dmitry/Downloads/LOOM/loom/build/linux-x86_64-server-release/jdk/modules/java.desktop:/home/dmitry/Downloads/LOOM/loom/build/linux-x86_64-server-release/jdk/modules/java.instrument:/home/dmitry/Downloads/LOOM/loom/build/linux-x86_64-server-release/jdk/modules/java.logging:/home/dmitry/Downloads/LOOM/loom/build/linux-x86_64-server-release/jdk/modules/java.management:/home/dmitry/Downloads/LOOM/loom/build/linux-x86_64-server-release/jdk/modules/java.management.rmi:/home/dmitry/Downloads/LOOM/loom/build/linux-x86_64-server-release/jdk/modules/java.naming:/home/dmitry/Downloads/LOOM/loom/build/linux-x86_64-server-release/jdk/modules/java.net.http:/home/dmitry/Downloads/LOOM/loom/build/linux-x86_64-server-release/jdk/modules/java.prefs:/home/dmitry/Downloads/LOOM/loom/build/linux-x86_64-server-release/jdk/modules/java.rmi:/home/dmitry/Downloads/LOOM/loom/build/linux-x86_64-server-release/jdk/modules/java.scripting:/home/dmitry/Downloads/LOOM/loom/build/linux-x86_64-server-release/jdk/modules/java.se:/home/dmitry/Downloads/LOOM/loom/build/linux-x86_64-server-release/jdk/modules/java.security.jgss:/home/dmitry/Downloads/LOOM/loom/build/linux-x86_64-server-release/jdk/modules/java.security.sasl:/home/dmitry/Downloads/LOOM/loom/build/linux-x86_64-server-release/jdk/modules/java.smartcardio:/home/dmitry/Downloads/LOOM/loom/build/linux-x86_64-server-release/jdk/modules/java.sql:/home/dmitry/Downloads/LOOM/loom/build/linux-x86_64-server-release/jdk/modules/java.sql.rowset:/home/dmitry/Downloads/LOOM/loom/build/linux-x86_64-server-release/jdk/modules/java.transaction.xa:/home/dmitry/Downloads/LOOM/loom/build/linux-x86_64-server-release/jdk/modules/java.xml:/home/dmitry/D
Launcher Type: SUN_STANDARD

[Global flags]
     intx CICompilerCount                          = 3                                         {product} {ergonomic}
     uint ConcGCThreads                            = 1                                         {product} {ergonomic}
     uint G1ConcRefinementThreads                  = 4                                         {product} {ergonomic}
   size_t G1HeapRegionSize                         = 1048576                                   {product} {ergonomic}
    uintx GCDrainStackTargetSize                   = 64                                        {product} {ergonomic}
   size_t InitialHeapSize                          = 83886080                                  {product} {ergonomic}
   size_t MarkStackSize                            = 4194304                                   {product} {ergonomic}
   size_t MaxHeapSize                              = 1342177280                                {product} {ergonomic}
   size_t MaxNewSize                               = 805306368                                 {product} {ergonomic}
   size_t MinHeapDeltaBytes                        = 1048576                                   {product} {ergonomic}
    uintx NonNMethodCodeHeapSize                   = 5830732                                {pd product} {ergonomic}
    uintx NonProfiledCodeHeapSize                  = 122913754                              {pd product} {ergonomic}
    uintx ProfiledCodeHeapSize                     = 122913754                              {pd product} {ergonomic}
    uintx ReservedCodeCacheSize                    = 251658240                              {pd product} {ergonomic}
     bool SegmentedCodeCache                       = true                                      {product} {ergonomic}
     bool UseCompressedClassPointers               = true                                 {lp64_product} {ergonomic}
     bool UseCompressedOops                        = true                                 {lp64_product} {ergonomic}
     bool UseG1GC                                  = true                                      {product} {ergonomic}

Logging:
Log output configuration:
 #0: stdout all=warning uptime,level,tags
 #1: stderr all=off uptime,level,tags

Environment Variables:
JAVA_HOME=/home/dmitry/usr/local/java/jdk1.8.0
PATH=/bin:/bin:/usr/local/sbin:/usr/local/bin:/usr/sbin:/usr/bin:/sbin:/bin:/usr/games:/usr/local/games:/snap/bin
USERNAME=dmitry
SHELL=/bin/bash
DISPLAY=:0

Signal Handlers:
SIGSEGV: [libjvm.so+0xfe38e0], sa_mask[0]=11111111011111111101111111111110, sa_flags=SA_RESTART|SA_SIGINFO
SIGBUS: [libjvm.so+0xfe38e0], sa_mask[0]=11111111011111111101111111111110, sa_flags=SA_RESTART|SA_SIGINFO
SIGFPE: [libjvm.so+0xfe38e0], sa_mask[0]=11111111011111111101111111111110, sa_flags=SA_RESTART|SA_SIGINFO
SIGPIPE: [libjvm.so+0xc81160], sa_mask[0]=11111111011111111101111111111110, sa_flags=SA_RESTART|SA_SIGINFO
SIGXFSZ: [libjvm.so+0xc81160], sa_mask[0]=11111111011111111101111111111110, sa_flags=SA_RESTART|SA_SIGINFO
SIGILL: [libjvm.so+0xfe38e0], sa_mask[0]=11111111011111111101111111111110, sa_flags=SA_RESTART|SA_SIGINFO
SIGUSR2: [libjvm.so+0xc81000], sa_mask[0]=00100000000000000000000000000000, sa_flags=SA_RESTART|SA_SIGINFO
SIGHUP: [libjvm.so+0xc81600], sa_mask[0]=11111111011111111101111111111110, sa_flags=SA_RESTART|SA_SIGINFO
SIGINT: [libjvm.so+0xc81600], sa_mask[0]=11111111011111111101111111111110, sa_flags=SA_RESTART|SA_SIGINFO
SIGTERM: [libjvm.so+0xc81600], sa_mask[0]=11111111011111111101111111111110, sa_flags=SA_RESTART|SA_SIGINFO
SIGQUIT: [libjvm.so+0xc81600], sa_mask[0]=11111111011111111101111111111110, sa_flags=SA_RESTART|SA_SIGINFO


---------------  S Y S T E M  ---------------

OS:DISTRIB_ID=Ubuntu
DISTRIB_RELEASE=18.04
DISTRIB_CODENAME=bionic
DISTRIB_DESCRIPTION="Ubuntu 18.04.2 LTS"
uname:Linux 4.18.0-18-generic #19~18.04.1-Ubuntu SMP Fri Apr 5 10:22:13 UTC 2019 x86_64
libc:glibc 2.27 NPTL 2.27 
rlimit: STACK 8192k, CORE 0k, NPROC 20276, NOFILE 4096, AS infinity, DATA infinity, FSIZE infinity
load average:1,87 2,75 3,81

/proc/meminfo:
MemTotal:        5234996 kB
MemFree:          693944 kB
MemAvailable:    3175852 kB
Buffers:           53428 kB
Cached:          2638184 kB
SwapCached:       101524 kB
Active:          1966248 kB
Inactive:        2281104 kB
Active(anon):     930108 kB
Inactive(anon):   699936 kB
Active(file):    1036140 kB
Inactive(file):  1581168 kB
Unevictable:          32 kB
Mlocked:              32 kB
SwapTotal:       2097148 kB
SwapFree:        1084412 kB
Dirty:             16592 kB
Writeback:             0 kB
AnonPages:       1541148 kB
Mapped:           153628 kB
Shmem:             74304 kB
Slab:             185888 kB
SReclaimable:     143204 kB
SUnreclaim:        42684 kB
KernelStack:        9472 kB
PageTables:        35516 kB
NFS_Unstable:          0 kB
Bounce:                0 kB
WritebackTmp:          0 kB
CommitLimit:     4714644 kB
Committed_AS:    5689768 kB
VmallocTotal:   34359738367 kB
VmallocUsed:           0 kB
VmallocChunk:          0 kB
HardwareCorrupted:     0 kB
AnonHugePages:         0 kB
ShmemHugePages:        0 kB
ShmemPmdMapped:        0 kB
CmaTotal:              0 kB
CmaFree:               0 kB
HugePages_Total:       0
HugePages_Free:        0
HugePages_Rsvd:        0
HugePages_Surp:        0
Hugepagesize:       2048 kB
Hugetlb:               0 kB
DirectMap4k:      153536 kB
DirectMap2M:     5257216 kB


/proc/sys/kernel/threads-max (system-wide limit on the number of threads):
40552


/proc/sys/vm/max_map_count (maximum number of memory map areas a process may have):
65530


/proc/sys/kernel/pid_max (system-wide limit on number of process identifiers):
32768



container (cgroup) information:
container_type: cgroupv1
cpu_cpuset_cpus: 0-3
cpu_memory_nodes: 0
active_processor_count: 4
cpu_quota: no quota
cpu_period: 100000
cpu_shares: no shares
memory_limit_in_bytes: unlimited
memory_and_swap_limit_in_bytes: not supported
memory_soft_limit_in_bytes: unlimited
memory_usage_in_bytes: 4345327616
memory_max_usage_in_bytes: 3952640

KVM virtualization detected
Steal ticks since vm start: 0
Steal ticks percentage since vm start:  0,000

CPU:total 4 (initial active 4) (4 cores per cpu, 1 threads per core) family 6 model 60 stepping 3, cmov, cx8, fxsr, mmx, sse, sse2, sse3, ssse3, sse4.1, sse4.2, popcnt, avx, avx2, aes, clmul, lzcnt, tsc, tscinvbit
CPU Model and flags from /proc/cpuinfo:
model name	: Intel(R) Core(TM) i7-4700HQ CPU @ 2.40GHz
flags		: fpu vme de pse tsc msr pae mce cx8 apic sep mtrr pge mca cmov pat pse36 clflush mmx fxsr sse sse2 ht syscall nx rdtscp lm constant_tsc rep_good nopl xtopology nonstop_tsc cpuid tsc_known_freq pni pclmulqdq ssse3 cx16 pcid sse4_1 sse4_2 x2apic movbe popcnt aes xsave avx rdrand hypervisor lahf_lm abm invpcid_single pti fsgsbase avx2 invpcid flush_l1d

Memory: 4k page, physical 5234996k(693944k free), swap 2097148k(1084412k free)

vm_info: OpenJDK 64-Bit Server VM (13-internal+0-adhoc.dmitry.loom) for linux-amd64 JRE (13-internal+0-adhoc.dmitry.loom), built on May 15 2019 03:47:32 by "dmitry" with gcc 7.4.0

END.
