#
# A fatal error has been detected by the Java Runtime Environment:
#
#  SIGSEGV (0xb) at pc=0x00007f4a02fdccd7, pid=27397, tid=27439
#
# JRE version: OpenJDK Runtime Environment (13.0) (build 13-internal+0-adhoc.dmitry.loom)
# Java VM: OpenJDK 64-Bit Server VM (13-internal+0-adhoc.dmitry.loom, mixed mode, tiered, compressed oops, g1 gc, linux-amd64)
# Problematic frame:
# V  [libjvm.so+0x681cd7]  ContMirror::last_frame()+0xe7
#
# Core dump will be written. Default location: Core dumps may be processed with "/usr/share/apport/apport %p %s %c %d %P" (or dumping to /home/dmitry/Downloads/ContinuationSender/core.27397)
#
# If you would like to submit a bug report, please visit:
#   http://bugreport.java.com/bugreport/crash.jsp
#

---------------  S U M M A R Y ------------

Command Line: -Didea.launcher.port=11573 -Didea.launcher.bin.path=/home/dmitry/Downloads/idea-IC-183.5912.21/bin -Dfile.encoding=UTF-8 com.intellij.rt.execution.application.AppMainV2 Main

Host: Intel(R) Core(TM) i7-4700HQ CPU @ 2.40GHz, 4 cores, 4G, Ubuntu 18.04.2 LTS
Time: Wed May 15 04:00:26 2019 MSK elapsed time: 2 seconds (0d 0h 0m 2s)

---------------  T H R E A D  ---------------

Current thread (0x00007f49fc3bf800):  JavaThread "Thread-0" [_thread_in_Java, id=27439, stack(0x00007f49d19f8000,0x00007f49d1af9000)]

Stack: [0x00007f49d19f8000,0x00007f49d1af9000],  sp=0x00007f49d1af6160,  free space=1016k
Native frames: (J=compiled Java code, A=aot compiled Java code, j=interpreted, Vv=VM code, C=native code)
V  [libjvm.so+0x681cd7]  ContMirror::last_frame()+0xe7
V  [libjvm.so+0x6896b6]  thaw1(JavaThread*, FrameInfo*, bool)+0x246
V  [libjvm.so+0x689d55]  Continuation::thaw_leaf(FrameInfo*, bool, bool)+0x45
v  ~BufferBlob::StubRoutines (3)
j  java.lang.Continuation.run()V+113 java.base
j  Deserializer$$Lambda$66.run()V+4
j  java.lang.Thread.run()V+11 java.base
v  ~StubRoutines::call_stub
V  [libjvm.so+0x8bcf09]  JavaCalls::call_helper(JavaValue*, methodHandle const&, JavaCallArguments*, Thread*)+0x3c9
V  [libjvm.so+0x8baf25]  JavaCalls::call_virtual(JavaValue*, Handle, Klass*, Symbol*, Symbol*, Thread*)+0x1e5
V  [libjvm.so+0x965d9c]  thread_entry(JavaThread*, Thread*)+0x6c
V  [libjvm.so+0xf73852]  JavaThread::run()+0x232
V  [libjvm.so+0xf715cd]  Thread::call_run()+0x10d
V  [libjvm.so+0xc8b937]  thread_native_entry(Thread*)+0xe7


siginfo: si_signo: 11 (SIGSEGV), si_code: 1 (SEGV_MAPERR), si_addr: 0x00007f2fa90169b0

Register to memory mapping:

RAX=0x0000000000000012 is an unknown value
RBX=0x00007f49d1af6210 is pointing into the stack for thread: 0x00007f49fc3bf800
RCX=0x00007f49ed013c80 is pointing into interpreter code (not bytecode specific)
RDX=0x00007f49fc0c8750 points into unknown readable memory: 30 87 0c fc 49 7f 00 00
RSP=0x00007f49d1af6160 is pointing into the stack for thread: 0x00007f49fc3bf800
RBP=0x00007f49d1af6180 is pointing into the stack for thread: 0x00007f49fc3bf800
RSI=0x0000000000000010 is an unknown value
RDI=0x00007f2fa90169b0 is an unknown value
R8 ={method} {0x00007f49d387fcc8} 'doContinue' '()V' in 'java/lang/Continuation'
R9 =0x0000000000000004 is an unknown value
R10=0x00007f4a03ffc300: <offset 0x00000000016a1300> in /home/dmitry/Downloads/LOOM/loom/build/linux-x86_64-server-release/jdk/lib/server/libjvm.so at 0x00007f4a0295b000
R11=0x00007f49d1af7640 is pointing into the stack for thread: 0x00007f49fc3bf800
R12=0x00007f49d1af6310 is pointing into the stack for thread: 0x00007f49fc3bf800
R13=0x00007f49d1af6310 is pointing into the stack for thread: 0x00007f49fc3bf800
R14=0x0000000000002710 is an unknown value
R15=0x00007f49d1af6210 is pointing into the stack for thread: 0x00007f49fc3bf800


Registers:
RAX=0x0000000000000012, RBX=0x00007f49d1af6210, RCX=0x00007f49ed013c80, RDX=0x00007f49fc0c8750
RSP=0x00007f49d1af6160, RBP=0x00007f49d1af6180, RSI=0x0000000000000010, RDI=0x00007f2fa90169b0
R8 =0x00007f49d387fcc8, R9 =0x0000000000000004, R10=0x00007f4a03ffc300, R11=0x00007f49d1af7640
R12=0x00007f49d1af6310, R13=0x00007f49d1af6310, R14=0x0000000000002710, R15=0x00007f49d1af6210
RIP=0x00007f4a02fdccd7, EFLAGS=0x0000000000010287, CSGSFS=0x002b000000000033, ERR=0x0000000000000004
  TRAPNO=0x000000000000000e

Top of Stack: (sp=0x00007f49d1af6160)
0x00007f49d1af6160:   00007f49d1af6180 0000000002fdef96
0x00007f49d1af6170:   00007f49d1af7640 00007f49fc3bcb90
0x00007f49d1af6180:   00007f49d1af7600 00007f4a02fe46b6
0x00007f49d1af6190:   00000000000003d8 00007f49fc3bf800 

Instructions: (pc=0x00007f4a02fdccd7)
0x00007f4a02fdcbd7:   00 48 0f 44 c6 3b 14 01 0f 9d c0 5d c3 66 90 66
0x00007f4a02fdcbe7:   2e 0f 1f 84 00 00 00 00 00 55 48 89 e5 41 54 53
0x00007f4a02fdcbf7:   48 89 fb 48 83 ec 10 8b 56 28 85 d2 78 24 48 8d
0x00007f4a02fdcc07:   05 d0 eb fd 00 48 8b 4e 40 49 89 f4 be 10 00 00
0x00007f4a02fdcc17:   00 80 38 00 b8 0c 00 00 00 48 0f 44 c6 3b 14 01
0x00007f4a02fdcc27:   7c 47 48 c7 03 ff ff ff ff 48 c7 43 08 00 00 00
0x00007f4a02fdcc37:   00 48 c7 43 10 00 00 00 00 48 c7 43 18 00 00 00
0x00007f4a02fdcc47:   00 48 c7 43 20 00 00 00 00 c6 43 28 01 48 c7 43
0x00007f4a02fdcc57:   30 00 00 00 00 48 83 c4 10 48 89 d8 5b 41 5c 5d
0x00007f4a02fdcc67:   c3 0f 1f 84 00 00 00 00 00 49 8b 7c 24 38 49 8b
0x00007f4a02fdcc77:   44 24 30 41 8b 4c 24 60 89 13 48 8d 15 88 c3 fa
0x00007f4a02fdcc87:   00 48 c7 43 20 00 00 00 00 48 89 43 08 48 89 7b
0x00007f4a02fdcc97:   10 89 4b 04 48 8b 12 48 85 d2 74 19 48 8b 4a 08
0x00007f4a02fdcca7:   48 39 cf 72 10 48 63 52 14 48 01 d1 48 39 cf 0f
0x00007f4a02fdccb7:   82 8c 00 00 00 c6 43 28 00 48 c7 43 30 00 00 00
0x00007f4a02fdccc7:   00 48 c7 43 18 00 00 00 00 c7 45 ec 00 00 00 00
0x00007f4a02fdccd7:   81 3f 0f 1f 84 00 0f 85 e5 00 00 00 48 85 ff 0f
0x00007f4a02fdcce7:   84 dc 00 00 00 8b 47 04 85 c0 0f 84 80 00 00 00
0x00007f4a02fdccf7:   48 8d 15 ea 72 f7 00 25 ff ff ff 00 48 29 c7 48
0x00007f4a02fdcd07:   89 f8 48 8b 12 0f 18 0c 17 48 8d 4f 50 0f 18 0c
0x00007f4a02fdcd17:   11 48 8d 8f 88 00 00 00 0f 18 0c 11 48 89 7b 18
0x00007f4a02fdcd27:   48 63 40 1c 48 63 13 48 c1 e0 03 48 8d 44 90 f0
0x00007f4a02fdcd37:   49 03 44 24 50 48 89 43 30 e9 17 ff ff ff 0f 1f
0x00007f4a02fdcd47:   00 c6 43 28 01 48 c7 43 30 00 00 00 00 48 c7 43
0x00007f4a02fdcd57:   18 00 00 00 00 49 8b 54 24 50 48 98 48 8d 04 82
0x00007f4a02fdcd67:   48 89 43 30 48 83 c4 10 48 89 d8 5b 41 5c 5d c3
0x00007f4a02fdcd77:   48 8d 55 ec 48 89 fe e8 ed 4a f7 ff 0f b6 73 28
0x00007f4a02fdcd87:   66 0f 1f 84 00 00 00 00 00 48 8d 15 51 72 f7 00
0x00007f4a02fdcd97:   48 8b 12 0f 18 0c 10 48 8d 48 50 0f 18 0c 11 48
0x00007f4a02fdcda7:   8d 88 88 00 00 00 0f 18 0c 11 40 84 f6 48 89 43
0x00007f4a02fdcdb7:   18 0f 84 69 ff ff ff 48 8b 43 08 eb 98 0f 1f 40
0x00007f4a02fdcdc7:   00 e8 03 0b f7 ff 0f b6 73 28 eb bd 0f 1f 00 66 


Stack slot to memory mapping:
stack at sp + 0 slots: 0x00007f49d1af6180 is pointing into the stack for thread: 0x00007f49fc3bf800
stack at sp + 1 slots: 0x0000000002fdef96 is an unknown value
stack at sp + 2 slots: 0x00007f49d1af7640 is pointing into the stack for thread: 0x00007f49fc3bf800
stack at sp + 3 slots: 0x00007f49fc3bcb90 points into unknown readable memory: 02 00 00 00 00 00 00 00
stack at sp + 4 slots: 0x00007f49d1af7600 is pointing into the stack for thread: 0x00007f49fc3bf800
stack at sp + 5 slots: 0x00007f4a02fe46b6: <offset 0x00000000006896b6> in /home/dmitry/Downloads/LOOM/loom/build/linux-x86_64-server-release/jdk/lib/server/libjvm.so at 0x00007f4a0295b000
stack at sp + 6 slots: 0x00000000000003d8 is an unknown value
stack at sp + 7 slots: 0x00007f49fc3bf800 is a thread


---------------  P R O C E S S  ---------------

Threads class SMR info:
_java_thread_list=0x00007f49fc3c0a30, length=13, elements={
0x00007f49fc13b000, 0x00007f49fc13e000, 0x00007f49fc160800, 0x00007f49fc165000,
0x00007f49fc167000, 0x00007f49fc169000, 0x00007f49fc181800, 0x00007f49b40ba800,
0x00007f49fc29f800, 0x00007f49bc001000, 0x00007f49fc2ed800, 0x00007f49fc3bf800,
0x00007f49fc016800
}

Java Threads: ( => current thread )
  0x00007f49fc13b000 JavaThread "Reference Handler" daemon [_thread_blocked, id=27412, stack(0x00007f49e8378000,0x00007f49e8479000)]
  0x00007f49fc13e000 JavaThread "Finalizer" daemon [_thread_blocked, id=27414, stack(0x00007f49e8277000,0x00007f49e8378000)]
  0x00007f49fc160800 JavaThread "Signal Dispatcher" daemon [_thread_blocked, id=27417, stack(0x00007f49e8176000,0x00007f49e8277000)]
  0x00007f49fc165000 JavaThread "C2 CompilerThread0" daemon [_thread_blocked, id=27418, stack(0x00007f49e8075000,0x00007f49e8176000)]
  0x00007f49fc167000 JavaThread "C1 CompilerThread0" daemon [_thread_blocked, id=27419, stack(0x00007f49d2d30000,0x00007f49d2e31000)]
  0x00007f49fc169000 JavaThread "Sweeper thread" daemon [_thread_blocked, id=27420, stack(0x00007f49d2c2f000,0x00007f49d2d30000)]
  0x00007f49fc181800 JavaThread "Common-Cleaner" daemon [_thread_blocked, id=27425, stack(0x00007f49d2704000,0x00007f49d2805000)]
  0x00007f49b40ba800 JavaThread "C2 CompilerThread1" daemon [_thread_blocked, id=27428, stack(0x00007f49d2603000,0x00007f49d2704000)]
  0x00007f49fc29f800 JavaThread "Service Thread" daemon [_thread_blocked, id=27429, stack(0x00007f49d2502000,0x00007f49d2603000)]
  0x00007f49bc001000 JavaThread "Attach Listener" daemon [_thread_blocked, id=27433, stack(0x00007f49d22ff000,0x00007f49d2400000)]
  0x00007f49fc2ed800 JavaThread "Monitor Ctrl-Break" daemon [_thread_in_native, id=27434, stack(0x00007f49d21fe000,0x00007f49d22ff000)]
=>0x00007f49fc3bf800 JavaThread "Thread-0" [_thread_in_Java, id=27439, stack(0x00007f49d19f8000,0x00007f49d1af9000)]
  0x00007f49fc016800 JavaThread "DestroyJavaVM" [_thread_blocked, id=27400, stack(0x00007f4a04d5f000,0x00007f4a04e60000)]

Other Threads:
  0x00007f49fc12f000 VMThread "VM Thread" [stack: 0x00007f49e847b000,0x00007f49e857b000] [id=27411]
  0x00007f49fc2a6000 WatcherThread [stack: 0x00007f49d2402000,0x00007f49d2502000] [id=27431]
  0x00007f49fc05a800 GCTaskThread "GC Thread#0" [stack: 0x00007f4a006c2000,0x00007f4a007c2000] [id=27401]
  0x00007f49cc001000 GCTaskThread "GC Thread#1" [stack: 0x00007f49d1efb000,0x00007f49d1ffb000] [id=27436]
  0x00007f49fc064000 ConcurrentGCThread "G1 Main Marker" [stack: 0x00007f4a005c0000,0x00007f4a006c0000] [id=27402]
  0x00007f49fc066000 ConcurrentGCThread "G1 Conc#0" [stack: 0x00007f4a004be000,0x00007f4a005be000] [id=27403]
  0x00007f49fc0ba800 ConcurrentGCThread "G1 Refine#0" [stack: 0x00007f49e8700000,0x00007f49e8800000] [id=27404]
  0x00007f49fc0bc000 ConcurrentGCThread "G1 Young RemSet Sampling" [stack: 0x00007f49e85fe000,0x00007f49e86fe000] [id=27406]

Threads with active compile tasks:

VM state:not at safepoint (normal execution)

VM Mutex/Monitor currently owned by a thread: None

Heap address: 0x00000000b0000000, size: 1280 MB, Compressed Oops mode: 32-bit
Narrow klass base: 0x0000000000000000, Narrow klass shift: 3
Compressed class space size: 1073741824 Address: 0x0000000100000000

Heap:
 garbage-first heap   total 81920K, used 23087K [0x00000000b0000000, 0x0000000100000000)
  region size 1024K, 24 young (24576K), 2 survivors (2048K)
 Metaspace       used 11303K, capacity 11509K, committed 11648K, reserved 1060864K
  class space    used 1041K, capacity 1126K, committed 1152K, reserved 1048576K
Heap Regions: E=young(eden), S=young(survivor), O=old, HS=humongous(starts), HC=humongous(continues), CS=collection set, F=free, A=archive, TAMS=top-at-mark-start (previous, next)
|   0|0x00000000b0000000, 0x00000000b0000000, 0x00000000b0100000|  0%| F|  |TAMS 0x00000000b0000000, 0x00000000b0000000| Untracked 
|   1|0x00000000b0100000, 0x00000000b0100000, 0x00000000b0200000|  0%| F|  |TAMS 0x00000000b0100000, 0x00000000b0100000| Untracked 
|   2|0x00000000b0200000, 0x00000000b0200000, 0x00000000b0300000|  0%| F|  |TAMS 0x00000000b0200000, 0x00000000b0200000| Untracked 
|   3|0x00000000b0300000, 0x00000000b0300000, 0x00000000b0400000|  0%| F|  |TAMS 0x00000000b0300000, 0x00000000b0300000| Untracked 
|   4|0x00000000b0400000, 0x00000000b0400000, 0x00000000b0500000|  0%| F|  |TAMS 0x00000000b0400000, 0x00000000b0400000| Untracked 
|   5|0x00000000b0500000, 0x00000000b0500000, 0x00000000b0600000|  0%| F|  |TAMS 0x00000000b0500000, 0x00000000b0500000| Untracked 
|   6|0x00000000b0600000, 0x00000000b0600000, 0x00000000b0700000|  0%| F|  |TAMS 0x00000000b0600000, 0x00000000b0600000| Untracked 
|   7|0x00000000b0700000, 0x00000000b0700000, 0x00000000b0800000|  0%| F|  |TAMS 0x00000000b0700000, 0x00000000b0700000| Untracked 
|   8|0x00000000b0800000, 0x00000000b0800000, 0x00000000b0900000|  0%| F|  |TAMS 0x00000000b0800000, 0x00000000b0800000| Untracked 
|   9|0x00000000b0900000, 0x00000000b0900000, 0x00000000b0a00000|  0%| F|  |TAMS 0x00000000b0900000, 0x00000000b0900000| Untracked 
|  10|0x00000000b0a00000, 0x00000000b0a00000, 0x00000000b0b00000|  0%| F|  |TAMS 0x00000000b0a00000, 0x00000000b0a00000| Untracked 
|  11|0x00000000b0b00000, 0x00000000b0b00000, 0x00000000b0c00000|  0%| F|  |TAMS 0x00000000b0b00000, 0x00000000b0b00000| Untracked 
|  12|0x00000000b0c00000, 0x00000000b0c00000, 0x00000000b0d00000|  0%| F|  |TAMS 0x00000000b0c00000, 0x00000000b0c00000| Untracked 
|  13|0x00000000b0d00000, 0x00000000b0d00000, 0x00000000b0e00000|  0%| F|  |TAMS 0x00000000b0d00000, 0x00000000b0d00000| Untracked 
|  14|0x00000000b0e00000, 0x00000000b0e00000, 0x00000000b0f00000|  0%| F|  |TAMS 0x00000000b0e00000, 0x00000000b0e00000| Untracked 
|  15|0x00000000b0f00000, 0x00000000b0f00000, 0x00000000b1000000|  0%| F|  |TAMS 0x00000000b0f00000, 0x00000000b0f00000| Untracked 
|  16|0x00000000b1000000, 0x00000000b1000000, 0x00000000b1100000|  0%| F|  |TAMS 0x00000000b1000000, 0x00000000b1000000| Untracked 
|  17|0x00000000b1100000, 0x00000000b1100000, 0x00000000b1200000|  0%| F|  |TAMS 0x00000000b1100000, 0x00000000b1100000| Untracked 
|  18|0x00000000b1200000, 0x00000000b1200000, 0x00000000b1300000|  0%| F|  |TAMS 0x00000000b1200000, 0x00000000b1200000| Untracked 
|  19|0x00000000b1300000, 0x00000000b1300000, 0x00000000b1400000|  0%| F|  |TAMS 0x00000000b1300000, 0x00000000b1300000| Untracked 
|  20|0x00000000b1400000, 0x00000000b1400000, 0x00000000b1500000|  0%| F|  |TAMS 0x00000000b1400000, 0x00000000b1400000| Untracked 
|  21|0x00000000b1500000, 0x00000000b1500000, 0x00000000b1600000|  0%| F|  |TAMS 0x00000000b1500000, 0x00000000b1500000| Untracked 
|  22|0x00000000b1600000, 0x00000000b1600000, 0x00000000b1700000|  0%| F|  |TAMS 0x00000000b1600000, 0x00000000b1600000| Untracked 
|  23|0x00000000b1700000, 0x00000000b1700000, 0x00000000b1800000|  0%| F|  |TAMS 0x00000000b1700000, 0x00000000b1700000| Untracked 
|  24|0x00000000b1800000, 0x00000000b1800000, 0x00000000b1900000|  0%| F|  |TAMS 0x00000000b1800000, 0x00000000b1800000| Untracked 
|  25|0x00000000b1900000, 0x00000000b1900000, 0x00000000b1a00000|  0%| F|  |TAMS 0x00000000b1900000, 0x00000000b1900000| Untracked 
|  26|0x00000000b1a00000, 0x00000000b1a00000, 0x00000000b1b00000|  0%| F|  |TAMS 0x00000000b1a00000, 0x00000000b1a00000| Untracked 
|  27|0x00000000b1b00000, 0x00000000b1b00000, 0x00000000b1c00000|  0%| F|  |TAMS 0x00000000b1b00000, 0x00000000b1b00000| Untracked 
|  28|0x00000000b1c00000, 0x00000000b1c00000, 0x00000000b1d00000|  0%| F|  |TAMS 0x00000000b1c00000, 0x00000000b1c00000| Untracked 
|  29|0x00000000b1d00000, 0x00000000b1d00000, 0x00000000b1e00000|  0%| F|  |TAMS 0x00000000b1d00000, 0x00000000b1d00000| Untracked 
|  30|0x00000000b1e00000, 0x00000000b1e00000, 0x00000000b1f00000|  0%| F|  |TAMS 0x00000000b1e00000, 0x00000000b1e00000| Untracked 
|  31|0x00000000b1f00000, 0x00000000b1f00000, 0x00000000b2000000|  0%| F|  |TAMS 0x00000000b1f00000, 0x00000000b1f00000| Untracked 
|  32|0x00000000b2000000, 0x00000000b2000000, 0x00000000b2100000|  0%| F|  |TAMS 0x00000000b2000000, 0x00000000b2000000| Untracked 
|  33|0x00000000b2100000, 0x00000000b2100000, 0x00000000b2200000|  0%| F|  |TAMS 0x00000000b2100000, 0x00000000b2100000| Untracked 
|  34|0x00000000b2200000, 0x00000000b2200000, 0x00000000b2300000|  0%| F|  |TAMS 0x00000000b2200000, 0x00000000b2200000| Untracked 
|  35|0x00000000b2300000, 0x00000000b2300000, 0x00000000b2400000|  0%| F|  |TAMS 0x00000000b2300000, 0x00000000b2300000| Untracked 
|  36|0x00000000b2400000, 0x00000000b2400000, 0x00000000b2500000|  0%| F|  |TAMS 0x00000000b2400000, 0x00000000b2400000| Untracked 
|  37|0x00000000b2500000, 0x00000000b2500000, 0x00000000b2600000|  0%| F|  |TAMS 0x00000000b2500000, 0x00000000b2500000| Untracked 
|  38|0x00000000b2600000, 0x00000000b2600000, 0x00000000b2700000|  0%| F|  |TAMS 0x00000000b2600000, 0x00000000b2600000| Untracked 
|  39|0x00000000b2700000, 0x00000000b2700000, 0x00000000b2800000|  0%| F|  |TAMS 0x00000000b2700000, 0x00000000b2700000| Untracked 
|  40|0x00000000b2800000, 0x00000000b2800000, 0x00000000b2900000|  0%| F|  |TAMS 0x00000000b2800000, 0x00000000b2800000| Untracked 
|  41|0x00000000b2900000, 0x00000000b2900000, 0x00000000b2a00000|  0%| F|  |TAMS 0x00000000b2900000, 0x00000000b2900000| Untracked 
|  42|0x00000000b2a00000, 0x00000000b2a00000, 0x00000000b2b00000|  0%| F|  |TAMS 0x00000000b2a00000, 0x00000000b2a00000| Untracked 
|  43|0x00000000b2b00000, 0x00000000b2b00000, 0x00000000b2c00000|  0%| F|  |TAMS 0x00000000b2b00000, 0x00000000b2b00000| Untracked 
|  44|0x00000000b2c00000, 0x00000000b2c00000, 0x00000000b2d00000|  0%| F|  |TAMS 0x00000000b2c00000, 0x00000000b2c00000| Untracked 
|  45|0x00000000b2d00000, 0x00000000b2d00000, 0x00000000b2e00000|  0%| F|  |TAMS 0x00000000b2d00000, 0x00000000b2d00000| Untracked 
|  46|0x00000000b2e00000, 0x00000000b2e00000, 0x00000000b2f00000|  0%| F|  |TAMS 0x00000000b2e00000, 0x00000000b2e00000| Untracked 
|  47|0x00000000b2f00000, 0x00000000b2f00000, 0x00000000b3000000|  0%| F|  |TAMS 0x00000000b2f00000, 0x00000000b2f00000| Untracked 
|  48|0x00000000b3000000, 0x00000000b3000000, 0x00000000b3100000|  0%| F|  |TAMS 0x00000000b3000000, 0x00000000b3000000| Untracked 
|  49|0x00000000b3100000, 0x00000000b3100000, 0x00000000b3200000|  0%| F|  |TAMS 0x00000000b3100000, 0x00000000b3100000| Untracked 
|  50|0x00000000b3200000, 0x00000000b3200000, 0x00000000b3300000|  0%| F|  |TAMS 0x00000000b3200000, 0x00000000b3200000| Untracked 
|  51|0x00000000b3300000, 0x00000000b3300000, 0x00000000b3400000|  0%| F|  |TAMS 0x00000000b3300000, 0x00000000b3300000| Untracked 
|  52|0x00000000b3400000, 0x00000000b3400000, 0x00000000b3500000|  0%| F|  |TAMS 0x00000000b3400000, 0x00000000b3400000| Untracked 
|  53|0x00000000b3500000, 0x00000000b3500000, 0x00000000b3600000|  0%| F|  |TAMS 0x00000000b3500000, 0x00000000b3500000| Untracked 
|  54|0x00000000b3600000, 0x00000000b3600000, 0x00000000b3700000|  0%| F|  |TAMS 0x00000000b3600000, 0x00000000b3600000| Untracked 
|  55|0x00000000b3700000, 0x00000000b3700000, 0x00000000b3800000|  0%| F|  |TAMS 0x00000000b3700000, 0x00000000b3700000| Untracked 
|  56|0x00000000b3800000, 0x00000000b384f038, 0x00000000b3900000| 30%| E|  |TAMS 0x00000000b3800000, 0x00000000b3800000| Complete 
|  57|0x00000000b3900000, 0x00000000b3a00000, 0x00000000b3a00000|100%| E|CS|TAMS 0x00000000b3900000, 0x00000000b3900000| Complete 
|  58|0x00000000b3a00000, 0x00000000b3b00000, 0x00000000b3b00000|100%| E|CS|TAMS 0x00000000b3a00000, 0x00000000b3a00000| Complete 
|  59|0x00000000b3b00000, 0x00000000b3c00000, 0x00000000b3c00000|100%| E|CS|TAMS 0x00000000b3b00000, 0x00000000b3b00000| Complete 
|  60|0x00000000b3c00000, 0x00000000b3d00000, 0x00000000b3d00000|100%| E|CS|TAMS 0x00000000b3c00000, 0x00000000b3c00000| Complete 
|  61|0x00000000b3d00000, 0x00000000b3e00000, 0x00000000b3e00000|100%| E|CS|TAMS 0x00000000b3d00000, 0x00000000b3d00000| Complete 
|  62|0x00000000b3e00000, 0x00000000b3f00000, 0x00000000b3f00000|100%| E|CS|TAMS 0x00000000b3e00000, 0x00000000b3e00000| Complete 
|  63|0x00000000b3f00000, 0x00000000b4000000, 0x00000000b4000000|100%| E|CS|TAMS 0x00000000b3f00000, 0x00000000b3f00000| Complete 
|  64|0x00000000b4000000, 0x00000000b408bc08, 0x00000000b4100000| 54%| S|CS|TAMS 0x00000000b4000000, 0x00000000b4000000| Complete 
|  65|0x00000000b4100000, 0x00000000b4200000, 0x00000000b4200000|100%| S|CS|TAMS 0x00000000b4100000, 0x00000000b4100000| Complete 
|  66|0x00000000b4200000, 0x00000000b4300000, 0x00000000b4300000|100%| E|CS|TAMS 0x00000000b4200000, 0x00000000b4200000| Complete 
|  67|0x00000000b4300000, 0x00000000b4400000, 0x00000000b4400000|100%| E|CS|TAMS 0x00000000b4300000, 0x00000000b4300000| Complete 
|  68|0x00000000b4400000, 0x00000000b4500000, 0x00000000b4500000|100%| E|CS|TAMS 0x00000000b4400000, 0x00000000b4400000| Complete 
|  69|0x00000000b4500000, 0x00000000b4600000, 0x00000000b4600000|100%| E|CS|TAMS 0x00000000b4500000, 0x00000000b4500000| Complete 
|  70|0x00000000b4600000, 0x00000000b4700000, 0x00000000b4700000|100%| E|CS|TAMS 0x00000000b4600000, 0x00000000b4600000| Complete 
|  71|0x00000000b4700000, 0x00000000b4800000, 0x00000000b4800000|100%| E|CS|TAMS 0x00000000b4700000, 0x00000000b4700000| Complete 
|  72|0x00000000b4800000, 0x00000000b4900000, 0x00000000b4900000|100%| E|CS|TAMS 0x00000000b4800000, 0x00000000b4800000| Complete 
|  73|0x00000000b4900000, 0x00000000b4a00000, 0x00000000b4a00000|100%| E|CS|TAMS 0x00000000b4900000, 0x00000000b4900000| Complete 
|  74|0x00000000b4a00000, 0x00000000b4b00000, 0x00000000b4b00000|100%| E|CS|TAMS 0x00000000b4a00000, 0x00000000b4a00000| Complete 
|  75|0x00000000b4b00000, 0x00000000b4c00000, 0x00000000b4c00000|100%| E|CS|TAMS 0x00000000b4b00000, 0x00000000b4b00000| Complete 
|  76|0x00000000b4c00000, 0x00000000b4d00000, 0x00000000b4d00000|100%| E|CS|TAMS 0x00000000b4c00000, 0x00000000b4c00000| Complete 
|  77|0x00000000b4d00000, 0x00000000b4e00000, 0x00000000b4e00000|100%| E|CS|TAMS 0x00000000b4d00000, 0x00000000b4d00000| Complete 
|  78|0x00000000b4e00000, 0x00000000b4f00000, 0x00000000b4f00000|100%| E|CS|TAMS 0x00000000b4e00000, 0x00000000b4e00000| Complete 
|  79|0x00000000b4f00000, 0x00000000b5000000, 0x00000000b5000000|100%| E|CS|TAMS 0x00000000b4f00000, 0x00000000b4f00000| Complete 

Card table byte_map: [0x00007f4a00a42000,0x00007f4a00cc2000] _byte_map_base: 0x00007f4a004c2000

Marking Bits (Prev, Next): (CMBitMap*) 0x00007f49fc05bb68, (CMBitMap*) 0x00007f49fc05bba8
 Prev Bits: [0x00007f49ebc00000, 0x00007f49ed000000)
 Next Bits: [0x00007f49ea800000, 0x00007f49ebc00000)

Polling page: 0x00007f4a04e73000

Metaspace:

Usage:
  Non-class:     10,14 MB capacity,    10,02 MB ( 99%) used,   100,36 KB ( <1%) free+waste,    20,81 KB ( <1%) overhead. 
      Class:      1,10 MB capacity,     1,02 MB ( 93%) used,    73,33 KB (  7%) free+waste,    11,00 KB ( <1%) overhead. 
       Both:     11,24 MB capacity,    11,04 MB ( 98%) used,   173,69 KB (  2%) free+waste,    31,81 KB ( <1%) overhead. 

Virtual space:
  Non-class space:       12,00 MB reserved,      10,25 MB ( 85%) committed 
      Class space:        1,00 GB reserved,       1,12 MB ( <1%) committed 
             Both:        1,01 GB reserved,      11,38 MB (  1%) committed 

Chunk freelists:
   Non-Class:  13,00 KB
       Class:  0 bytes
        Both:  13,00 KB

MaxMetaspaceSize: unlimited
CompressedClassSpaceSize: 1,00 GB

CodeHeap 'non-profiled nmethods': size=120032Kb used=358Kb max_used=358Kb free=119673Kb
 bounds [0x00007f49f4ac8000, 0x00007f49f4d38000, 0x00007f49fc000000]
CodeHeap 'profiled nmethods': size=120032Kb used=1563Kb max_used=1563Kb free=118469Kb
 bounds [0x00007f49ed590000, 0x00007f49ed800000, 0x00007f49f4ac8000]
CodeHeap 'non-nmethods': size=5696Kb used=1146Kb max_used=1166Kb free=4549Kb
 bounds [0x00007f49ed000000, 0x00007f49ed270000, 0x00007f49ed590000]
 total_blobs=1509 nmethods=877 adapters=302
 compilation: enabled
              stopped_count=0, restarted_count=0
 full_count=0

Compilation events (10 events):
Event: 2,107 Thread 0x00007f49fc167000  884       1       java.lang.invoke.LambdaForm$BasicType::basicTypeChar (5 bytes)
Event: 2,107 Thread 0x00007f49fc167000 nmethod 884 0x00007f49f4b20a10 code [0x00007f49f4b20ba0, 0x00007f49f4b20cb0]
Event: 2,107 Thread 0x00007f49fc167000  881       1       jdk.internal.org.objectweb.asm.MethodWriter::hasAsmInstructions (5 bytes)
Event: 2,107 Thread 0x00007f49fc167000 nmethod 881 0x00007f49f4b20d10 code [0x00007f49f4b20ea0, 0x00007f49f4b20fb0]
Event: 2,107 Thread 0x00007f49fc167000  872       1       java.lang.invoke.LambdaForm$NamedFunction::intrinsicName (5 bytes)
Event: 2,107 Thread 0x00007f49fc167000 nmethod 872 0x00007f49f4b21010 code [0x00007f49f4b211a0, 0x00007f49f4b212b0]
Event: 2,108 Thread 0x00007f49fc167000  867       1       jdk.internal.org.objectweb.asm.SymbolTable::getConstantPoolCount (5 bytes)
Event: 2,108 Thread 0x00007f49fc167000 nmethod 867 0x00007f49f4b21310 code [0x00007f49f4b214a0, 0x00007f49f4b215b0]
Event: 2,108 Thread 0x00007f49fc167000  889       1       java.lang.AbstractStringBuilder::length (5 bytes)
Event: 2,108 Thread 0x00007f49fc167000 nmethod 889 0x00007f49f4b21610 code [0x00007f49f4b217a0, 0x00007f49f4b218b0]

GC Heap History (2 events):
Event: 1,509 GC heap before
{Heap before GC invocations=0 (full 0):
 garbage-first heap   total 81920K, used 14336K [0x00000000b0000000, 0x0000000100000000)
  region size 1024K, 14 young (14336K), 0 survivors (0K)
 Metaspace       used 8544K, capacity 8736K, committed 8832K, reserved 1056768K
  class space    used 760K, capacity 829K, committed 896K, reserved 1048576K
}
Event: 1,530 GC heap after
{Heap after GC invocations=1 (full 0):
 garbage-first heap   total 81920K, used 1583K [0x00000000b0000000, 0x0000000100000000)
  region size 1024K, 2 young (2048K), 2 survivors (2048K)
 Metaspace       used 8544K, capacity 8736K, committed 8832K, reserved 1056768K
  class space    used 760K, capacity 829K, committed 896K, reserved 1048576K
}

Deoptimization events (10 events):
Event: 1,270 Thread 0x00007f49fc2ed800 Uncommon trap: reason=unstable_if action=reinterpret pc=0x00007f49f4ae861c method=java.net.URI.match(CJJ)Z @ 19 c2
Event: 1,369 Thread 0x00007f49bc001000 Uncommon trap: reason=unstable_if action=reinterpret pc=0x00007f49f4af9b58 method=java.lang.StringLatin1.indexOf([BI[BII)I @ 80 c2
Event: 1,725 Thread 0x00007f49fc016800 Uncommon trap: reason=unstable_if action=reinterpret pc=0x00007f49f4ae63e0 method=java.util.HashMap.hash(Ljava/lang/Object;)I @ 1 c2
Event: 1,726 Thread 0x00007f49fc016800 Uncommon trap: reason=unstable_if action=reinterpret pc=0x00007f49f4adc2b4 method=java.util.HashMap.hash(Ljava/lang/Object;)I @ 1 c2
Event: 1,875 Thread 0x00007f49fc016800 Uncommon trap: reason=class_check action=maybe_recompile pc=0x00007f49f4af230c method=java.util.HashMap.getNode(ILjava/lang/Object;)Ljava/util/HashMap$Node; @ 126 c2
Event: 1,876 Thread 0x00007f49fc016800 Uncommon trap: reason=class_check action=maybe_recompile pc=0x00007f49f4af225c method=java.util.HashMap.getNode(ILjava/lang/Object;)Ljava/util/HashMap$Node; @ 59 c2
Event: 1,876 Thread 0x00007f49fc016800 Uncommon trap: reason=class_check action=maybe_recompile pc=0x00007f49f4af230c method=java.util.HashMap.getNode(ILjava/lang/Object;)Ljava/util/HashMap$Node; @ 126 c2
Event: 1,876 Thread 0x00007f49fc016800 Uncommon trap: reason=class_check action=maybe_recompile pc=0x00007f49f4af225c method=java.util.HashMap.getNode(ILjava/lang/Object;)Ljava/util/HashMap$Node; @ 59 c2
Event: 1,924 Thread 0x00007f49fc016800 Uncommon trap: reason=unstable_if action=reinterpret pc=0x00007f49f4b09ed0 method=jdk.internal.loader.URLClassPath.getLoader(I)Ljdk/internal/loader/URLClassPath$Loader; @ 19 c2
Event: 2,051 Thread 0x00007f49fc016800 Uncommon trap: reason=unstable_if action=reinterpret pc=0x00007f49f4b08da0 method=java.lang.String.substring(I)Ljava/lang/String; @ 34 c2

Classes unloaded (0 events):
No events

Classes redefined (0 events):
No events

Internal exceptions (10 events):
Event: 2,028 Thread 0x00007f49fc016800 Exception <a 'java/lang/NoSuchMethodError'{0x00000000b3937968}: 'java.lang.Object java.lang.invoke.DirectMethodHandle$Holder.invokeSpecial(java.lang.Object, java.lang.Object, java.lang.Object, java.lang.Object, java.lang.Object, java.lang.Object, java.lang.Object)'> (0x00000000b3937968) 
thrown [/home/dmitry/Downloads/LOOM/loom/src/hotspot/share/interpreter/linkResolver.cpp, line 768]
for thread 0x00007f49fc016800
Event: 2,028 Thread 0x00007f49fc016800 Exception <a 'java/lang/NoSuchMethodError'{0x00000000b393a9b8}: 'java.lang.Object java.lang.invoke.DelegatingMethodHandle$Holder.delegate(java.lang.Object, java.lang.Object, java.lang.Object, java.lang.Object, java.lang.Object, java.lang.Object)'> (0x00000000b393a9b8) 
thrown [/home/dmitry/Downloads/LOOM/loom/src/hotspot/share/interpreter/linkResolver.cpp, line 768]
for thread 0x00007f49fc016800
Event: 2,032 Thread 0x00007f49fc016800 Exception <a 'java/lang/NoSuchMethodError'{0x00000000b393dbb0}: 'java.lang.Object java.lang.invoke.Invokers$Holder.invokeExact_MT(java.lang.Object, java.lang.Object, java.lang.Object, java.lang.Object, java.lang.Object, java.lang.Object, java.lang.Object)'> (0x00000000b393dbb0) 
thrown [/home/dmitry/Downloads/LOOM/loom/src/hotspot/share/interpreter/linkResolver.cpp, line 768]
for thread 0x00007f49fc016800
Event: 2,035 Thread 0x00007f49fc016800 Exception <a 'java/lang/NoSuchMethodError'{0x00000000b3941780}: 'long java.lang.invoke.DirectMethodHandle$Holder.invokeStatic(java.lang.Object)'> (0x00000000b3941780) 
thrown [/home/dmitry/Downloads/LOOM/loom/src/hotspot/share/interpreter/linkResolver.cpp, line 768]
for thread 0x00007f49fc016800
Event: 2,036 Thread 0x00007f49fc016800 Exception <a 'java/lang/NoSuchMethodError'{0x00000000b3946fc0}: 'long java.lang.invoke.Invokers$Holder.invoke_MT(java.lang.Object, java.lang.Object)'> (0x00000000b3946fc0) 
thrown [/home/dmitry/Downloads/LOOM/loom/src/hotspot/share/interpreter/linkResolver.cpp, line 768]
for thread 0x00007f49fc016800
Event: 2,037 Thread 0x00007f49fc016800 Exception <a 'java/lang/NoSuchMethodError'{0x00000000b394d300}: 'java.lang.Object java.lang.invoke.DirectMethodHandle$Holder.invokeStatic(java.lang.Object, long)'> (0x00000000b394d300) 
thrown [/home/dmitry/Downloads/LOOM/loom/src/hotspot/share/interpreter/linkResolver.cpp, line 768]
for thread 0x00007f49fc016800
Event: 2,081 Thread 0x00007f49fc016800 Exception <a 'java/lang/NoSuchMethodError'{0x00000000b39930d8}: 'java.lang.Object java.lang.invoke.DirectMethodHandle$Holder.invokeSpecial(java.lang.Object, java.lang.Object, long)'> (0x00000000b39930d8) 
thrown [/home/dmitry/Downloads/LOOM/loom/src/hotspot/share/interpreter/linkResolver.cpp, line 768]
for thread 0x00007f49fc016800
Event: 2,092 Thread 0x00007f49fc016800 Exception <a 'java/lang/NoSuchMethodError'{0x00000000b39c49c8}: 'long java.lang.invoke.DirectMethodHandle$Holder.getLong(java.lang.Object, java.lang.Object)'> (0x00000000b39c49c8) 
thrown [/home/dmitry/Downloads/LOOM/loom/src/hotspot/share/interpreter/linkResolver.cpp, line 768]
for thread 0x00007f49fc016800
Event: 2,094 Thread 0x00007f49fc016800 Exception <a 'java/lang/NoSuchMethodError'{0x00000000b39ce2a8}: 'java.lang.Object java.lang.invoke.Invokers$Holder.linkToTargetMethod(int, java.lang.Object)'> (0x00000000b39ce2a8) 
thrown [/home/dmitry/Downloads/LOOM/loom/src/hotspot/share/interpreter/linkResolver.cpp, line 768]
for thread 0x00007f49fc016800
Event: 2,106 Thread 0x00007f49fc016800 Exception <a 'java/lang/NoSuchMethodError'{0x00000000b39d6170}: 'void java.lang.invoke.DirectMethodHandle$Holder.invokeSpecial(java.lang.Object, java.lang.Object)'> (0x00000000b39d6170) 
thrown [/home/dmitry/Downloads/LOOM/loom/src/hotspot/share/interpreter/linkResolver.cpp, line 768]
for thread 0x00007f49fc016800

Events (10 events):
Event: 2,089 loading class java/lang/invoke/MethodHandles$1 done
Event: 2,089 loading class java/lang/invoke/BoundMethodHandle$Species_LLLLJ
Event: 2,089 loading class java/lang/invoke/BoundMethodHandle$Species_LLLLJ done
Event: 2,121 Thread 0x00007f49fc3bf800 Thread added: 0x00007f49fc3bf800
Event: 2,122 loading class java/util/IdentityHashMap$KeyIterator
Event: 2,122 loading class java/util/IdentityHashMap$IdentityHashMapIterator
Event: 2,122 loading class java/util/IdentityHashMap$IdentityHashMapIterator done
Event: 2,122 loading class java/util/IdentityHashMap$KeyIterator done
Event: 2,122 Thread 0x00007f49fc016800 Thread exited: 0x00007f49fc016800
Event: 2,122 Thread 0x00007f49fc016800 Thread added: 0x00007f49fc016800


Dynamic libraries:
b0000000-b5000000 rw-p 00000000 00:00 0 
b5000000-100000000 ---p 00000000 00:00 0 
100000000-100120000 rw-p 00000000 00:00 0 
100120000-140000000 ---p 00000000 00:00 0 
564faf993000-564faf994000 r-xp 00000000 08:01 3809121                    /home/dmitry/Downloads/LOOM/loom/build/linux-x86_64-server-release/jdk/bin/java
564fafb94000-564fafb95000 r--p 00001000 08:01 3809121                    /home/dmitry/Downloads/LOOM/loom/build/linux-x86_64-server-release/jdk/bin/java
564fafb95000-564fafb96000 rw-p 00002000 08:01 3809121                    /home/dmitry/Downloads/LOOM/loom/build/linux-x86_64-server-release/jdk/bin/java
564fb0e11000-564fb0e32000 rw-p 00000000 00:00 0                          [heap]
7f4994000000-7f4994021000 rw-p 00000000 00:00 0 
7f4994021000-7f4998000000 ---p 00000000 00:00 0 
7f4998000000-7f4998021000 rw-p 00000000 00:00 0 
7f4998021000-7f499c000000 ---p 00000000 00:00 0 
7f499c000000-7f499c051000 rw-p 00000000 00:00 0 
7f499c051000-7f49a0000000 ---p 00000000 00:00 0 
7f49a0000000-7f49a0035000 rw-p 00000000 00:00 0 
7f49a0035000-7f49a4000000 ---p 00000000 00:00 0 
7f49a4000000-7f49a4021000 rw-p 00000000 00:00 0 
7f49a4021000-7f49a8000000 ---p 00000000 00:00 0 
7f49a8000000-7f49a8021000 rw-p 00000000 00:00 0 
7f49a8021000-7f49ac000000 ---p 00000000 00:00 0 
7f49ac000000-7f49ac021000 rw-p 00000000 00:00 0 
7f49ac021000-7f49b0000000 ---p 00000000 00:00 0 
7f49b0000000-7f49b04b8000 rw-p 00000000 00:00 0 
7f49b04b8000-7f49b4000000 ---p 00000000 00:00 0 
7f49b4000000-7f49b420e000 rw-p 00000000 00:00 0 
7f49b420e000-7f49b8000000 ---p 00000000 00:00 0 
7f49b8000000-7f49b8021000 rw-p 00000000 00:00 0 
7f49b8021000-7f49bc000000 ---p 00000000 00:00 0 
7f49bc000000-7f49bc021000 rw-p 00000000 00:00 0 
7f49bc021000-7f49c0000000 ---p 00000000 00:00 0 
7f49c0000000-7f49c04d9000 rw-p 00000000 00:00 0 
7f49c04d9000-7f49c4000000 ---p 00000000 00:00 0 
7f49c4000000-7f49c4021000 rw-p 00000000 00:00 0 
7f49c4021000-7f49c8000000 ---p 00000000 00:00 0 
7f49c8000000-7f49c8021000 rw-p 00000000 00:00 0 
7f49c8021000-7f49cc000000 ---p 00000000 00:00 0 
7f49cc000000-7f49cc021000 rw-p 00000000 00:00 0 
7f49cc021000-7f49d0000000 ---p 00000000 00:00 0 
7f49d15fd000-7f49d19f8000 rw-p 00000000 00:00 0 
7f49d19f8000-7f49d19fc000 ---p 00000000 00:00 0 
7f49d19fc000-7f49d1b39000 rw-p 00000000 00:00 0 
7f49d1b39000-7f49d1cf9000 ---p 00000000 00:00 0 
7f49d1cf9000-7f49d1ef9000 rw-p 00000000 00:00 0 
7f49d1ef9000-7f49d1efa000 ---p 00000000 00:00 0 
7f49d1efa000-7f49d1ffb000 rw-p 00000000 00:00 0 
7f49d1ffb000-7f49d1ffd000 r-xp 00000000 08:01 3284806                    /home/dmitry/Downloads/LOOM/loom/build/linux-x86_64-server-release/jdk/lib/libextnet.so
7f49d1ffd000-7f49d21fc000 ---p 00002000 08:01 3284806                    /home/dmitry/Downloads/LOOM/loom/build/linux-x86_64-server-release/jdk/lib/libextnet.so
7f49d21fc000-7f49d21fd000 r--p 00001000 08:01 3284806                    /home/dmitry/Downloads/LOOM/loom/build/linux-x86_64-server-release/jdk/lib/libextnet.so
7f49d21fd000-7f49d21fe000 rw-p 00002000 08:01 3284806                    /home/dmitry/Downloads/LOOM/loom/build/linux-x86_64-server-release/jdk/lib/libextnet.so
7f49d21fe000-7f49d2202000 ---p 00000000 00:00 0 
7f49d2202000-7f49d22ff000 rw-p 00000000 00:00 0 
7f49d22ff000-7f49d2303000 ---p 00000000 00:00 0 
7f49d2303000-7f49d2400000 rw-p 00000000 00:00 0 
7f49d2400000-7f49d2401000 ---p 00000000 00:00 0 
7f49d2401000-7f49d2502000 rw-p 00000000 00:00 0 
7f49d2502000-7f49d2506000 ---p 00000000 00:00 0 
7f49d2506000-7f49d2603000 rw-p 00000000 00:00 0 
7f49d2603000-7f49d2607000 ---p 00000000 00:00 0 
7f49d2607000-7f49d2704000 rw-p 00000000 00:00 0 
7f49d2704000-7f49d2708000 ---p 00000000 00:00 0 
7f49d2708000-7f49d2805000 rw-p 00000000 00:00 0 
7f49d2805000-7f49d281b000 r-xp 00000000 08:01 3284773                    /home/dmitry/Downloads/LOOM/loom/build/linux-x86_64-server-release/jdk/lib/libnet.so
7f49d281b000-7f49d2a1b000 ---p 00016000 08:01 3284773                    /home/dmitry/Downloads/LOOM/loom/build/linux-x86_64-server-release/jdk/lib/libnet.so
7f49d2a1b000-7f49d2a1c000 r--p 00016000 08:01 3284773                    /home/dmitry/Downloads/LOOM/loom/build/linux-x86_64-server-release/jdk/lib/libnet.so
7f49d2a1c000-7f49d2a1d000 rw-p 00017000 08:01 3284773                    /home/dmitry/Downloads/LOOM/loom/build/linux-x86_64-server-release/jdk/lib/libnet.so
7f49d2a1d000-7f49d2a2e000 r-xp 00000000 08:01 3284778                    /home/dmitry/Downloads/LOOM/loom/build/linux-x86_64-server-release/jdk/lib/libnio.so
7f49d2a2e000-7f49d2c2d000 ---p 00011000 08:01 3284778                    /home/dmitry/Downloads/LOOM/loom/build/linux-x86_64-server-release/jdk/lib/libnio.so
7f49d2c2d000-7f49d2c2e000 r--p 00010000 08:01 3284778                    /home/dmitry/Downloads/LOOM/loom/build/linux-x86_64-server-release/jdk/lib/libnio.so
7f49d2c2e000-7f49d2c2f000 rw-p 00011000 08:01 3284778                    /home/dmitry/Downloads/LOOM/loom/build/linux-x86_64-server-release/jdk/lib/libnio.so
7f49d2c2f000-7f49d2c33000 ---p 00000000 00:00 0 
7f49d2c33000-7f49d2d30000 rw-p 00000000 00:00 0 
7f49d2d30000-7f49d2d34000 ---p 00000000 00:00 0 
7f49d2d34000-7f49d2e31000 rw-p 00000000 00:00 0 
7f49d2e31000-7f49d3800000 r--p 00000000 08:01 10230401                   /usr/lib/locale/locale-archive
7f49d3800000-7f49d4000000 rw-p 00000000 00:00 0 
7f49d4000000-7f49d4021000 rw-p 00000000 00:00 0 
7f49d4021000-7f49d8000000 ---p 00000000 00:00 0 
7f49d8000000-7f49d8021000 rw-p 00000000 00:00 0 
7f49d8021000-7f49dc000000 ---p 00000000 00:00 0 
7f49dc000000-7f49dc021000 rw-p 00000000 00:00 0 
7f49dc021000-7f49e0000000 ---p 00000000 00:00 0 
7f49e0000000-7f49e0021000 rw-p 00000000 00:00 0 
7f49e0021000-7f49e4000000 ---p 00000000 00:00 0 
7f49e4000000-7f49e4021000 rw-p 00000000 00:00 0 
7f49e4021000-7f49e8000000 ---p 00000000 00:00 0 
7f49e8075000-7f49e8079000 ---p 00000000 00:00 0 
7f49e8079000-7f49e8176000 rw-p 00000000 00:00 0 
7f49e8176000-7f49e817a000 ---p 00000000 00:00 0 
7f49e817a000-7f49e8277000 rw-p 00000000 00:00 0 
7f49e8277000-7f49e827b000 ---p 00000000 00:00 0 
7f49e827b000-7f49e8378000 rw-p 00000000 00:00 0 
7f49e8378000-7f49e837c000 ---p 00000000 00:00 0 
7f49e837c000-7f49e8479000 rw-p 00000000 00:00 0 
7f49e8479000-7f49e847a000 ---p 00000000 00:00 0 
7f49e847a000-7f49e85fc000 rw-p 00000000 00:00 0 
7f49e85fc000-7f49e85fd000 ---p 00000000 00:00 0 
7f49e85fd000-7f49e86fe000 rw-p 00000000 00:00 0 
7f49e86fe000-7f49e86ff000 ---p 00000000 00:00 0 
7f49e86ff000-7f49ea940000 rw-p 00000000 00:00 0 
7f49ea940000-7f49ebc00000 ---p 00000000 00:00 0 
7f49ebc00000-7f49ebd40000 rw-p 00000000 00:00 0 
7f49ebd40000-7f49ed000000 ---p 00000000 00:00 0 
7f49ed000000-7f49ed270000 rwxp 00000000 00:00 0 
7f49ed270000-7f49ed590000 ---p 00000000 00:00 0 
7f49ed590000-7f49ed800000 rwxp 00000000 00:00 0 
7f49ed800000-7f49f4ac8000 ---p 00000000 00:00 0 
7f49f4ac8000-7f49f4d38000 rwxp 00000000 00:00 0 
7f49f4d38000-7f49fc000000 ---p 00000000 00:00 0 
7f49fc000000-7f49fc449000 rw-p 00000000 00:00 0 
7f49fc449000-7f4a00000000 ---p 00000000 00:00 0 
7f4a0002c000-7f4a004bc000 rw-p 00000000 00:00 0 
7f4a004bc000-7f4a004bd000 ---p 00000000 00:00 0 
7f4a004bd000-7f4a005be000 rw-p 00000000 00:00 0 
7f4a005be000-7f4a005bf000 ---p 00000000 00:00 0 
7f4a005bf000-7f4a006c0000 rw-p 00000000 00:00 0 
7f4a006c0000-7f4a006c1000 ---p 00000000 00:00 0 
7f4a006c1000-7f4a007ea000 rw-p 00000000 00:00 0 
7f4a007ea000-7f4a00a42000 ---p 00000000 00:00 0 
7f4a00a42000-7f4a00a6a000 rw-p 00000000 00:00 0 
7f4a00a6a000-7f4a00cc2000 ---p 00000000 00:00 0 
7f4a00cc2000-7f4a00cea000 rw-p 00000000 00:00 0 
7f4a00cea000-7f4a00f42000 ---p 00000000 00:00 0 
7f4a00f42000-7f4a0134b000 rw-p 00000000 00:00 0 
7f4a0134b000-7f4a01431000 ---p 00000000 00:00 0 
7f4a01431000-7f4a01436000 rw-p 00000000 00:00 0 
7f4a01436000-7f4a0151c000 ---p 00000000 00:00 0 
7f4a0151c000-7f4a01537000 r-xp 00000000 08:01 3284776                    /home/dmitry/Downloads/LOOM/loom/build/linux-x86_64-server-release/jdk/lib/libjimage.so
7f4a01537000-7f4a01736000 ---p 0001b000 08:01 3284776                    /home/dmitry/Downloads/LOOM/loom/build/linux-x86_64-server-release/jdk/lib/libjimage.so
7f4a01736000-7f4a01738000 r--p 0001a000 08:01 3284776                    /home/dmitry/Downloads/LOOM/loom/build/linux-x86_64-server-release/jdk/lib/libjimage.so
7f4a01738000-7f4a01739000 rw-p 0001c000 08:01 3284776                    /home/dmitry/Downloads/LOOM/loom/build/linux-x86_64-server-release/jdk/lib/libjimage.so
7f4a01739000-7f4a01740000 r-xp 00000000 08:01 3284771                    /home/dmitry/Downloads/LOOM/loom/build/linux-x86_64-server-release/jdk/lib/libzip.so
7f4a01740000-7f4a0193f000 ---p 00007000 08:01 3284771                    /home/dmitry/Downloads/LOOM/loom/build/linux-x86_64-server-release/jdk/lib/libzip.so
7f4a0193f000-7f4a01940000 r--p 00006000 08:01 3284771                    /home/dmitry/Downloads/LOOM/loom/build/linux-x86_64-server-release/jdk/lib/libzip.so
7f4a01940000-7f4a01941000 rw-p 00007000 08:01 3284771                    /home/dmitry/Downloads/LOOM/loom/build/linux-x86_64-server-release/jdk/lib/libzip.so
7f4a01941000-7f4a0194c000 r-xp 00000000 08:01 1184572                    /lib/x86_64-linux-gnu/libnss_files-2.27.so
7f4a0194c000-7f4a01b4b000 ---p 0000b000 08:01 1184572                    /lib/x86_64-linux-gnu/libnss_files-2.27.so
7f4a01b4b000-7f4a01b4c000 r--p 0000a000 08:01 1184572                    /lib/x86_64-linux-gnu/libnss_files-2.27.so
7f4a01b4c000-7f4a01b4d000 rw-p 0000b000 08:01 1184572                    /lib/x86_64-linux-gnu/libnss_files-2.27.so
7f4a01b4d000-7f4a01b53000 rw-p 00000000 00:00 0 
7f4a01b53000-7f4a01b6a000 r-xp 00000000 08:01 1184566                    /lib/x86_64-linux-gnu/libnsl-2.27.so
7f4a01b6a000-7f4a01d69000 ---p 00017000 08:01 1184566                    /lib/x86_64-linux-gnu/libnsl-2.27.so
7f4a01d69000-7f4a01d6a000 r--p 00016000 08:01 1184566                    /lib/x86_64-linux-gnu/libnsl-2.27.so
7f4a01d6a000-7f4a01d6b000 rw-p 00017000 08:01 1184566                    /lib/x86_64-linux-gnu/libnsl-2.27.so
7f4a01d6b000-7f4a01d6d000 rw-p 00000000 00:00 0 
7f4a01d6d000-7f4a01d78000 r-xp 00000000 08:01 1184583                    /lib/x86_64-linux-gnu/libnss_nis-2.27.so
7f4a01d78000-7f4a01f77000 ---p 0000b000 08:01 1184583                    /lib/x86_64-linux-gnu/libnss_nis-2.27.so
7f4a01f77000-7f4a01f78000 r--p 0000a000 08:01 1184583                    /lib/x86_64-linux-gnu/libnss_nis-2.27.so
7f4a01f78000-7f4a01f79000 rw-p 0000b000 08:01 1184583                    /lib/x86_64-linux-gnu/libnss_nis-2.27.so
7f4a01f79000-7f4a01f81000 r-xp 00000000 08:01 1184568                    /lib/x86_64-linux-gnu/libnss_compat-2.27.so
7f4a01f81000-7f4a02181000 ---p 00008000 08:01 1184568                    /lib/x86_64-linux-gnu/libnss_compat-2.27.so
7f4a02181000-7f4a02182000 r--p 00008000 08:01 1184568                    /lib/x86_64-linux-gnu/libnss_compat-2.27.so
7f4a02182000-7f4a02183000 rw-p 00009000 08:01 1184568                    /lib/x86_64-linux-gnu/libnss_compat-2.27.so
7f4a02183000-7f4a021ac000 r-xp 00000000 08:01 3284770                    /home/dmitry/Downloads/LOOM/loom/build/linux-x86_64-server-release/jdk/lib/libjava.so
7f4a021ac000-7f4a023ab000 ---p 00029000 08:01 3284770                    /home/dmitry/Downloads/LOOM/loom/build/linux-x86_64-server-release/jdk/lib/libjava.so
7f4a023ab000-7f4a023ac000 r--p 00028000 08:01 3284770                    /home/dmitry/Downloads/LOOM/loom/build/linux-x86_64-server-release/jdk/lib/libjava.so
7f4a023ac000-7f4a023ae000 rw-p 00029000 08:01 3284770                    /home/dmitry/Downloads/LOOM/loom/build/linux-x86_64-server-release/jdk/lib/libjava.so
7f4a023ae000-7f4a023bb000 r-xp 00000000 08:01 3284763                    /home/dmitry/Downloads/LOOM/loom/build/linux-x86_64-server-release/jdk/lib/libverify.so
7f4a023bb000-7f4a025ba000 ---p 0000d000 08:01 3284763                    /home/dmitry/Downloads/LOOM/loom/build/linux-x86_64-server-release/jdk/lib/libverify.so
7f4a025ba000-7f4a025bc000 r--p 0000c000 08:01 3284763                    /home/dmitry/Downloads/LOOM/loom/build/linux-x86_64-server-release/jdk/lib/libverify.so
7f4a025bc000-7f4a025bd000 rw-p 0000e000 08:01 3284763                    /home/dmitry/Downloads/LOOM/loom/build/linux-x86_64-server-release/jdk/lib/libverify.so
7f4a025bd000-7f4a0275a000 r-xp 00000000 08:01 1184545                    /lib/x86_64-linux-gnu/libm-2.27.so
7f4a0275a000-7f4a02959000 ---p 0019d000 08:01 1184545                    /lib/x86_64-linux-gnu/libm-2.27.so
7f4a02959000-7f4a0295a000 r--p 0019c000 08:01 1184545                    /lib/x86_64-linux-gnu/libm-2.27.so
7f4a0295a000-7f4a0295b000 rw-p 0019d000 08:01 1184545                    /lib/x86_64-linux-gnu/libm-2.27.so
7f4a0295b000-7f4a03c87000 r-xp 00000000 08:01 3284761                    /home/dmitry/Downloads/LOOM/loom/build/linux-x86_64-server-release/jdk/lib/server/libjvm.so
7f4a03c87000-7f4a03e86000 ---p 0132c000 08:01 3284761                    /home/dmitry/Downloads/LOOM/loom/build/linux-x86_64-server-release/jdk/lib/server/libjvm.so
7f4a03e86000-7f4a03f4e000 r--p 0132b000 08:01 3284761                    /home/dmitry/Downloads/LOOM/loom/build/linux-x86_64-server-release/jdk/lib/server/libjvm.so
7f4a03f4e000-7f4a03f89000 rw-p 013f3000 08:01 3284761                    /home/dmitry/Downloads/LOOM/loom/build/linux-x86_64-server-release/jdk/lib/server/libjvm.so
7f4a03f89000-7f4a0400f000 rw-p 00000000 00:00 0 
7f4a0400f000-7f4a04029000 r-xp 00000000 08:01 1184615                    /lib/x86_64-linux-gnu/libpthread-2.27.so
7f4a04029000-7f4a04228000 ---p 0001a000 08:01 1184615                    /lib/x86_64-linux-gnu/libpthread-2.27.so
7f4a04228000-7f4a04229000 r--p 00019000 08:01 1184615                    /lib/x86_64-linux-gnu/libpthread-2.27.so
7f4a04229000-7f4a0422a000 rw-p 0001a000 08:01 1184615                    /lib/x86_64-linux-gnu/libpthread-2.27.so
7f4a0422a000-7f4a0422e000 rw-p 00000000 00:00 0 
7f4a0422e000-7f4a04231000 r-xp 00000000 08:01 1184505                    /lib/x86_64-linux-gnu/libdl-2.27.so
7f4a04231000-7f4a04430000 ---p 00003000 08:01 1184505                    /lib/x86_64-linux-gnu/libdl-2.27.so
7f4a04430000-7f4a04431000 r--p 00002000 08:01 1184505                    /lib/x86_64-linux-gnu/libdl-2.27.so
7f4a04431000-7f4a04432000 rw-p 00003000 08:01 1184505                    /lib/x86_64-linux-gnu/libdl-2.27.so
7f4a04432000-7f4a0444e000 r-xp 00000000 08:01 1184654                    /lib/x86_64-linux-gnu/libz.so.1.2.11
7f4a0444e000-7f4a0464d000 ---p 0001c000 08:01 1184654                    /lib/x86_64-linux-gnu/libz.so.1.2.11
7f4a0464d000-7f4a0464e000 r--p 0001b000 08:01 1184654                    /lib/x86_64-linux-gnu/libz.so.1.2.11
7f4a0464e000-7f4a0464f000 rw-p 0001c000 08:01 1184654                    /lib/x86_64-linux-gnu/libz.so.1.2.11
7f4a0464f000-7f4a04836000 r-xp 00000000 08:01 1184482                    /lib/x86_64-linux-gnu/libc-2.27.so
7f4a04836000-7f4a04a36000 ---p 001e7000 08:01 1184482                    /lib/x86_64-linux-gnu/libc-2.27.so
7f4a04a36000-7f4a04a3a000 r--p 001e7000 08:01 1184482                    /lib/x86_64-linux-gnu/libc-2.27.so
7f4a04a3a000-7f4a04a3c000 rw-p 001eb000 08:01 1184482                    /lib/x86_64-linux-gnu/libc-2.27.so
7f4a04a3c000-7f4a04a40000 rw-p 00000000 00:00 0 
7f4a04a40000-7f4a04a50000 r-xp 00000000 08:01 3284765                    /home/dmitry/Downloads/LOOM/loom/build/linux-x86_64-server-release/jdk/lib/libjli.so
7f4a04a50000-7f4a04c4f000 ---p 00010000 08:01 3284765                    /home/dmitry/Downloads/LOOM/loom/build/linux-x86_64-server-release/jdk/lib/libjli.so
7f4a04c4f000-7f4a04c50000 r--p 0000f000 08:01 3284765                    /home/dmitry/Downloads/LOOM/loom/build/linux-x86_64-server-release/jdk/lib/libjli.so
7f4a04c50000-7f4a04c51000 rw-p 00010000 08:01 3284765                    /home/dmitry/Downloads/LOOM/loom/build/linux-x86_64-server-release/jdk/lib/libjli.so
7f4a04c51000-7f4a04c78000 r-xp 00000000 08:01 1184454                    /lib/x86_64-linux-gnu/ld-2.27.so
7f4a04ca5000-7f4a04d58000 rw-p 00000000 00:00 0 
7f4a04d58000-7f4a04d5f000 ---p 00000000 00:00 0 
7f4a04d5f000-7f4a04d63000 ---p 00000000 00:00 0 
7f4a04d63000-7f4a04e62000 rw-p 00000000 00:00 0 
7f4a04e6b000-7f4a04e73000 rw-s 00000000 08:01 524324                     /tmp/hsperfdata_dmitry/27397
7f4a04e73000-7f4a04e74000 ---p 00000000 00:00 0 
7f4a04e74000-7f4a04e75000 r--p 00000000 00:00 0 
7f4a04e75000-7f4a04e76000 ---p 00000000 00:00 0 
7f4a04e76000-7f4a04e78000 rw-p 00000000 00:00 0 
7f4a04e78000-7f4a04e79000 r--p 00027000 08:01 1184454                    /lib/x86_64-linux-gnu/ld-2.27.so
7f4a04e79000-7f4a04e7a000 rw-p 00028000 08:01 1184454                    /lib/x86_64-linux-gnu/ld-2.27.so
7f4a04e7a000-7f4a04e7b000 rw-p 00000000 00:00 0 
7fff1a84b000-7fff1a86e000 rw-p 00000000 00:00 0                          [stack]
7fff1a925000-7fff1a928000 r--p 00000000 00:00 0                          [vvar]
7fff1a928000-7fff1a92a000 r-xp 00000000 00:00 0                          [vdso]
ffffffffff600000-ffffffffff601000 r-xp 00000000 00:00 0                  [vsyscall]


VM Arguments:
jvm_args: -Didea.launcher.port=11573 -Didea.launcher.bin.path=/home/dmitry/Downloads/idea-IC-183.5912.21/bin -Dfile.encoding=UTF-8 
java_command: com.intellij.rt.execution.application.AppMainV2 Main
java_class_path (initial): /home/dmitry/Downloads/LOOM/loom/build/linux-x86_64-server-release/jdk/modules/java.base:/home/dmitry/Downloads/LOOM/loom/build/linux-x86_64-server-release/jdk/modules/java.compiler:/home/dmitry/Downloads/LOOM/loom/build/linux-x86_64-server-release/jdk/modules/java.datatransfer:/home/dmitry/Downloads/LOOM/loom/build/linux-x86_64-server-release/jdk/modules/java.desktop:/home/dmitry/Downloads/LOOM/loom/build/linux-x86_64-server-release/jdk/modules/java.instrument:/home/dmitry/Downloads/LOOM/loom/build/linux-x86_64-server-release/jdk/modules/java.logging:/home/dmitry/Downloads/LOOM/loom/build/linux-x86_64-server-release/jdk/modules/java.management:/home/dmitry/Downloads/LOOM/loom/build/linux-x86_64-server-release/jdk/modules/java.management.rmi:/home/dmitry/Downloads/LOOM/loom/build/linux-x86_64-server-release/jdk/modules/java.naming:/home/dmitry/Downloads/LOOM/loom/build/linux-x86_64-server-release/jdk/modules/java.net.http:/home/dmitry/Downloads/LOOM/loom/build/linux-x86_64-server-release/jdk/modules/java.prefs:/home/dmitry/Downloads/LOOM/loom/build/linux-x86_64-server-release/jdk/modules/java.rmi:/home/dmitry/Downloads/LOOM/loom/build/linux-x86_64-server-release/jdk/modules/java.scripting:/home/dmitry/Downloads/LOOM/loom/build/linux-x86_64-server-release/jdk/modules/java.se:/home/dmitry/Downloads/LOOM/loom/build/linux-x86_64-server-release/jdk/modules/java.security.jgss:/home/dmitry/Downloads/LOOM/loom/build/linux-x86_64-server-release/jdk/modules/java.security.sasl:/home/dmitry/Downloads/LOOM/loom/build/linux-x86_64-server-release/jdk/modules/java.smartcardio:/home/dmitry/Downloads/LOOM/loom/build/linux-x86_64-server-release/jdk/modules/java.sql:/home/dmitry/Downloads/LOOM/loom/build/linux-x86_64-server-release/jdk/modules/java.sql.rowset:/home/dmitry/Downloads/LOOM/loom/build/linux-x86_64-server-release/jdk/modules/java.transaction.xa:/home/dmitry/Downloads/LOOM/loom/build/linux-x86_64-server-release/jdk/modules/java.xml:/home/dmitry/D
Launcher Type: SUN_STANDARD

[Global flags]
     intx CICompilerCount                          = 3                                         {product} {ergonomic}
     uint ConcGCThreads                            = 1                                         {product} {ergonomic}
     uint G1ConcRefinementThreads                  = 4                                         {product} {ergonomic}
   size_t G1HeapRegionSize                         = 1048576                                   {product} {ergonomic}
    uintx GCDrainStackTargetSize                   = 64                                        {product} {ergonomic}
   size_t InitialHeapSize                          = 83886080                                  {product} {ergonomic}
   size_t MarkStackSize                            = 4194304                                   {product} {ergonomic}
   size_t MaxHeapSize                              = 1342177280                                {product} {ergonomic}
   size_t MaxNewSize                               = 805306368                                 {product} {ergonomic}
   size_t MinHeapDeltaBytes                        = 1048576                                   {product} {ergonomic}
    uintx NonNMethodCodeHeapSize                   = 5830732                                {pd product} {ergonomic}
    uintx NonProfiledCodeHeapSize                  = 122913754                              {pd product} {ergonomic}
    uintx ProfiledCodeHeapSize                     = 122913754                              {pd product} {ergonomic}
    uintx ReservedCodeCacheSize                    = 251658240                              {pd product} {ergonomic}
     bool SegmentedCodeCache                       = true                                      {product} {ergonomic}
     bool UseCompressedClassPointers               = true                                 {lp64_product} {ergonomic}
     bool UseCompressedOops                        = true                                 {lp64_product} {ergonomic}
     bool UseG1GC                                  = true                                      {product} {ergonomic}

Logging:
Log output configuration:
 #0: stdout all=warning uptime,level,tags
 #1: stderr all=off uptime,level,tags

Environment Variables:
JAVA_HOME=/home/dmitry/usr/local/java/jdk1.8.0
PATH=/bin:/bin:/usr/local/sbin:/usr/local/bin:/usr/sbin:/usr/bin:/sbin:/bin:/usr/games:/usr/local/games:/snap/bin
USERNAME=dmitry
SHELL=/bin/bash
DISPLAY=:0

Signal Handlers:
SIGSEGV: [libjvm.so+0xfe38e0], sa_mask[0]=11111111011111111101111111111110, sa_flags=SA_RESTART|SA_SIGINFO
SIGBUS: [libjvm.so+0xfe38e0], sa_mask[0]=11111111011111111101111111111110, sa_flags=SA_RESTART|SA_SIGINFO
SIGFPE: [libjvm.so+0xfe38e0], sa_mask[0]=11111111011111111101111111111110, sa_flags=SA_RESTART|SA_SIGINFO
SIGPIPE: [libjvm.so+0xc81160], sa_mask[0]=11111111011111111101111111111110, sa_flags=SA_RESTART|SA_SIGINFO
SIGXFSZ: [libjvm.so+0xc81160], sa_mask[0]=11111111011111111101111111111110, sa_flags=SA_RESTART|SA_SIGINFO
SIGILL: [libjvm.so+0xfe38e0], sa_mask[0]=11111111011111111101111111111110, sa_flags=SA_RESTART|SA_SIGINFO
SIGUSR2: [libjvm.so+0xc81000], sa_mask[0]=00100000000000000000000000000000, sa_flags=SA_RESTART|SA_SIGINFO
SIGHUP: [libjvm.so+0xc81600], sa_mask[0]=11111111011111111101111111111110, sa_flags=SA_RESTART|SA_SIGINFO
SIGINT: [libjvm.so+0xc81600], sa_mask[0]=11111111011111111101111111111110, sa_flags=SA_RESTART|SA_SIGINFO
SIGTERM: [libjvm.so+0xc81600], sa_mask[0]=11111111011111111101111111111110, sa_flags=SA_RESTART|SA_SIGINFO
SIGQUIT: [libjvm.so+0xc81600], sa_mask[0]=11111111011111111101111111111110, sa_flags=SA_RESTART|SA_SIGINFO


---------------  S Y S T E M  ---------------

OS:DISTRIB_ID=Ubuntu
DISTRIB_RELEASE=18.04
DISTRIB_CODENAME=bionic
DISTRIB_DESCRIPTION="Ubuntu 18.04.2 LTS"
uname:Linux 4.18.0-18-generic #19~18.04.1-Ubuntu SMP Fri Apr 5 10:22:13 UTC 2019 x86_64
libc:glibc 2.27 NPTL 2.27 
rlimit: STACK 8192k, CORE 0k, NPROC 20276, NOFILE 4096, AS infinity, DATA infinity, FSIZE infinity
load average:2,31 2,80 3,81

/proc/meminfo:
MemTotal:        5234996 kB
MemFree:          693380 kB
MemAvailable:    3175500 kB
Buffers:           53460 kB
Cached:          2638292 kB
SwapCached:       101612 kB
Active:          1966684 kB
Inactive:        2281164 kB
Active(anon):     930264 kB
Inactive(anon):   700140 kB
Active(file):    1036420 kB
Inactive(file):  1581024 kB
Unevictable:          32 kB
Mlocked:              32 kB
SwapTotal:       2097148 kB
SwapFree:        1084924 kB
Dirty:             10108 kB
Writeback:             0 kB
AnonPages:       1541400 kB
Mapped:           154056 kB
Shmem:             74304 kB
Slab:             186192 kB
SReclaimable:     143360 kB
SUnreclaim:        42832 kB
KernelStack:        9552 kB
PageTables:        35608 kB
NFS_Unstable:          0 kB
Bounce:                0 kB
WritebackTmp:          0 kB
CommitLimit:     4714644 kB
Committed_AS:    5692192 kB
VmallocTotal:   34359738367 kB
VmallocUsed:           0 kB
VmallocChunk:          0 kB
HardwareCorrupted:     0 kB
AnonHugePages:         0 kB
ShmemHugePages:        0 kB
ShmemPmdMapped:        0 kB
CmaTotal:              0 kB
CmaFree:               0 kB
HugePages_Total:       0
HugePages_Free:        0
HugePages_Rsvd:        0
HugePages_Surp:        0
Hugepagesize:       2048 kB
Hugetlb:               0 kB
DirectMap4k:      153536 kB
DirectMap2M:     5257216 kB


/proc/sys/kernel/threads-max (system-wide limit on the number of threads):
40552


/proc/sys/vm/max_map_count (maximum number of memory map areas a process may have):
65530


/proc/sys/kernel/pid_max (system-wide limit on number of process identifiers):
32768



container (cgroup) information:
container_type: cgroupv1
cpu_cpuset_cpus: 0-3
cpu_memory_nodes: 0
active_processor_count: 4
cpu_quota: no quota
cpu_period: 100000
cpu_shares: no shares
memory_limit_in_bytes: unlimited
memory_and_swap_limit_in_bytes: not supported
memory_soft_limit_in_bytes: unlimited
memory_usage_in_bytes: 4345163776
memory_max_usage_in_bytes: 3952640

KVM virtualization detected
Steal ticks since vm start: 0
Steal ticks percentage since vm start:  0,000

CPU:total 4 (initial active 4) (4 cores per cpu, 1 threads per core) family 6 model 60 stepping 3, cmov, cx8, fxsr, mmx, sse, sse2, sse3, ssse3, sse4.1, sse4.2, popcnt, avx, avx2, aes, clmul, lzcnt, tsc, tscinvbit
CPU Model and flags from /proc/cpuinfo:
model name	: Intel(R) Core(TM) i7-4700HQ CPU @ 2.40GHz
flags		: fpu vme de pse tsc msr pae mce cx8 apic sep mtrr pge mca cmov pat pse36 clflush mmx fxsr sse sse2 ht syscall nx rdtscp lm constant_tsc rep_good nopl xtopology nonstop_tsc cpuid tsc_known_freq pni pclmulqdq ssse3 cx16 pcid sse4_1 sse4_2 x2apic movbe popcnt aes xsave avx rdrand hypervisor lahf_lm abm invpcid_single pti fsgsbase avx2 invpcid flush_l1d

Memory: 4k page, physical 5234996k(693380k free), swap 2097148k(1084924k free)

vm_info: OpenJDK 64-Bit Server VM (13-internal+0-adhoc.dmitry.loom) for linux-amd64 JRE (13-internal+0-adhoc.dmitry.loom), built on May 15 2019 03:47:32 by "dmitry" with gcc 7.4.0

END.
