#
# A fatal error has been detected by the Java Runtime Environment:
#
#  SIGSEGV (0xb) at pc=0x00007f9752d75e10, pid=5568, tid=5593
#
# JRE version: OpenJDK Runtime Environment (13.0) (build 13-testing+0-builds.shipilev.net-openjdk-loom-b47-20190308-jdk-139)
# Java VM: OpenJDK 64-Bit Server VM (13-testing+0-builds.shipilev.net-openjdk-loom-b47-20190308-jdk-139, mixed mode, sharing, tiered, compressed oops, serial gc, linux-amd64)
# Problematic frame:
# V  [libjvm.so+0x677e10]  CodeCache::find_blob_and_oopmap(void*, int&)+0x0
#
# Core dump will be written. Default location: Core dumps may be processed with "/usr/share/apport/apport %p %s %c %d %P" (or dumping to /home/dmitry/Downloads/ContinuationSender/core.5568)
#
# If you would like to submit a bug report, please visit:
#   http://bugreport.java.com/bugreport/crash.jsp
#

---------------  S U M M A R Y ------------

Command Line: -Didea.launcher.port=6743 -Didea.launcher.bin.path=/home/dmitry/Downloads/idea-IC-183.5912.21/bin -Dfile.encoding=UTF-8 com.intellij.rt.execution.application.AppMainV2 Main

Host: Intel(R) Core(TM) i7-4700HQ CPU @ 2.40GHz, 1 cores, 4G, Ubuntu 18.04.2 LTS
Time: Sun May  5 14:17:46 2019 MSK elapsed time: 1 seconds (0d 0h 0m 1s)

---------------  T H R E A D  ---------------

Current thread (0x00007f974c1a6800):  JavaThread "Thread-0" [_thread_in_Java, id=5593, stack(0x00007f9726f13000,0x00007f9727014000)]

Stack: [0x00007f9726f13000,0x00007f9727014000],  sp=0x00007f97270111b8,  free space=1016k
Native frames: (J=compiled Java code, A=aot compiled Java code, j=interpreted, Vv=VM code, C=native code)
V  [libjvm.so+0x677e10]  CodeCache::find_blob_and_oopmap(void*, int&)+0x0
V  [libjvm.so+0x675183]  thaw1(JavaThread*, FrameInfo*, bool)+0x213
V  [libjvm.so+0x675815]  Continuation::thaw(FrameInfo*, bool, bool)+0x45
v  ~BufferBlob::StubRoutines (3)
j  java.lang.Continuation.run()V+113 java.base@13-testing
j  Deserializer$$Lambda$21.run()V+4
j  java.lang.Thread.run()V+11 java.base@13-testing
v  ~StubRoutines::call_stub
V  [libjvm.so+0x887d22]  JavaCalls::call_helper(JavaValue*, methodHandle const&, JavaCallArguments*, Thread*)+0x3c2
V  [libjvm.so+0x885d00]  JavaCalls::call_virtual(JavaValue*, Handle, Klass*, Symbol*, Symbol*, Thread*)+0x1f0
V  [libjvm.so+0x934245]  thread_entry(JavaThread*, Thread*)+0x75
V  [libjvm.so+0xed0375]  JavaThread::run()+0x1e5
V  [libjvm.so+0xecdfee]  Thread::call_run()+0x7e
V  [libjvm.so+0xc0b6ee]  thread_native_entry(Thread*)+0xee


siginfo: si_signo: 11 (SIGSEGV), si_code: 1 (SEGV_MAPERR), si_addr: 0x00007f88bfc9a650

Register to memory mapping:

RAX=0x00007f974c040730 points into unknown readable memory: 10 07 04 4c 97 7f 00 00
RBX=0x00007f9727011270 is pointing into the stack for thread: 0x00007f974c1a6800
RCX=
[error occurred during error reporting (printing register info), id 0xb, SIGSEGV (0xb) at pc=0x00007f97534fa856]

Registers:
RAX=0x00007f974c040730, RBX=0x00007f9727011270, RCX=0x00000000b6723bb0, RDX=0x00007f97348fe880
RSP=0x00007f97270111b8, RBP=0x00007f97270111e0, RSI=0x00007f97270111cc, RDI=0x00007f88bfc9a650
R8 =0x0000000000000000, R9 =0x0000000000000000, R10=0x00007f9734909220, R11=0x00007f9727012680
R12=0x00007f9727011350, R13=0x00007f9727011350, R14=0x0000000000002710, R15=0x00007f9727011270
RIP=0x00007f9752d75e10, EFLAGS=0x0000000000010283, CSGSFS=0x002b000000000033, ERR=0x0000000000000004
  TRAPNO=0x000000000000000e

Top of Stack: (sp=0x00007f97270111b8)
0x00007f97270111b8:   00007f9752d6dca4 00007f97270111e0
0x00007f97270111c8:   0000000052d6f58c 00007f9727012680
0x00007f97270111d8:   00007f974c19f340 00007f9727012640
0x00007f97270111e8:   00007f9752d73183 0000000000000000 

Instructions: (pc=0x00007f9752d75e10)
0x00007f9752d75d10:   55 48 89 e5 53 48 89 fb 48 83 ec 08 48 8d 05 d2
0x00007f9752d75d20:   a9 f3 00 80 38 00 48 8d 05 63 f3 f0 00 48 8b 00
0x00007f9752d75d30:   75 1e 83 78 10 05 0f 87 94 00 00 00 8b 40 10 48
0x00007f9752d75d40:   8d 15 42 e8 97 00 48 63 04 82 48 01 d0 ff e0 90
0x00007f9752d75d50:   83 78 10 05 77 7a 8b 40 10 48 8d 15 40 e8 97 00
0x00007f9752d75d60:   48 63 04 82 48 01 d0 ff e0 0f 1f 80 00 00 00 00
0x00007f9752d75d70:   48 8d 05 c9 f3 ff ff 48 89 05 42 27 ed 00 48 83
0x00007f9752d75d80:   c4 08 48 89 df 5b 5d ff e0 0f 1f 80 00 00 00 00
0x00007f9752d75d90:   48 8d 05 d9 f3 ff ff eb de 0f 1f 80 00 00 00 00
0x00007f9752d75da0:   48 8d 05 f9 f3 ff ff eb ce 0f 1f 80 00 00 00 00
0x00007f9752d75db0:   48 8d 05 19 f4 ff ff eb be 0f 1f 80 00 00 00 00
0x00007f9752d75dc0:   48 8d 05 19 fe ff ff eb ae 0f 1f 80 00 00 00 00
0x00007f9752d75dd0:   48 8d 05 71 27 ed 00 48 8d 15 3a 84 94 00 48 8d
0x00007f9752d75de0:   3d 6b 84 94 00 be ef 00 00 00 48 8b 00 c6 00 58
0x00007f9752d75df0:   31 c0 e8 c9 c4 00 00 e8 44 a7 58 00 31 c0 e9 74
0x00007f9752d75e00:   ff ff ff 66 2e 0f 1f 84 00 00 00 00 00 0f 1f 00
0x00007f9752d75e10:   81 3f 0f 1f 84 00 75 33 48 85 ff 74 2e 8b 4f 04
0x00007f9752d75e20:   85 c9 74 1c 89 c8 c1 e9 18 25 ff ff ff 00 89 0e
0x00007f9752d75e30:   48 29 c7 48 89 f8 c3 66 0f 1f 84 00 00 00 00 00
0x00007f9752d75e40:   48 89 f2 48 89 fe e9 e5 db f6 ff 55 48 89 e5 53
0x00007f9752d75e50:   48 89 f3 48 83 ec 08 e8 c4 92 f6 ff c7 03 ff ff
0x00007f9752d75e60:   ff ff 48 83 c4 08 5b 5d c3 0f 1f 80 00 00 00 00
0x00007f9752d75e70:   55 48 89 e5 41 54 53 48 89 fb 48 83 ec 10 48 89
0x00007f9752d75e80:   37 48 89 77 30 48 89 57 28 48 89 4f 08 81 39 0f
0x00007f9752d75e90:   1f 84 00 c7 45 ec 00 00 00 00 0f 85 cf 00 00 00
0x00007f9752d75ea0:   48 85 c9 0f 84 c6 00 00 00 8b 41 04 85 c0 0f 84
0x00007f9752d75eb0:   8c 00 00 00 25 ff ff ff 00 48 29 c1 48 89 c8 48
0x00007f9752d75ec0:   85 c0 48 89 43 10 74 70 80 78 50 00 74 6a 48 8b
0x00007f9752d75ed0:   53 08 48 8b 88 88 00 00 00 48 39 ca 74 0f 83 78
0x00007f9752d75ee0:   08 03 74 74 48 3b 90 90 00 00 00 75 4b 48 8b 10
0x00007f9752d75ef0:   48 8d 0d 59 ed ff ff 4c 8b 63 30 48 8b 92 a8 01
0x00007f9752d75f00:   00 00 48 39 ca 75 61 8b 80 58 01 00 00 48 98 49 


Stack slot to memory mapping:
stack at sp + 0 slots: 0x00007f9752d6dca4: <offset 0x000000000066fca4> in /home/dmitry/Downloads/jdk/lib/server/libjvm.so at 0x00007f97526fe000
stack at sp + 1 slots: 0x00007f97270111e0 is pointing into the stack for thread: 0x00007f974c1a6800
stack at sp + 2 slots: 0x0000000052d6f58c is an unknown value
stack at sp + 3 slots: 0x00007f9727012680 is pointing into the stack for thread: 0x00007f974c1a6800
stack at sp + 4 slots: 0x00007f974c19f340 points into unknown readable memory: 02 00 00 00 97 7f 00 00
stack at sp + 5 slots: 0x00007f9727012640 is pointing into the stack for thread: 0x00007f974c1a6800
stack at sp + 6 slots: 0x00007f9752d73183: <offset 0x0000000000675183> in /home/dmitry/Downloads/jdk/lib/server/libjvm.so at 0x00007f97526fe000
stack at sp + 7 slots: 0x0 is NULL


---------------  P R O C E S S  ---------------

Threads class SMR info:
_java_thread_list=0x00007f974c1a7750, length=12, elements={
0x00007f974c05c000, 0x00007f974c05e000, 0x00007f974c065000, 0x00007f974c067000,
0x00007f974c069000, 0x00007f974c06b000, 0x00007f974c0ad800, 0x00007f974c0b7000,
0x00007f974c0f6000, 0x00007f9720001000, 0x00007f974c1a6800, 0x00007f974c013800
}

Java Threads: ( => current thread )
  0x00007f974c05c000 JavaThread "Reference Handler" daemon [_thread_blocked, id=5573, stack(0x00007f975022f000,0x00007f9750330000)]
  0x00007f974c05e000 JavaThread "Finalizer" daemon [_thread_blocked, id=5574, stack(0x00007f975012e000,0x00007f975022f000)]
  0x00007f974c065000 JavaThread "Signal Dispatcher" daemon [_thread_blocked, id=5577, stack(0x00007f975002d000,0x00007f975012e000)]
  0x00007f974c067000 JavaThread "C2 CompilerThread0" daemon [_thread_blocked, id=5578, stack(0x00007f97347ea000,0x00007f97348eb000)]
  0x00007f974c069000 JavaThread "C1 CompilerThread0" daemon [_thread_blocked, id=5579, stack(0x00007f97346e9000,0x00007f97347ea000)]
  0x00007f974c06b000 JavaThread "Sweeper thread" daemon [_thread_blocked, id=5580, stack(0x00007f97345e8000,0x00007f97346e9000)]
  0x00007f974c0ad800 JavaThread "Service Thread" daemon [_thread_blocked, id=5585, stack(0x00007f97344e7000,0x00007f97345e8000)]
  0x00007f974c0b7000 JavaThread "Common-Cleaner" daemon [_thread_blocked, id=5589, stack(0x00007f97342e4000,0x00007f97343e5000)]
  0x00007f974c0f6000 JavaThread "Monitor Ctrl-Break" daemon [_thread_in_native, id=5591, stack(0x00007f9727318000,0x00007f9727419000)]
  0x00007f9720001000 JavaThread "Attach Listener" daemon [_thread_blocked, id=5592, stack(0x00007f9727014000,0x00007f9727115000)]
=>0x00007f974c1a6800 JavaThread "Thread-0" [_thread_in_Java, id=5593, stack(0x00007f9726f13000,0x00007f9727014000)]
  0x00007f974c013800 JavaThread "DestroyJavaVM" [_thread_blocked, id=5570, stack(0x00007f9754a51000,0x00007f9754b52000)]

Other Threads:
  0x00007f974c059000 VMThread "VM Thread" [stack: 0x00007f9750332000,0x00007f9750432000] [id=5571]
  0x00007f974c0af800 WatcherThread [stack: 0x00007f97343e7000,0x00007f97344e7000] [id=5586]

Threads with active compile tasks:

VM state:not at safepoint (normal execution)

VM Mutex/Monitor currently owned by a thread: None

Heap address: 0x00000000b6200000, size: 1182 MB, Compressed Oops mode: 32-bit
Narrow klass base: 0x0000000800000000, Narrow klass shift: 3
Compressed class space size: 1073741824 Address: 0x0000000800af6000

Heap:
 def new generation   total 22720K, used 6505K [0x00000000b6200000, 0x00000000b7aa0000, 0x00000000cec00000)
  eden space 20224K,  32% used [0x00000000b6200000, 0x00000000b685a7d8, 0x00000000b75c0000)
  from space 2496K,   0% used [0x00000000b75c0000, 0x00000000b75c0000, 0x00000000b7830000)
  to   space 2496K,   0% used [0x00000000b7830000, 0x00000000b7830000, 0x00000000b7aa0000)
 tenured generation   total 50560K, used 0K [0x00000000cec00000, 0x00000000d1d60000, 0x0000000100000000)
   the space 50560K,   0% used [0x00000000cec00000, 0x00000000cec00000, 0x00000000cec00200, 0x00000000d1d60000)
 Metaspace       used 2432K, capacity 5398K, committed 5760K, reserved 1056768K
  class space    used 264K, capacity 520K, committed 640K, reserved 1048576K

Card table byte_map: [0x00007f9750e99000,0x00007f97510e9000] _byte_map_base: 0x00007f97508e8000

Polling page: 0x00007f9754b66000

Metaspace:

Usage:
  Non-class:      4,76 MB capacity,     2,12 MB ( 44%) used,     2,64 MB ( 55%) free+waste,     4,50 KB ( <1%) overhead. 
      Class:    520,00 KB capacity,   264,69 KB ( 51%) used,   252,81 KB ( 49%) free+waste,     2,50 KB ( <1%) overhead. 
       Both:      5,27 MB capacity,     2,38 MB ( 45%) used,     2,89 MB ( 55%) free+waste,     7,00 KB ( <1%) overhead. 

Virtual space:
  Non-class space:        8,00 MB reserved,       5,00 MB ( 62%) committed 
      Class space:        1,00 GB reserved,     640,00 KB ( <1%) committed 
             Both:        1,01 GB reserved,       5,62 MB ( <1%) committed 

Chunk freelists:
   Non-Class:  0 bytes
       Class:  0 bytes
        Both:  0 bytes

CodeHeap 'non-profiled nmethods': size=120036Kb used=119Kb max_used=119Kb free=119916Kb
 bounds [0x00007f973c3b2000, 0x00007f973c622000, 0x00007f97438eb000]
CodeHeap 'profiled nmethods': size=120032Kb used=541Kb max_used=541Kb free=119490Kb
 bounds [0x00007f9734e7a000, 0x00007f97350ea000, 0x00007f973c3b2000]
CodeHeap 'non-nmethods': size=5692Kb used=1163Kb max_used=1174Kb free=4528Kb
 bounds [0x00007f97348eb000, 0x00007f9734b5b000, 0x00007f9734e7a000]
 total_blobs=891 nmethods=388 adapters=329
 compilation: enabled
              stopped_count=0, restarted_count=0
 full_count=0

Compilation events (10 events):
Event: 1,726 Thread 0x00007f974c069000  380       3       java.lang.invoke.MemberName::isResolved (13 bytes)
Event: 1,726 Thread 0x00007f974c069000 nmethod 380 0x00007f9734f00910 code [0x00007f9734f00ae0, 0x00007f9734f00cb0]
Event: 1,726 Thread 0x00007f974c069000  371       1       java.lang.invoke.MethodTypeForm::basicType (5 bytes)
Event: 1,726 Thread 0x00007f974c069000 nmethod 371 0x00007f973c3cf210 code [0x00007f973c3cf3c0, 0x00007f973c3cf4f0]
Event: 1,737 Thread 0x00007f974c069000  386       3       java.lang.invoke.MethodTypeForm::parameterSlotCount (9 bytes)
Event: 1,737 Thread 0x00007f974c069000 nmethod 386 0x00007f9734f00d10 code [0x00007f9734f00ee0, 0x00007f9734f010d0]
Event: 1,737 Thread 0x00007f974c069000  385       3       java.lang.invoke.MethodType::parameterSlotCount (8 bytes)
Event: 1,737 Thread 0x00007f974c069000 nmethod 385 0x00007f9734f01190 code [0x00007f9734f01360, 0x00007f9734f015d0]
Event: 1,745 Thread 0x00007f974c067000  388       4       java.lang.StringLatin1::charAt (28 bytes)
Event: 1,746 Thread 0x00007f974c067000 nmethod 388 0x00007f973c3cfb90 code [0x00007f973c3cfd40, 0x00007f973c3cfdd8]

GC Heap History (0 events):
No events

Deoptimization events (1 events):
Event: 0,569 Thread 0x00007f974c013800 Uncommon trap: reason=unstable_if action=reinterpret pc=0x00007f973c3b6888 method=java.lang.String.hashCode()I @ 14 c2

Classes unloaded (0 events):
No events

Classes redefined (0 events):
No events

Internal exceptions (1 events):
Event: 1,735 Thread 0x00007f974c013800 Exception <a 'java/lang/NoSuchMethodError'{0x00000000b674db08}: java.lang.invoke.DirectMethodHandle$Holder.invokeSpecial(Ljava/lang/Object;Ljava/lang/Object;)V> (0x00000000b674db08) 
thrown [linkResolver.cpp, line 771]
for thread 0x00007f974c013800

Events (10 events):
Event: 1,690 loading class java/lang/invoke/BoundMethodHandle$Species_LLLL done
Event: 1,697 loading class java/lang/invoke/BoundMethodHandle$Species_LLLLL
Event: 1,697 loading class java/lang/invoke/BoundMethodHandle$Species_LLLLL done
Event: 1,712 Executing VM operation: RevokeBias
Event: 1,713 Executing VM operation: RevokeBias done
Event: 1,713 loading class java/lang/invoke/BoundMethodHandle$Species_LLLLLJ
Event: 1,713 loading class java/lang/invoke/BoundMethodHandle$Species_LLLLLJ done
Event: 1,744 Thread 0x00007f974c1a6800 Thread added: 0x00007f974c1a6800
Event: 1,744 Thread 0x00007f974c013800 Thread exited: 0x00007f974c013800
Event: 1,744 Thread 0x00007f974c013800 Thread added: 0x00007f974c013800


Dynamic libraries:
b6200000-b7aa0000 rw-p 00000000 00:00 0 
b7aa0000-cec00000 ---p 00000000 00:00 0 
cec00000-d1d60000 rw-p 00000000 00:00 0 
d1d60000-100000000 ---p 00000000 00:00 0 
800000000-800003000 rwxp 00001000 08:01 1186036                          /home/dmitry/Downloads/jdk/lib/server/classes.jsa
800003000-8003df000 rw-p 00004000 08:01 1186036                          /home/dmitry/Downloads/jdk/lib/server/classes.jsa
8003df000-800af5000 r--p 003e0000 08:01 1186036                          /home/dmitry/Downloads/jdk/lib/server/classes.jsa
800af5000-800af6000 rw-p 00af6000 08:01 1186036                          /home/dmitry/Downloads/jdk/lib/server/classes.jsa
800af6000-800b96000 rw-p 00000000 00:00 0 
800b96000-840af6000 ---p 00000000 00:00 0 
562d624a3000-562d624a4000 r-xp 00000000 08:01 1057947                    /home/dmitry/Downloads/jdk/bin/java
562d626a4000-562d626a5000 r--p 00001000 08:01 1057947                    /home/dmitry/Downloads/jdk/bin/java
562d626a5000-562d626a6000 rw-p 00002000 08:01 1057947                    /home/dmitry/Downloads/jdk/bin/java
562d641b1000-562d641d2000 rw-p 00000000 00:00 0                          [heap]
7f9710000000-7f9710021000 rw-p 00000000 00:00 0 
7f9710021000-7f9714000000 ---p 00000000 00:00 0 
7f9718000000-7f971809c000 rw-p 00000000 00:00 0 
7f971809c000-7f971c000000 ---p 00000000 00:00 0 
7f971c000000-7f971c0fe000 rw-p 00000000 00:00 0 
7f971c0fe000-7f9720000000 ---p 00000000 00:00 0 
7f9720000000-7f9720021000 rw-p 00000000 00:00 0 
7f9720021000-7f9724000000 ---p 00000000 00:00 0 
7f9726b1b000-7f9726f13000 rw-p 00000000 00:00 0 
7f9726f13000-7f9726f17000 ---p 00000000 00:00 0 
7f9726f17000-7f9727014000 rw-p 00000000 00:00 0 
7f9727014000-7f9727018000 ---p 00000000 00:00 0 
7f9727018000-7f9727115000 rw-p 00000000 00:00 0 
7f9727115000-7f9727117000 r-xp 00000000 08:01 1057911                    /home/dmitry/Downloads/jdk/lib/libextnet.so
7f9727117000-7f9727316000 ---p 00002000 08:01 1057911                    /home/dmitry/Downloads/jdk/lib/libextnet.so
7f9727316000-7f9727317000 r--p 00001000 08:01 1057911                    /home/dmitry/Downloads/jdk/lib/libextnet.so
7f9727317000-7f9727318000 rw-p 00002000 08:01 1057911                    /home/dmitry/Downloads/jdk/lib/libextnet.so
7f9727318000-7f972731c000 ---p 00000000 00:00 0 
7f972731c000-7f9727419000 rw-p 00000000 00:00 0 
7f9727419000-7f9727430000 r-xp 00000000 08:01 1057859                    /home/dmitry/Downloads/jdk/lib/libnet.so
7f9727430000-7f972762f000 ---p 00017000 08:01 1057859                    /home/dmitry/Downloads/jdk/lib/libnet.so
7f972762f000-7f9727630000 r--p 00016000 08:01 1057859                    /home/dmitry/Downloads/jdk/lib/libnet.so
7f9727630000-7f9727631000 rw-p 00017000 08:01 1057859                    /home/dmitry/Downloads/jdk/lib/libnet.so
7f9727631000-7f9728000000 r--p 00000000 08:01 10230401                   /usr/lib/locale/locale-archive
7f9728000000-7f9728021000 rw-p 00000000 00:00 0 
7f9728021000-7f972c000000 ---p 00000000 00:00 0 
7f972c000000-7f972c021000 rw-p 00000000 00:00 0 
7f972c021000-7f9730000000 ---p 00000000 00:00 0 
7f9730000000-7f9730021000 rw-p 00000000 00:00 0 
7f9730021000-7f9734000000 ---p 00000000 00:00 0 
7f97340d1000-7f97340e2000 r-xp 00000000 08:01 1057913                    /home/dmitry/Downloads/jdk/lib/libnio.so
7f97340e2000-7f97342e2000 ---p 00011000 08:01 1057913                    /home/dmitry/Downloads/jdk/lib/libnio.so
7f97342e2000-7f97342e3000 r--p 00011000 08:01 1057913                    /home/dmitry/Downloads/jdk/lib/libnio.so
7f97342e3000-7f97342e4000 rw-p 00012000 08:01 1057913                    /home/dmitry/Downloads/jdk/lib/libnio.so
7f97342e4000-7f97342e8000 ---p 00000000 00:00 0 
7f97342e8000-7f97343e5000 rw-p 00000000 00:00 0 
7f97343e5000-7f97343e6000 ---p 00000000 00:00 0 
7f97343e6000-7f97344e7000 rw-p 00000000 00:00 0 
7f97344e7000-7f97344eb000 ---p 00000000 00:00 0 
7f97344eb000-7f97345e8000 rw-p 00000000 00:00 0 
7f97345e8000-7f97345ec000 ---p 00000000 00:00 0 
7f97345ec000-7f97346e9000 rw-p 00000000 00:00 0 
7f97346e9000-7f97346ed000 ---p 00000000 00:00 0 
7f97346ed000-7f97347ea000 rw-p 00000000 00:00 0 
7f97347ea000-7f97347ee000 ---p 00000000 00:00 0 
7f97347ee000-7f97348eb000 rw-p 00000000 00:00 0 
7f97348eb000-7f9734b5b000 rwxp 00000000 00:00 0 
7f9734b5b000-7f9734e7a000 ---p 00000000 00:00 0 
7f9734e7a000-7f97350ea000 rwxp 00000000 00:00 0 
7f97350ea000-7f973c3b2000 ---p 00000000 00:00 0 
7f973c3b2000-7f973c622000 rwxp 00000000 00:00 0 
7f973c622000-7f97438eb000 ---p 00000000 00:00 0 
7f97438eb000-7f974c000000 r--s 00000000 08:01 1057863                    /home/dmitry/Downloads/jdk/lib/modules
7f974c000000-7f974c22e000 rw-p 00000000 00:00 0 
7f974c22e000-7f9750000000 ---p 00000000 00:00 0 
7f975002d000-7f9750031000 ---p 00000000 00:00 0 
7f9750031000-7f975012e000 rw-p 00000000 00:00 0 
7f975012e000-7f9750132000 ---p 00000000 00:00 0 
7f9750132000-7f975022f000 rw-p 00000000 00:00 0 
7f975022f000-7f9750233000 ---p 00000000 00:00 0 
7f9750233000-7f9750330000 rw-p 00000000 00:00 0 
7f9750330000-7f9750331000 ---p 00000000 00:00 0 
7f9750331000-7f9750a0e000 rw-p 00000000 00:00 0 
7f9750a0e000-7f9750d0e000 ---p 00000000 00:00 0 
7f9750d0e000-7f9750d27000 rw-p 00000000 00:00 0 
7f9750d27000-7f9750e99000 ---p 00000000 00:00 0 
7f9750e99000-7f9750ea6000 rw-p 00000000 00:00 0 
7f9750ea6000-7f9750f5e000 ---p 00000000 00:00 0 
7f9750f5e000-7f9750f77000 rw-p 00000000 00:00 0 
7f9750f77000-7f97510e8000 ---p 00000000 00:00 0 
7f97510e8000-7f97510ee000 rw-p 00000000 00:00 0 
7f97510ee000-7f97511d4000 ---p 00000000 00:00 0 
7f97511d4000-7f97511d9000 rw-p 00000000 00:00 0 
7f97511d9000-7f97512bf000 ---p 00000000 00:00 0 
7f97512bf000-7f97512da000 r-xp 00000000 08:01 1057857                    /home/dmitry/Downloads/jdk/lib/libjimage.so
7f97512da000-7f97514d9000 ---p 0001b000 08:01 1057857                    /home/dmitry/Downloads/jdk/lib/libjimage.so
7f97514d9000-7f97514db000 r--p 0001a000 08:01 1057857                    /home/dmitry/Downloads/jdk/lib/libjimage.so
7f97514db000-7f97514dc000 rw-p 0001c000 08:01 1057857                    /home/dmitry/Downloads/jdk/lib/libjimage.so
7f97514dc000-7f97514e3000 r-xp 00000000 08:01 1057903                    /home/dmitry/Downloads/jdk/lib/libzip.so
7f97514e3000-7f97516e2000 ---p 00007000 08:01 1057903                    /home/dmitry/Downloads/jdk/lib/libzip.so
7f97516e2000-7f97516e3000 r--p 00006000 08:01 1057903                    /home/dmitry/Downloads/jdk/lib/libzip.so
7f97516e3000-7f97516e4000 rw-p 00007000 08:01 1057903                    /home/dmitry/Downloads/jdk/lib/libzip.so
7f97516e4000-7f97516ef000 r-xp 00000000 08:01 1184572                    /lib/x86_64-linux-gnu/libnss_files-2.27.so
7f97516ef000-7f97518ee000 ---p 0000b000 08:01 1184572                    /lib/x86_64-linux-gnu/libnss_files-2.27.so
7f97518ee000-7f97518ef000 r--p 0000a000 08:01 1184572                    /lib/x86_64-linux-gnu/libnss_files-2.27.so
7f97518ef000-7f97518f0000 rw-p 0000b000 08:01 1184572                    /lib/x86_64-linux-gnu/libnss_files-2.27.so
7f97518f0000-7f97518f6000 rw-p 00000000 00:00 0 
7f97518f6000-7f975190d000 r-xp 00000000 08:01 1184566                    /lib/x86_64-linux-gnu/libnsl-2.27.so
7f975190d000-7f9751b0c000 ---p 00017000 08:01 1184566                    /lib/x86_64-linux-gnu/libnsl-2.27.so
7f9751b0c000-7f9751b0d000 r--p 00016000 08:01 1184566                    /lib/x86_64-linux-gnu/libnsl-2.27.so
7f9751b0d000-7f9751b0e000 rw-p 00017000 08:01 1184566                    /lib/x86_64-linux-gnu/libnsl-2.27.so
7f9751b0e000-7f9751b10000 rw-p 00000000 00:00 0 
7f9751b10000-7f9751b1b000 r-xp 00000000 08:01 1184583                    /lib/x86_64-linux-gnu/libnss_nis-2.27.so
7f9751b1b000-7f9751d1a000 ---p 0000b000 08:01 1184583                    /lib/x86_64-linux-gnu/libnss_nis-2.27.so
7f9751d1a000-7f9751d1b000 r--p 0000a000 08:01 1184583                    /lib/x86_64-linux-gnu/libnss_nis-2.27.so
7f9751d1b000-7f9751d1c000 rw-p 0000b000 08:01 1184583                    /lib/x86_64-linux-gnu/libnss_nis-2.27.so
7f9751d1c000-7f9751d24000 r-xp 00000000 08:01 1184568                    /lib/x86_64-linux-gnu/libnss_compat-2.27.so
7f9751d24000-7f9751f24000 ---p 00008000 08:01 1184568                    /lib/x86_64-linux-gnu/libnss_compat-2.27.so
7f9751f24000-7f9751f25000 r--p 00008000 08:01 1184568                    /lib/x86_64-linux-gnu/libnss_compat-2.27.so
7f9751f25000-7f9751f26000 rw-p 00009000 08:01 1184568                    /lib/x86_64-linux-gnu/libnss_compat-2.27.so
7f9751f26000-7f9751f4f000 r-xp 00000000 08:01 1057860                    /home/dmitry/Downloads/jdk/lib/libjava.so
7f9751f4f000-7f975214e000 ---p 00029000 08:01 1057860                    /home/dmitry/Downloads/jdk/lib/libjava.so
7f975214e000-7f975214f000 r--p 00028000 08:01 1057860                    /home/dmitry/Downloads/jdk/lib/libjava.so
7f975214f000-7f9752151000 rw-p 00029000 08:01 1057860                    /home/dmitry/Downloads/jdk/lib/libjava.so
7f9752151000-7f975215e000 r-xp 00000000 08:01 1057920                    /home/dmitry/Downloads/jdk/lib/libverify.so
7f975215e000-7f975235d000 ---p 0000d000 08:01 1057920                    /home/dmitry/Downloads/jdk/lib/libverify.so
7f975235d000-7f975235f000 r--p 0000c000 08:01 1057920                    /home/dmitry/Downloads/jdk/lib/libverify.so
7f975235f000-7f9752360000 rw-p 0000e000 08:01 1057920                    /home/dmitry/Downloads/jdk/lib/libverify.so
7f9752360000-7f97524fd000 r-xp 00000000 08:01 1184545                    /lib/x86_64-linux-gnu/libm-2.27.so
7f97524fd000-7f97526fc000 ---p 0019d000 08:01 1184545                    /lib/x86_64-linux-gnu/libm-2.27.so
7f97526fc000-7f97526fd000 r--p 0019c000 08:01 1184545                    /lib/x86_64-linux-gnu/libm-2.27.so
7f97526fd000-7f97526fe000 rw-p 0019d000 08:01 1184545                    /lib/x86_64-linux-gnu/libm-2.27.so
7f97526fe000-7f975397d000 r-xp 00000000 08:01 1186031                    /home/dmitry/Downloads/jdk/lib/server/libjvm.so
7f975397d000-7f9753b7c000 ---p 0127f000 08:01 1186031                    /home/dmitry/Downloads/jdk/lib/server/libjvm.so
7f9753b7c000-7f9753c43000 r--p 0127e000 08:01 1186031                    /home/dmitry/Downloads/jdk/lib/server/libjvm.so
7f9753c43000-7f9753c7e000 rw-p 01345000 08:01 1186031                    /home/dmitry/Downloads/jdk/lib/server/libjvm.so
7f9753c7e000-7f9753d01000 rw-p 00000000 00:00 0 
7f9753d01000-7f9753ee8000 r-xp 00000000 08:01 1184482                    /lib/x86_64-linux-gnu/libc-2.27.so
7f9753ee8000-7f97540e8000 ---p 001e7000 08:01 1184482                    /lib/x86_64-linux-gnu/libc-2.27.so
7f97540e8000-7f97540ec000 r--p 001e7000 08:01 1184482                    /lib/x86_64-linux-gnu/libc-2.27.so
7f97540ec000-7f97540ee000 rw-p 001eb000 08:01 1184482                    /lib/x86_64-linux-gnu/libc-2.27.so
7f97540ee000-7f97540f2000 rw-p 00000000 00:00 0 
7f97540f2000-7f97540f5000 r-xp 00000000 08:01 1184505                    /lib/x86_64-linux-gnu/libdl-2.27.so
7f97540f5000-7f97542f4000 ---p 00003000 08:01 1184505                    /lib/x86_64-linux-gnu/libdl-2.27.so
7f97542f4000-7f97542f5000 r--p 00002000 08:01 1184505                    /lib/x86_64-linux-gnu/libdl-2.27.so
7f97542f5000-7f97542f6000 rw-p 00003000 08:01 1184505                    /lib/x86_64-linux-gnu/libdl-2.27.so
7f97542f6000-7f9754310000 r-xp 00000000 08:01 1184615                    /lib/x86_64-linux-gnu/libpthread-2.27.so
7f9754310000-7f975450f000 ---p 0001a000 08:01 1184615                    /lib/x86_64-linux-gnu/libpthread-2.27.so
7f975450f000-7f9754510000 r--p 00019000 08:01 1184615                    /lib/x86_64-linux-gnu/libpthread-2.27.so
7f9754510000-7f9754511000 rw-p 0001a000 08:01 1184615                    /lib/x86_64-linux-gnu/libpthread-2.27.so
7f9754511000-7f9754515000 rw-p 00000000 00:00 0 
7f9754515000-7f9754524000 r-xp 00000000 08:01 1057861                    /home/dmitry/Downloads/jdk/lib/libjli.so
7f9754524000-7f9754723000 ---p 0000f000 08:01 1057861                    /home/dmitry/Downloads/jdk/lib/libjli.so
7f9754723000-7f9754724000 r--p 0000e000 08:01 1057861                    /home/dmitry/Downloads/jdk/lib/libjli.so
7f9754724000-7f9754725000 rw-p 0000f000 08:01 1057861                    /home/dmitry/Downloads/jdk/lib/libjli.so
7f9754725000-7f9754741000 r-xp 00000000 08:01 1184654                    /lib/x86_64-linux-gnu/libz.so.1.2.11
7f9754741000-7f9754940000 ---p 0001c000 08:01 1184654                    /lib/x86_64-linux-gnu/libz.so.1.2.11
7f9754940000-7f9754941000 r--p 0001b000 08:01 1184654                    /lib/x86_64-linux-gnu/libz.so.1.2.11
7f9754941000-7f9754942000 rw-p 0001c000 08:01 1184654                    /lib/x86_64-linux-gnu/libz.so.1.2.11
7f9754942000-7f9754969000 r-xp 00000000 08:01 1184454                    /lib/x86_64-linux-gnu/ld-2.27.so
7f9754991000-7f9754a4a000 rw-p 00000000 00:00 0 
7f9754a4a000-7f9754a51000 ---p 00000000 00:00 0 
7f9754a51000-7f9754a55000 ---p 00000000 00:00 0 
7f9754a55000-7f9754b56000 rw-p 00000000 00:00 0 
7f9754b5e000-7f9754b66000 rw-s 00000000 08:01 397033                     /tmp/hsperfdata_dmitry/5568
7f9754b66000-7f9754b67000 ---p 00000000 00:00 0 
7f9754b67000-7f9754b68000 r--p 00000000 00:00 0 
7f9754b68000-7f9754b69000 ---p 00000000 00:00 0 
7f9754b69000-7f9754b6a000 r--p 00027000 08:01 1184454                    /lib/x86_64-linux-gnu/ld-2.27.so
7f9754b6a000-7f9754b6b000 rw-p 00028000 08:01 1184454                    /lib/x86_64-linux-gnu/ld-2.27.so
7f9754b6b000-7f9754b6c000 rw-p 00000000 00:00 0 
7ffda90ad000-7ffda90cf000 rw-p 00000000 00:00 0                          [stack]
7ffda912b000-7ffda912e000 r--p 00000000 00:00 0                          [vvar]
7ffda912e000-7ffda9130000 r-xp 00000000 00:00 0                          [vdso]
ffffffffff600000-ffffffffff601000 r-xp 00000000 00:00 0                  [vsyscall]


VM Arguments:
jvm_args: -Didea.launcher.port=6743 -Didea.launcher.bin.path=/home/dmitry/Downloads/idea-IC-183.5912.21/bin -Dfile.encoding=UTF-8 
java_command: com.intellij.rt.execution.application.AppMainV2 Main
java_class_path (initial): /home/dmitry/Downloads/ContinuationSender/target/classes:/home/dmitry/.m2/repository/com/esotericsoftware/kryo/4.0.2/kryo-4.0.2.jar:/home/dmitry/.m2/repository/com/esotericsoftware/reflectasm/1.11.3/reflectasm-1.11.3.jar:/home/dmitry/.m2/repository/org/ow2/asm/asm/5.0.4/asm-5.0.4.jar:/home/dmitry/.m2/repository/com/esotericsoftware/minlog/1.3.0/minlog-1.3.0.jar:/home/dmitry/.m2/repository/org/objenesis/objenesis/2.5.1/objenesis-2.5.1.jar:/home/dmitry/Downloads/idea-IC-183.5912.21/lib/idea_rt.jar
Launcher Type: SUN_STANDARD

[Global flags]
     intx CICompilerCount                          = 2                                         {product} {ergonomic}
   size_t InitialHeapSize                          = 77594624                                  {product} {ergonomic}
   size_t MaxHeapSize                              = 1239416832                                {product} {ergonomic}
   size_t MaxNewSize                               = 413138944                                 {product} {ergonomic}
   size_t MinHeapDeltaBytes                        = 196608                                    {product} {ergonomic}
   size_t NewSize                                  = 25821184                                  {product} {ergonomic}
    uintx NonNMethodCodeHeapSize                   = 5825164                                {pd product} {ergonomic}
    uintx NonProfiledCodeHeapSize                  = 122916538                              {pd product} {ergonomic}
   size_t OldSize                                  = 51773440                                  {product} {ergonomic}
    uintx ProfiledCodeHeapSize                     = 122916538                              {pd product} {ergonomic}
    uintx ReservedCodeCacheSize                    = 251658240                              {pd product} {ergonomic}
     bool SegmentedCodeCache                       = true                                      {product} {ergonomic}
     bool UseCompressedClassPointers               = true                                 {lp64_product} {ergonomic}
     bool UseCompressedOops                        = true                                 {lp64_product} {ergonomic}
     bool UseSerialGC                              = true                                      {product} {ergonomic}

Logging:
Log output configuration:
 #0: stdout all=warning uptime,level,tags
 #1: stderr all=off uptime,level,tags

Environment Variables:
JAVA_HOME=/home/dmitry/usr/local/java/jdk1.8.0
PATH=/bin:/bin:/usr/local/sbin:/usr/local/bin:/usr/sbin:/usr/bin:/sbin:/bin:/usr/games:/usr/local/games:/snap/bin
USERNAME=dmitry
SHELL=/bin/bash
DISPLAY=:0

Signal Handlers:
SIGSEGV: [libjvm.so+0xf3a810], sa_mask[0]=11111111011111111101111111111110, sa_flags=SA_RESTART|SA_SIGINFO
SIGBUS: [libjvm.so+0xf3a810], sa_mask[0]=11111111011111111101111111111110, sa_flags=SA_RESTART|SA_SIGINFO
SIGFPE: [libjvm.so+0xf3a810], sa_mask[0]=11111111011111111101111111111110, sa_flags=SA_RESTART|SA_SIGINFO
SIGPIPE: [libjvm.so+0xc01980], sa_mask[0]=11111111011111111101111111111110, sa_flags=SA_RESTART|SA_SIGINFO
SIGXFSZ: [libjvm.so+0xc01980], sa_mask[0]=11111111011111111101111111111110, sa_flags=SA_RESTART|SA_SIGINFO
SIGILL: [libjvm.so+0xf3a810], sa_mask[0]=11111111011111111101111111111110, sa_flags=SA_RESTART|SA_SIGINFO
SIGUSR2: [libjvm.so+0xc01820], sa_mask[0]=00100000000000000000000000000000, sa_flags=SA_RESTART|SA_SIGINFO
SIGHUP: [libjvm.so+0xc01b80], sa_mask[0]=11111111011111111101111111111110, sa_flags=SA_RESTART|SA_SIGINFO
SIGINT: [libjvm.so+0xc01b80], sa_mask[0]=11111111011111111101111111111110, sa_flags=SA_RESTART|SA_SIGINFO
SIGTERM: [libjvm.so+0xc01b80], sa_mask[0]=11111111011111111101111111111110, sa_flags=SA_RESTART|SA_SIGINFO
SIGQUIT: [libjvm.so+0xc01b80], sa_mask[0]=11111111011111111101111111111110, sa_flags=SA_RESTART|SA_SIGINFO


---------------  S Y S T E M  ---------------

OS:DISTRIB_ID=Ubuntu
DISTRIB_RELEASE=18.04
DISTRIB_CODENAME=bionic
DISTRIB_DESCRIPTION="Ubuntu 18.04.2 LTS"
uname:Linux 4.18.0-18-generic #19~18.04.1-Ubuntu SMP Fri Apr 5 10:22:13 UTC 2019 x86_64
libc:glibc 2.27 NPTL 2.27 
rlimit: STACK 8192k, CORE 0k, NPROC 18710, NOFILE 4096, AS infinity, DATA infinity, FSIZE infinity
load average:2,17 1,57 1,58

/proc/meminfo:
MemTotal:        4834140 kB
MemFree:          367600 kB
MemAvailable:    1586016 kB
Buffers:           96108 kB
Cached:          1652160 kB
SwapCached:            0 kB
Active:          3245512 kB
Inactive:         966996 kB
Active(anon):    2394236 kB
Inactive(anon):   439304 kB
Active(file):     851276 kB
Inactive(file):   527692 kB
Unevictable:          32 kB
Mlocked:              32 kB
SwapTotal:       2097148 kB
SwapFree:        2097148 kB
Dirty:             12168 kB
Writeback:             0 kB
AnonPages:       2464296 kB
Mapped:           737460 kB
Shmem:            369304 kB
Slab:             130572 kB
SReclaimable:      89416 kB
SUnreclaim:        41156 kB
KernelStack:       11548 kB
PageTables:        44032 kB
NFS_Unstable:          0 kB
Bounce:                0 kB
WritebackTmp:          0 kB
CommitLimit:     4514216 kB
Committed_AS:    6727644 kB
VmallocTotal:   34359738367 kB
VmallocUsed:           0 kB
VmallocChunk:          0 kB
HardwareCorrupted:     0 kB
AnonHugePages:         0 kB
ShmemHugePages:        0 kB
ShmemPmdMapped:        0 kB
CmaTotal:              0 kB
CmaFree:               0 kB
HugePages_Total:       0
HugePages_Free:        0
HugePages_Rsvd:        0
HugePages_Surp:        0
Hugepagesize:       2048 kB
Hugetlb:               0 kB
DirectMap4k:      139200 kB
DirectMap2M:     4864000 kB


/proc/sys/kernel/threads-max (system-wide limit on the number of threads):
37420


/proc/sys/vm/max_map_count (maximum number of memory map areas a process may have):
65530


/proc/sys/kernel/pid_max (system-wide limit on number of process identifiers):
32768



container (cgroup) information:
container_type: cgroupv1
cpu_cpuset_cpus: 0
cpu_memory_nodes: 0
active_processor_count: 1
cpu_quota: -1
cpu_period: 100000
cpu_shares: -1
memory_limit_in_bytes: -1
memory_and_swap_limit_in_bytes: -2
memory_soft_limit_in_bytes: -1
memory_usage_in_bytes: 4313628672
memory_max_usage_in_bytes: 0


CPU:total 1 (initial active 1) (1 cores per cpu, 1 threads per core) family 6 model 60 stepping 3, cmov, cx8, fxsr, mmx, sse, sse2, sse3, ssse3, sse4.1, sse4.2, popcnt, avx, avx2, aes, clmul, lzcnt, tsc, tscinvbit
CPU Model and flags from /proc/cpuinfo:
model name	: Intel(R) Core(TM) i7-4700HQ CPU @ 2.40GHz
flags		: fpu vme de pse tsc msr pae mce cx8 apic sep mtrr pge mca cmov pat pse36 clflush mmx fxsr sse sse2 ht syscall nx rdtscp lm constant_tsc rep_good nopl xtopology nonstop_tsc cpuid tsc_known_freq pni pclmulqdq monitor ssse3 cx16 pcid sse4_1 sse4_2 x2apic movbe popcnt aes xsave avx rdrand hypervisor lahf_lm abm invpcid_single pti fsgsbase avx2 invpcid flush_l1d

Memory: 4k page, physical 4834140k(367352k free), swap 2097148k(2097148k free)

vm_info: OpenJDK 64-Bit Server VM (13-testing+0-builds.shipilev.net-openjdk-loom-b47-20190308-jdk-139) for linux-amd64 JRE (13-testing+0-builds.shipilev.net-openjdk-loom-b47-20190308-jdk-139), built on Mar  8 2019 00:39:30 by "buildbot" with gcc 6.3.0 20170516

END.
