#
# A fatal error has been detected by the Java Runtime Environment:
#
#  SIGSEGV (0xb) at pc=0x00007fc67ca19e10, pid=3865, tid=3889
#
# JRE version: OpenJDK Runtime Environment (13.0) (build 13-testing+0-builds.shipilev.net-openjdk-loom-b47-20190308-jdk-139)
# Java VM: OpenJDK 64-Bit Server VM (13-testing+0-builds.shipilev.net-openjdk-loom-b47-20190308-jdk-139, mixed mode, sharing, tiered, compressed oops, serial gc, linux-amd64)
# Problematic frame:
# V  [libjvm.so+0x677e10]  CodeCache::find_blob_and_oopmap(void*, int&)+0x0
#
# Core dump will be written. Default location: Core dumps may be processed with "/usr/share/apport/apport %p %s %c %d %P" (or dumping to /home/dmitry/Downloads/ContinuationSender/core.3865)
#
# If you would like to submit a bug report, please visit:
#   http://bugreport.java.com/bugreport/crash.jsp
#

---------------  S U M M A R Y ------------

Command Line: -Didea.launcher.port=13323 -Didea.launcher.bin.path=/home/dmitry/Downloads/idea-IC-183.5912.21/bin -Dfile.encoding=UTF-8 com.intellij.rt.execution.application.AppMainV2 Main

Host: Intel(R) Core(TM) i7-4700HQ CPU @ 2.40GHz, 1 cores, 4G, Ubuntu 18.04.2 LTS
Time: Sun May  5 13:13:45 2019 MSK elapsed time: 2 seconds (0d 0h 0m 2s)

---------------  T H R E A D  ---------------

Current thread (0x00007fc6781b7000):  JavaThread "Thread-0" [_thread_in_Java, id=3889, stack(0x00007fc65ccb1000,0x00007fc65cdb2000)]

Stack: [0x00007fc65ccb1000,0x00007fc65cdb2000],  sp=0x00007fc65cdaf1b8,  free space=1016k
Native frames: (J=compiled Java code, A=aot compiled Java code, j=interpreted, Vv=VM code, C=native code)
V  [libjvm.so+0x677e10]  CodeCache::find_blob_and_oopmap(void*, int&)+0x0
V  [libjvm.so+0x675183]  thaw1(JavaThread*, FrameInfo*, bool)+0x213
V  [libjvm.so+0x675815]  Continuation::thaw(FrameInfo*, bool, bool)+0x45
v  ~BufferBlob::StubRoutines (3)
j  java.lang.Continuation.run()V+113 java.base@13-testing
j  Deserializer$$Lambda$21.run()V+4
j  java.lang.Thread.run()V+11 java.base@13-testing
v  ~StubRoutines::call_stub
V  [libjvm.so+0x887d22]  JavaCalls::call_helper(JavaValue*, methodHandle const&, JavaCallArguments*, Thread*)+0x3c2
V  [libjvm.so+0x885d00]  JavaCalls::call_virtual(JavaValue*, Handle, Klass*, Symbol*, Symbol*, Thread*)+0x1f0
V  [libjvm.so+0x934245]  thread_entry(JavaThread*, Thread*)+0x75
V  [libjvm.so+0xed0375]  JavaThread::run()+0x1e5
V  [libjvm.so+0xecdfee]  Thread::call_run()+0x7e
V  [libjvm.so+0xc0b6ee]  thread_native_entry(Thread*)+0xee


siginfo: si_signo: 11 (SIGSEGV), si_code: 1 (SEGV_MAPERR), si_addr: 0x00007f1c3c901650

Register to memory mapping:

RAX=0x00007fc678040730 points into unknown readable memory: 10 07 04 78 c6 7f 00 00
RBX=0x00007fc65cdaf270 is pointing into the stack for thread: 0x00007fc6781b7000
RCX=
[error occurred during error reporting (printing register info), id 0xb, SIGSEGV (0xb) at pc=0x00007fc67d19e7e9]

Registers:
RAX=0x00007fc678040730, RBX=0x00007fc65cdaf270, RCX=0x00000000b6726f20, RDX=0x00007fc65f85d880
RSP=0x00007fc65cdaf1b8, RBP=0x00007fc65cdaf1e0, RSI=0x00007fc65cdaf1cc, RDI=0x00007f1c3c901650
R8 =0x0000000000000000, R9 =0x0000000000000000, R10=0x00007fc65f868220, R11=0x00007fc65cdb0680
R12=0x00007fc65cdaf350, R13=0x00007fc65cdaf350, R14=0x0000000000002710, R15=0x00007fc65cdaf270
RIP=0x00007fc67ca19e10, EFLAGS=0x0000000000010283, CSGSFS=0x002b000000000033, ERR=0x0000000000000004
  TRAPNO=0x000000000000000e

Top of Stack: (sp=0x00007fc65cdaf1b8)
0x00007fc65cdaf1b8:   00007fc67ca11ca4 00007fc65cdaf1e0
0x00007fc65cdaf1c8:   000000007ca1358c 00007fc65cdb0680
0x00007fc65cdaf1d8:   00007fc6781b76b0 00007fc65cdb0640
0x00007fc65cdaf1e8:   00007fc67ca17183 0000000000000000 

Instructions: (pc=0x00007fc67ca19e10)
0x00007fc67ca19d10:   55 48 89 e5 53 48 89 fb 48 83 ec 08 48 8d 05 d2
0x00007fc67ca19d20:   a9 f3 00 80 38 00 48 8d 05 63 f3 f0 00 48 8b 00
0x00007fc67ca19d30:   75 1e 83 78 10 05 0f 87 94 00 00 00 8b 40 10 48
0x00007fc67ca19d40:   8d 15 42 e8 97 00 48 63 04 82 48 01 d0 ff e0 90
0x00007fc67ca19d50:   83 78 10 05 77 7a 8b 40 10 48 8d 15 40 e8 97 00
0x00007fc67ca19d60:   48 63 04 82 48 01 d0 ff e0 0f 1f 80 00 00 00 00
0x00007fc67ca19d70:   48 8d 05 c9 f3 ff ff 48 89 05 42 27 ed 00 48 83
0x00007fc67ca19d80:   c4 08 48 89 df 5b 5d ff e0 0f 1f 80 00 00 00 00
0x00007fc67ca19d90:   48 8d 05 d9 f3 ff ff eb de 0f 1f 80 00 00 00 00
0x00007fc67ca19da0:   48 8d 05 f9 f3 ff ff eb ce 0f 1f 80 00 00 00 00
0x00007fc67ca19db0:   48 8d 05 19 f4 ff ff eb be 0f 1f 80 00 00 00 00
0x00007fc67ca19dc0:   48 8d 05 19 fe ff ff eb ae 0f 1f 80 00 00 00 00
0x00007fc67ca19dd0:   48 8d 05 71 27 ed 00 48 8d 15 3a 84 94 00 48 8d
0x00007fc67ca19de0:   3d 6b 84 94 00 be ef 00 00 00 48 8b 00 c6 00 58
0x00007fc67ca19df0:   31 c0 e8 c9 c4 00 00 e8 44 a7 58 00 31 c0 e9 74
0x00007fc67ca19e00:   ff ff ff 66 2e 0f 1f 84 00 00 00 00 00 0f 1f 00
0x00007fc67ca19e10:   81 3f 0f 1f 84 00 75 33 48 85 ff 74 2e 8b 4f 04
0x00007fc67ca19e20:   85 c9 74 1c 89 c8 c1 e9 18 25 ff ff ff 00 89 0e
0x00007fc67ca19e30:   48 29 c7 48 89 f8 c3 66 0f 1f 84 00 00 00 00 00
0x00007fc67ca19e40:   48 89 f2 48 89 fe e9 e5 db f6 ff 55 48 89 e5 53
0x00007fc67ca19e50:   48 89 f3 48 83 ec 08 e8 c4 92 f6 ff c7 03 ff ff
0x00007fc67ca19e60:   ff ff 48 83 c4 08 5b 5d c3 0f 1f 80 00 00 00 00
0x00007fc67ca19e70:   55 48 89 e5 41 54 53 48 89 fb 48 83 ec 10 48 89
0x00007fc67ca19e80:   37 48 89 77 30 48 89 57 28 48 89 4f 08 81 39 0f
0x00007fc67ca19e90:   1f 84 00 c7 45 ec 00 00 00 00 0f 85 cf 00 00 00
0x00007fc67ca19ea0:   48 85 c9 0f 84 c6 00 00 00 8b 41 04 85 c0 0f 84
0x00007fc67ca19eb0:   8c 00 00 00 25 ff ff ff 00 48 29 c1 48 89 c8 48
0x00007fc67ca19ec0:   85 c0 48 89 43 10 74 70 80 78 50 00 74 6a 48 8b
0x00007fc67ca19ed0:   53 08 48 8b 88 88 00 00 00 48 39 ca 74 0f 83 78
0x00007fc67ca19ee0:   08 03 74 74 48 3b 90 90 00 00 00 75 4b 48 8b 10
0x00007fc67ca19ef0:   48 8d 0d 59 ed ff ff 4c 8b 63 30 48 8b 92 a8 01
0x00007fc67ca19f00:   00 00 48 39 ca 75 61 8b 80 58 01 00 00 48 98 49 


Stack slot to memory mapping:
stack at sp + 0 slots: 0x00007fc67ca11ca4: <offset 0x000000000066fca4> in /home/dmitry/Downloads/jdk/lib/server/libjvm.so at 0x00007fc67c3a2000
stack at sp + 1 slots: 0x00007fc65cdaf1e0 is pointing into the stack for thread: 0x00007fc6781b7000
stack at sp + 2 slots: 0x000000007ca1358c is an unknown value
stack at sp + 3 slots: 0x00007fc65cdb0680 is pointing into the stack for thread: 0x00007fc6781b7000
stack at sp + 4 slots: 0x00007fc6781b76b0 points into unknown readable memory: 02 00 00 00 c6 7f 00 00
stack at sp + 5 slots: 0x00007fc65cdb0640 is pointing into the stack for thread: 0x00007fc6781b7000
stack at sp + 6 slots: 0x00007fc67ca17183: <offset 0x0000000000675183> in /home/dmitry/Downloads/jdk/lib/server/libjvm.so at 0x00007fc67c3a2000
stack at sp + 7 slots: 0x0 is NULL


---------------  P R O C E S S  ---------------

Threads class SMR info:
_java_thread_list=0x00007fc6781b7fd0, length=12, elements={
0x00007fc67805c000, 0x00007fc67805e000, 0x00007fc678065000, 0x00007fc678067000,
0x00007fc678069000, 0x00007fc67806b000, 0x00007fc6780ad800, 0x00007fc6780b7000,
0x00007fc6780f5800, 0x00007fc648001000, 0x00007fc6781b7000, 0x00007fc678013800
}

Java Threads: ( => current thread )
  0x00007fc67805c000 JavaThread "Reference Handler" daemon [_thread_blocked, id=3872, stack(0x00007fc65e7ba000,0x00007fc65e8bb000)]
  0x00007fc67805e000 JavaThread "Finalizer" daemon [_thread_blocked, id=3874, stack(0x00007fc65e6b9000,0x00007fc65e7ba000)]
  0x00007fc678065000 JavaThread "Signal Dispatcher" daemon [_thread_blocked, id=3877, stack(0x00007fc65dbe9000,0x00007fc65dcea000)]
  0x00007fc678067000 JavaThread "C2 CompilerThread0" daemon [_thread_blocked, id=3878, stack(0x00007fc65dae8000,0x00007fc65dbe9000)]
  0x00007fc678069000 JavaThread "C1 CompilerThread0" daemon [_thread_blocked, id=3879, stack(0x00007fc65d9e7000,0x00007fc65dae8000)]
  0x00007fc67806b000 JavaThread "Sweeper thread" daemon [_thread_blocked, id=3880, stack(0x00007fc65d8e6000,0x00007fc65d9e7000)]
  0x00007fc6780ad800 JavaThread "Service Thread" daemon [_thread_blocked, id=3884, stack(0x00007fc65d7e5000,0x00007fc65d8e6000)]
  0x00007fc6780b7000 JavaThread "Common-Cleaner" daemon [_thread_blocked, id=3886, stack(0x00007fc65d5e2000,0x00007fc65d6e3000)]
  0x00007fc6780f5800 JavaThread "Monitor Ctrl-Break" daemon [_thread_in_native, id=3887, stack(0x00007fc65d0b6000,0x00007fc65d1b7000)]
  0x00007fc648001000 JavaThread "Attach Listener" daemon [_thread_blocked, id=3888, stack(0x00007fc65cdb2000,0x00007fc65ceb3000)]
=>0x00007fc6781b7000 JavaThread "Thread-0" [_thread_in_Java, id=3889, stack(0x00007fc65ccb1000,0x00007fc65cdb2000)]
  0x00007fc678013800 JavaThread "DestroyJavaVM" [_thread_blocked, id=3866, stack(0x00007fc67e6f5000,0x00007fc67e7f6000)]

Other Threads:
  0x00007fc678059000 VMThread "VM Thread" [stack: 0x00007fc65e8bd000,0x00007fc65e9bd000] [id=3870]
  0x00007fc6780af800 WatcherThread [stack: 0x00007fc65d6e5000,0x00007fc65d7e5000] [id=3885]

Threads with active compile tasks:

VM state:not at safepoint (normal execution)

VM Mutex/Monitor currently owned by a thread: None

Heap address: 0x00000000b6200000, size: 1182 MB, Compressed Oops mode: 32-bit
Narrow klass base: 0x0000000800000000, Narrow klass shift: 3
Compressed class space size: 1073741824 Address: 0x0000000800af6000

Heap:
 def new generation   total 22720K, used 6504K [0x00000000b6200000, 0x00000000b7aa0000, 0x00000000cec00000)
  eden space 20224K,  32% used [0x00000000b6200000, 0x00000000b685a0f8, 0x00000000b75c0000)
  from space 2496K,   0% used [0x00000000b75c0000, 0x00000000b75c0000, 0x00000000b7830000)
  to   space 2496K,   0% used [0x00000000b7830000, 0x00000000b7830000, 0x00000000b7aa0000)
 tenured generation   total 50560K, used 0K [0x00000000cec00000, 0x00000000d1d60000, 0x0000000100000000)
   the space 50560K,   0% used [0x00000000cec00000, 0x00000000cec00000, 0x00000000cec00200, 0x00000000d1d60000)
 Metaspace       used 2445K, capacity 5398K, committed 5760K, reserved 1056768K
  class space    used 265K, capacity 520K, committed 640K, reserved 1048576K

Card table byte_map: [0x00007fc65f424000,0x00007fc65f674000] _byte_map_base: 0x00007fc65ee73000

Polling page: 0x00007fc67e80a000

Metaspace:

Usage:
  Non-class:      4,76 MB capacity,     2,13 MB ( 45%) used,     2,63 MB ( 55%) free+waste,     4,50 KB ( <1%) overhead. 
      Class:    520,00 KB capacity,   265,38 KB ( 51%) used,   252,12 KB ( 48%) free+waste,     2,50 KB ( <1%) overhead. 
       Both:      5,27 MB capacity,     2,39 MB ( 45%) used,     2,88 MB ( 55%) free+waste,     7,00 KB ( <1%) overhead. 

Virtual space:
  Non-class space:        8,00 MB reserved,       5,00 MB ( 62%) committed 
      Class space:        1,00 GB reserved,     640,00 KB ( <1%) committed 
             Both:        1,01 GB reserved,       5,62 MB ( <1%) committed 

Chunk freelists:
   Non-Class:  14,00 KB
       Class:  0 bytes
        Both:  14,00 KB

CodeHeap 'non-profiled nmethods': size=120036Kb used=120Kb max_used=120Kb free=119915Kb
 bounds [0x00007fc667311000, 0x00007fc667581000, 0x00007fc66e84a000]
CodeHeap 'profiled nmethods': size=120032Kb used=589Kb max_used=589Kb free=119443Kb
 bounds [0x00007fc65fdd9000, 0x00007fc660049000, 0x00007fc667311000]
CodeHeap 'non-nmethods': size=5692Kb used=1161Kb max_used=1173Kb free=4530Kb
 bounds [0x00007fc65f84a000, 0x00007fc65faba000, 0x00007fc65fdd9000]
 total_blobs=907 nmethods=406 adapters=329
 compilation: enabled
              stopped_count=0, restarted_count=0
 full_count=0

Compilation events (10 events):
Event: 2,081 Thread 0x00007fc678069000  398       3       java.lang.invoke.MemberName::isResolved (13 bytes)
Event: 2,081 Thread 0x00007fc678069000 nmethod 398 0x00007fc65fe6a310 code [0x00007fc65fe6a4e0, 0x00007fc65fe6a6b0]
Event: 2,081 Thread 0x00007fc678069000  397   !   3       java.lang.invoke.MemberName::clone (14 bytes)
Event: 2,081 Thread 0x00007fc678069000 nmethod 397 0x00007fc65fe6a710 code [0x00007fc65fe6a900, 0x00007fc65fe6ad18]
Event: 2,091 Thread 0x00007fc678069000  404       3       jdk.internal.org.objectweb.asm.SymbolTable::addConstantUtf8Reference (101 bytes)
Event: 2,092 Thread 0x00007fc678069000 nmethod 404 0x00007fc65fe6ae90 code [0x00007fc65fe6b0e0, 0x00007fc65fe6b818]
Event: 2,093 Thread 0x00007fc678069000  405       3       java.lang.reflect.Modifier::isPublic (12 bytes)
Event: 2,093 Thread 0x00007fc678069000 nmethod 405 0x00007fc65fe6bb90 code [0x00007fc65fe6bd60, 0x00007fc65fe6bef0]
Event: 2,094 Thread 0x00007fc678069000  406       3       java.lang.ref.SoftReference::get (29 bytes)
Event: 2,094 Thread 0x00007fc678069000 nmethod 406 0x00007fc65fe6bf90 code [0x00007fc65fe6c160, 0x00007fc65fe6c370]

GC Heap History (0 events):
No events

Deoptimization events (1 events):
Event: 0,574 Thread 0x00007fc678013800 Uncommon trap: reason=unstable_if action=reinterpret pc=0x00007fc667315888 method=java.lang.String.hashCode()I @ 14 c2

Classes unloaded (0 events):
No events

Classes redefined (0 events):
No events

Internal exceptions (1 events):
Event: 2,088 Thread 0x00007fc678013800 Exception <a 'java/lang/NoSuchMethodError'{0x00000000b6750d30}: java.lang.invoke.DirectMethodHandle$Holder.invokeSpecial(Ljava/lang/Object;Ljava/lang/Object;)V> (0x00000000b6750d30) 
thrown [linkResolver.cpp, line 771]
for thread 0x00007fc678013800

Events (10 events):
Event: 2,047 loading class java/lang/invoke/BoundMethodHandle$Species_LLLL done
Event: 2,057 loading class java/lang/invoke/BoundMethodHandle$Species_LLLLL
Event: 2,057 loading class java/lang/invoke/BoundMethodHandle$Species_LLLLL done
Event: 2,075 Executing VM operation: RevokeBias
Event: 2,076 Executing VM operation: RevokeBias done
Event: 2,076 loading class java/lang/invoke/BoundMethodHandle$Species_LLLLLJ
Event: 2,076 loading class java/lang/invoke/BoundMethodHandle$Species_LLLLLJ done
Event: 2,101 Thread 0x00007fc6781b7000 Thread added: 0x00007fc6781b7000
Event: 2,101 Thread 0x00007fc678013800 Thread exited: 0x00007fc678013800
Event: 2,101 Thread 0x00007fc678013800 Thread added: 0x00007fc678013800


Dynamic libraries:
b6200000-b7aa0000 rw-p 00000000 00:00 0 
b7aa0000-cec00000 ---p 00000000 00:00 0 
cec00000-d1d60000 rw-p 00000000 00:00 0 
d1d60000-100000000 ---p 00000000 00:00 0 
800000000-800003000 rwxp 00001000 08:01 1186036                          /home/dmitry/Downloads/jdk/lib/server/classes.jsa
800003000-8003df000 rw-p 00004000 08:01 1186036                          /home/dmitry/Downloads/jdk/lib/server/classes.jsa
8003df000-800af5000 r--p 003e0000 08:01 1186036                          /home/dmitry/Downloads/jdk/lib/server/classes.jsa
800af5000-800af6000 rw-p 00af6000 08:01 1186036                          /home/dmitry/Downloads/jdk/lib/server/classes.jsa
800af6000-800b96000 rw-p 00000000 00:00 0 
800b96000-840af6000 ---p 00000000 00:00 0 
55755bfc6000-55755bfc7000 r-xp 00000000 08:01 1057947                    /home/dmitry/Downloads/jdk/bin/java
55755c1c7000-55755c1c8000 r--p 00001000 08:01 1057947                    /home/dmitry/Downloads/jdk/bin/java
55755c1c8000-55755c1c9000 rw-p 00002000 08:01 1057947                    /home/dmitry/Downloads/jdk/bin/java
55755d74e000-55755d76f000 rw-p 00000000 00:00 0                          [heap]
7fc640000000-7fc64017f000 rw-p 00000000 00:00 0 
7fc64017f000-7fc644000000 ---p 00000000 00:00 0 
7fc644000000-7fc644021000 rw-p 00000000 00:00 0 
7fc644021000-7fc648000000 ---p 00000000 00:00 0 
7fc648000000-7fc648021000 rw-p 00000000 00:00 0 
7fc648021000-7fc64c000000 ---p 00000000 00:00 0 
7fc64c000000-7fc64c09c000 rw-p 00000000 00:00 0 
7fc64c09c000-7fc650000000 ---p 00000000 00:00 0 
7fc650000000-7fc650021000 rw-p 00000000 00:00 0 
7fc650021000-7fc654000000 ---p 00000000 00:00 0 
7fc654000000-7fc654021000 rw-p 00000000 00:00 0 
7fc654021000-7fc658000000 ---p 00000000 00:00 0 
7fc658000000-7fc658021000 rw-p 00000000 00:00 0 
7fc658021000-7fc65c000000 ---p 00000000 00:00 0 
7fc65c8b9000-7fc65ccb1000 rw-p 00000000 00:00 0 
7fc65ccb1000-7fc65ccb5000 ---p 00000000 00:00 0 
7fc65ccb5000-7fc65cdb2000 rw-p 00000000 00:00 0 
7fc65cdb2000-7fc65cdb6000 ---p 00000000 00:00 0 
7fc65cdb6000-7fc65ceb3000 rw-p 00000000 00:00 0 
7fc65ceb3000-7fc65ceb5000 r-xp 00000000 08:01 1057911                    /home/dmitry/Downloads/jdk/lib/libextnet.so
7fc65ceb5000-7fc65d0b4000 ---p 00002000 08:01 1057911                    /home/dmitry/Downloads/jdk/lib/libextnet.so
7fc65d0b4000-7fc65d0b5000 r--p 00001000 08:01 1057911                    /home/dmitry/Downloads/jdk/lib/libextnet.so
7fc65d0b5000-7fc65d0b6000 rw-p 00002000 08:01 1057911                    /home/dmitry/Downloads/jdk/lib/libextnet.so
7fc65d0b6000-7fc65d0ba000 ---p 00000000 00:00 0 
7fc65d0ba000-7fc65d1b7000 rw-p 00000000 00:00 0 
7fc65d1b7000-7fc65d1ce000 r-xp 00000000 08:01 1057859                    /home/dmitry/Downloads/jdk/lib/libnet.so
7fc65d1ce000-7fc65d3cd000 ---p 00017000 08:01 1057859                    /home/dmitry/Downloads/jdk/lib/libnet.so
7fc65d3cd000-7fc65d3ce000 r--p 00016000 08:01 1057859                    /home/dmitry/Downloads/jdk/lib/libnet.so
7fc65d3ce000-7fc65d3cf000 rw-p 00017000 08:01 1057859                    /home/dmitry/Downloads/jdk/lib/libnet.so
7fc65d3cf000-7fc65d3e0000 r-xp 00000000 08:01 1057913                    /home/dmitry/Downloads/jdk/lib/libnio.so
7fc65d3e0000-7fc65d5e0000 ---p 00011000 08:01 1057913                    /home/dmitry/Downloads/jdk/lib/libnio.so
7fc65d5e0000-7fc65d5e1000 r--p 00011000 08:01 1057913                    /home/dmitry/Downloads/jdk/lib/libnio.so
7fc65d5e1000-7fc65d5e2000 rw-p 00012000 08:01 1057913                    /home/dmitry/Downloads/jdk/lib/libnio.so
7fc65d5e2000-7fc65d5e6000 ---p 00000000 00:00 0 
7fc65d5e6000-7fc65d6e3000 rw-p 00000000 00:00 0 
7fc65d6e3000-7fc65d6e4000 ---p 00000000 00:00 0 
7fc65d6e4000-7fc65d7e5000 rw-p 00000000 00:00 0 
7fc65d7e5000-7fc65d7e9000 ---p 00000000 00:00 0 
7fc65d7e9000-7fc65d8e6000 rw-p 00000000 00:00 0 
7fc65d8e6000-7fc65d8ea000 ---p 00000000 00:00 0 
7fc65d8ea000-7fc65d9e7000 rw-p 00000000 00:00 0 
7fc65d9e7000-7fc65d9eb000 ---p 00000000 00:00 0 
7fc65d9eb000-7fc65dae8000 rw-p 00000000 00:00 0 
7fc65dae8000-7fc65daec000 ---p 00000000 00:00 0 
7fc65daec000-7fc65dbe9000 rw-p 00000000 00:00 0 
7fc65dbe9000-7fc65dbed000 ---p 00000000 00:00 0 
7fc65dbed000-7fc65dcea000 rw-p 00000000 00:00 0 
7fc65dcea000-7fc65e6b9000 r--p 00000000 08:01 10230401                   /usr/lib/locale/locale-archive
7fc65e6b9000-7fc65e6bd000 ---p 00000000 00:00 0 
7fc65e6bd000-7fc65e7ba000 rw-p 00000000 00:00 0 
7fc65e7ba000-7fc65e7be000 ---p 00000000 00:00 0 
7fc65e7be000-7fc65e8bb000 rw-p 00000000 00:00 0 
7fc65e8bb000-7fc65e8bc000 ---p 00000000 00:00 0 
7fc65e8bc000-7fc65ef99000 rw-p 00000000 00:00 0 
7fc65ef99000-7fc65f299000 ---p 00000000 00:00 0 
7fc65f299000-7fc65f2b2000 rw-p 00000000 00:00 0 
7fc65f2b2000-7fc65f424000 ---p 00000000 00:00 0 
7fc65f424000-7fc65f431000 rw-p 00000000 00:00 0 
7fc65f431000-7fc65f4e9000 ---p 00000000 00:00 0 
7fc65f4e9000-7fc65f502000 rw-p 00000000 00:00 0 
7fc65f502000-7fc65f673000 ---p 00000000 00:00 0 
7fc65f673000-7fc65f679000 rw-p 00000000 00:00 0 
7fc65f679000-7fc65f75f000 ---p 00000000 00:00 0 
7fc65f75f000-7fc65f764000 rw-p 00000000 00:00 0 
7fc65f764000-7fc65f84a000 ---p 00000000 00:00 0 
7fc65f84a000-7fc65faba000 rwxp 00000000 00:00 0 
7fc65faba000-7fc65fdd9000 ---p 00000000 00:00 0 
7fc65fdd9000-7fc660049000 rwxp 00000000 00:00 0 
7fc660049000-7fc667311000 ---p 00000000 00:00 0 
7fc667311000-7fc667581000 rwxp 00000000 00:00 0 
7fc667581000-7fc66e84a000 ---p 00000000 00:00 0 
7fc66e84a000-7fc676f5f000 r--s 00000000 08:01 1057863                    /home/dmitry/Downloads/jdk/lib/modules
7fc676f5f000-7fc676f7a000 r-xp 00000000 08:01 1057857                    /home/dmitry/Downloads/jdk/lib/libjimage.so
7fc676f7a000-7fc677179000 ---p 0001b000 08:01 1057857                    /home/dmitry/Downloads/jdk/lib/libjimage.so
7fc677179000-7fc67717b000 r--p 0001a000 08:01 1057857                    /home/dmitry/Downloads/jdk/lib/libjimage.so
7fc67717b000-7fc67717c000 rw-p 0001c000 08:01 1057857                    /home/dmitry/Downloads/jdk/lib/libjimage.so
7fc67717c000-7fc677183000 r-xp 00000000 08:01 1057903                    /home/dmitry/Downloads/jdk/lib/libzip.so
7fc677183000-7fc677382000 ---p 00007000 08:01 1057903                    /home/dmitry/Downloads/jdk/lib/libzip.so
7fc677382000-7fc677383000 r--p 00006000 08:01 1057903                    /home/dmitry/Downloads/jdk/lib/libzip.so
7fc677383000-7fc677384000 rw-p 00007000 08:01 1057903                    /home/dmitry/Downloads/jdk/lib/libzip.so
7fc677384000-7fc67738f000 r-xp 00000000 08:01 1184572                    /lib/x86_64-linux-gnu/libnss_files-2.27.so
7fc67738f000-7fc67758e000 ---p 0000b000 08:01 1184572                    /lib/x86_64-linux-gnu/libnss_files-2.27.so
7fc67758e000-7fc67758f000 r--p 0000a000 08:01 1184572                    /lib/x86_64-linux-gnu/libnss_files-2.27.so
7fc67758f000-7fc677590000 rw-p 0000b000 08:01 1184572                    /lib/x86_64-linux-gnu/libnss_files-2.27.so
7fc677590000-7fc677596000 rw-p 00000000 00:00 0 
7fc677596000-7fc6775ad000 r-xp 00000000 08:01 1184566                    /lib/x86_64-linux-gnu/libnsl-2.27.so
7fc6775ad000-7fc6777ac000 ---p 00017000 08:01 1184566                    /lib/x86_64-linux-gnu/libnsl-2.27.so
7fc6777ac000-7fc6777ad000 r--p 00016000 08:01 1184566                    /lib/x86_64-linux-gnu/libnsl-2.27.so
7fc6777ad000-7fc6777ae000 rw-p 00017000 08:01 1184566                    /lib/x86_64-linux-gnu/libnsl-2.27.so
7fc6777ae000-7fc6777b0000 rw-p 00000000 00:00 0 
7fc6777b0000-7fc6777bb000 r-xp 00000000 08:01 1184583                    /lib/x86_64-linux-gnu/libnss_nis-2.27.so
7fc6777bb000-7fc6779ba000 ---p 0000b000 08:01 1184583                    /lib/x86_64-linux-gnu/libnss_nis-2.27.so
7fc6779ba000-7fc6779bb000 r--p 0000a000 08:01 1184583                    /lib/x86_64-linux-gnu/libnss_nis-2.27.so
7fc6779bb000-7fc6779bc000 rw-p 0000b000 08:01 1184583                    /lib/x86_64-linux-gnu/libnss_nis-2.27.so
7fc6779bc000-7fc6779c4000 r-xp 00000000 08:01 1184568                    /lib/x86_64-linux-gnu/libnss_compat-2.27.so
7fc6779c4000-7fc677bc4000 ---p 00008000 08:01 1184568                    /lib/x86_64-linux-gnu/libnss_compat-2.27.so
7fc677bc4000-7fc677bc5000 r--p 00008000 08:01 1184568                    /lib/x86_64-linux-gnu/libnss_compat-2.27.so
7fc677bc5000-7fc677bc6000 rw-p 00009000 08:01 1184568                    /lib/x86_64-linux-gnu/libnss_compat-2.27.so
7fc677bc6000-7fc677bef000 r-xp 00000000 08:01 1057860                    /home/dmitry/Downloads/jdk/lib/libjava.so
7fc677bef000-7fc677dee000 ---p 00029000 08:01 1057860                    /home/dmitry/Downloads/jdk/lib/libjava.so
7fc677dee000-7fc677def000 r--p 00028000 08:01 1057860                    /home/dmitry/Downloads/jdk/lib/libjava.so
7fc677def000-7fc677df1000 rw-p 00029000 08:01 1057860                    /home/dmitry/Downloads/jdk/lib/libjava.so
7fc677df1000-7fc677dfe000 r-xp 00000000 08:01 1057920                    /home/dmitry/Downloads/jdk/lib/libverify.so
7fc677dfe000-7fc677ffd000 ---p 0000d000 08:01 1057920                    /home/dmitry/Downloads/jdk/lib/libverify.so
7fc677ffd000-7fc677fff000 r--p 0000c000 08:01 1057920                    /home/dmitry/Downloads/jdk/lib/libverify.so
7fc677fff000-7fc678000000 rw-p 0000e000 08:01 1057920                    /home/dmitry/Downloads/jdk/lib/libverify.so
7fc678000000-7fc67823e000 rw-p 00000000 00:00 0 
7fc67823e000-7fc67c000000 ---p 00000000 00:00 0 
7fc67c004000-7fc67c1a1000 r-xp 00000000 08:01 1184545                    /lib/x86_64-linux-gnu/libm-2.27.so
7fc67c1a1000-7fc67c3a0000 ---p 0019d000 08:01 1184545                    /lib/x86_64-linux-gnu/libm-2.27.so
7fc67c3a0000-7fc67c3a1000 r--p 0019c000 08:01 1184545                    /lib/x86_64-linux-gnu/libm-2.27.so
7fc67c3a1000-7fc67c3a2000 rw-p 0019d000 08:01 1184545                    /lib/x86_64-linux-gnu/libm-2.27.so
7fc67c3a2000-7fc67d621000 r-xp 00000000 08:01 1186031                    /home/dmitry/Downloads/jdk/lib/server/libjvm.so
7fc67d621000-7fc67d820000 ---p 0127f000 08:01 1186031                    /home/dmitry/Downloads/jdk/lib/server/libjvm.so
7fc67d820000-7fc67d8e7000 r--p 0127e000 08:01 1186031                    /home/dmitry/Downloads/jdk/lib/server/libjvm.so
7fc67d8e7000-7fc67d922000 rw-p 01345000 08:01 1186031                    /home/dmitry/Downloads/jdk/lib/server/libjvm.so
7fc67d922000-7fc67d9a5000 rw-p 00000000 00:00 0 
7fc67d9a5000-7fc67db8c000 r-xp 00000000 08:01 1184482                    /lib/x86_64-linux-gnu/libc-2.27.so
7fc67db8c000-7fc67dd8c000 ---p 001e7000 08:01 1184482                    /lib/x86_64-linux-gnu/libc-2.27.so
7fc67dd8c000-7fc67dd90000 r--p 001e7000 08:01 1184482                    /lib/x86_64-linux-gnu/libc-2.27.so
7fc67dd90000-7fc67dd92000 rw-p 001eb000 08:01 1184482                    /lib/x86_64-linux-gnu/libc-2.27.so
7fc67dd92000-7fc67dd96000 rw-p 00000000 00:00 0 
7fc67dd96000-7fc67dd99000 r-xp 00000000 08:01 1184505                    /lib/x86_64-linux-gnu/libdl-2.27.so
7fc67dd99000-7fc67df98000 ---p 00003000 08:01 1184505                    /lib/x86_64-linux-gnu/libdl-2.27.so
7fc67df98000-7fc67df99000 r--p 00002000 08:01 1184505                    /lib/x86_64-linux-gnu/libdl-2.27.so
7fc67df99000-7fc67df9a000 rw-p 00003000 08:01 1184505                    /lib/x86_64-linux-gnu/libdl-2.27.so
7fc67df9a000-7fc67dfb4000 r-xp 00000000 08:01 1184615                    /lib/x86_64-linux-gnu/libpthread-2.27.so
7fc67dfb4000-7fc67e1b3000 ---p 0001a000 08:01 1184615                    /lib/x86_64-linux-gnu/libpthread-2.27.so
7fc67e1b3000-7fc67e1b4000 r--p 00019000 08:01 1184615                    /lib/x86_64-linux-gnu/libpthread-2.27.so
7fc67e1b4000-7fc67e1b5000 rw-p 0001a000 08:01 1184615                    /lib/x86_64-linux-gnu/libpthread-2.27.so
7fc67e1b5000-7fc67e1b9000 rw-p 00000000 00:00 0 
7fc67e1b9000-7fc67e1c8000 r-xp 00000000 08:01 1057861                    /home/dmitry/Downloads/jdk/lib/libjli.so
7fc67e1c8000-7fc67e3c7000 ---p 0000f000 08:01 1057861                    /home/dmitry/Downloads/jdk/lib/libjli.so
7fc67e3c7000-7fc67e3c8000 r--p 0000e000 08:01 1057861                    /home/dmitry/Downloads/jdk/lib/libjli.so
7fc67e3c8000-7fc67e3c9000 rw-p 0000f000 08:01 1057861                    /home/dmitry/Downloads/jdk/lib/libjli.so
7fc67e3c9000-7fc67e3e5000 r-xp 00000000 08:01 1184654                    /lib/x86_64-linux-gnu/libz.so.1.2.11
7fc67e3e5000-7fc67e5e4000 ---p 0001c000 08:01 1184654                    /lib/x86_64-linux-gnu/libz.so.1.2.11
7fc67e5e4000-7fc67e5e5000 r--p 0001b000 08:01 1184654                    /lib/x86_64-linux-gnu/libz.so.1.2.11
7fc67e5e5000-7fc67e5e6000 rw-p 0001c000 08:01 1184654                    /lib/x86_64-linux-gnu/libz.so.1.2.11
7fc67e5e6000-7fc67e60d000 r-xp 00000000 08:01 1184454                    /lib/x86_64-linux-gnu/ld-2.27.so
7fc67e635000-7fc67e6ee000 rw-p 00000000 00:00 0 
7fc67e6ee000-7fc67e6f5000 ---p 00000000 00:00 0 
7fc67e6f5000-7fc67e6f9000 ---p 00000000 00:00 0 
7fc67e6f9000-7fc67e7fa000 rw-p 00000000 00:00 0 
7fc67e802000-7fc67e80a000 rw-s 00000000 08:01 397033                     /tmp/hsperfdata_dmitry/3865
7fc67e80a000-7fc67e80b000 ---p 00000000 00:00 0 
7fc67e80b000-7fc67e80c000 r--p 00000000 00:00 0 
7fc67e80c000-7fc67e80d000 ---p 00000000 00:00 0 
7fc67e80d000-7fc67e80e000 r--p 00027000 08:01 1184454                    /lib/x86_64-linux-gnu/ld-2.27.so
7fc67e80e000-7fc67e80f000 rw-p 00028000 08:01 1184454                    /lib/x86_64-linux-gnu/ld-2.27.so
7fc67e80f000-7fc67e810000 rw-p 00000000 00:00 0 
7ffcefaab000-7ffcefacd000 rw-p 00000000 00:00 0                          [stack]
7ffcefb34000-7ffcefb37000 r--p 00000000 00:00 0                          [vvar]
7ffcefb37000-7ffcefb39000 r-xp 00000000 00:00 0                          [vdso]
ffffffffff600000-ffffffffff601000 r-xp 00000000 00:00 0                  [vsyscall]


VM Arguments:
jvm_args: -Didea.launcher.port=13323 -Didea.launcher.bin.path=/home/dmitry/Downloads/idea-IC-183.5912.21/bin -Dfile.encoding=UTF-8 
java_command: com.intellij.rt.execution.application.AppMainV2 Main
java_class_path (initial): /home/dmitry/Downloads/ContinuationSender/target/classes:/home/dmitry/.m2/repository/com/esotericsoftware/kryo/4.0.2/kryo-4.0.2.jar:/home/dmitry/.m2/repository/com/esotericsoftware/reflectasm/1.11.3/reflectasm-1.11.3.jar:/home/dmitry/.m2/repository/org/ow2/asm/asm/5.0.4/asm-5.0.4.jar:/home/dmitry/.m2/repository/com/esotericsoftware/minlog/1.3.0/minlog-1.3.0.jar:/home/dmitry/.m2/repository/org/objenesis/objenesis/2.5.1/objenesis-2.5.1.jar:/home/dmitry/Downloads/idea-IC-183.5912.21/lib/idea_rt.jar
Launcher Type: SUN_STANDARD

[Global flags]
     intx CICompilerCount                          = 2                                         {product} {ergonomic}
   size_t InitialHeapSize                          = 77594624                                  {product} {ergonomic}
   size_t MaxHeapSize                              = 1239416832                                {product} {ergonomic}
   size_t MaxNewSize                               = 413138944                                 {product} {ergonomic}
   size_t MinHeapDeltaBytes                        = 196608                                    {product} {ergonomic}
   size_t NewSize                                  = 25821184                                  {product} {ergonomic}
    uintx NonNMethodCodeHeapSize                   = 5825164                                {pd product} {ergonomic}
    uintx NonProfiledCodeHeapSize                  = 122916538                              {pd product} {ergonomic}
   size_t OldSize                                  = 51773440                                  {product} {ergonomic}
    uintx ProfiledCodeHeapSize                     = 122916538                              {pd product} {ergonomic}
    uintx ReservedCodeCacheSize                    = 251658240                              {pd product} {ergonomic}
     bool SegmentedCodeCache                       = true                                      {product} {ergonomic}
     bool UseCompressedClassPointers               = true                                 {lp64_product} {ergonomic}
     bool UseCompressedOops                        = true                                 {lp64_product} {ergonomic}
     bool UseSerialGC                              = true                                      {product} {ergonomic}

Logging:
Log output configuration:
 #0: stdout all=warning uptime,level,tags
 #1: stderr all=off uptime,level,tags

Environment Variables:
JAVA_HOME=/home/dmitry/usr/local/java/jdk1.8.0
PATH=/bin:/bin:/usr/local/sbin:/usr/local/bin:/usr/sbin:/usr/bin:/sbin:/bin:/usr/games:/usr/local/games:/snap/bin
USERNAME=dmitry
SHELL=/bin/bash
DISPLAY=:0

Signal Handlers:
SIGSEGV: [libjvm.so+0xf3a810], sa_mask[0]=11111111011111111101111111111110, sa_flags=SA_RESTART|SA_SIGINFO
SIGBUS: [libjvm.so+0xf3a810], sa_mask[0]=11111111011111111101111111111110, sa_flags=SA_RESTART|SA_SIGINFO
SIGFPE: [libjvm.so+0xf3a810], sa_mask[0]=11111111011111111101111111111110, sa_flags=SA_RESTART|SA_SIGINFO
SIGPIPE: [libjvm.so+0xc01980], sa_mask[0]=11111111011111111101111111111110, sa_flags=SA_RESTART|SA_SIGINFO
SIGXFSZ: [libjvm.so+0xc01980], sa_mask[0]=11111111011111111101111111111110, sa_flags=SA_RESTART|SA_SIGINFO
SIGILL: [libjvm.so+0xf3a810], sa_mask[0]=11111111011111111101111111111110, sa_flags=SA_RESTART|SA_SIGINFO
SIGUSR2: [libjvm.so+0xc01820], sa_mask[0]=00100000000000000000000000000000, sa_flags=SA_RESTART|SA_SIGINFO
SIGHUP: [libjvm.so+0xc01b80], sa_mask[0]=11111111011111111101111111111110, sa_flags=SA_RESTART|SA_SIGINFO
SIGINT: [libjvm.so+0xc01b80], sa_mask[0]=11111111011111111101111111111110, sa_flags=SA_RESTART|SA_SIGINFO
SIGTERM: [libjvm.so+0xc01b80], sa_mask[0]=11111111011111111101111111111110, sa_flags=SA_RESTART|SA_SIGINFO
SIGQUIT: [libjvm.so+0xc01b80], sa_mask[0]=11111111011111111101111111111110, sa_flags=SA_RESTART|SA_SIGINFO


---------------  S Y S T E M  ---------------

OS:DISTRIB_ID=Ubuntu
DISTRIB_RELEASE=18.04
DISTRIB_CODENAME=bionic
DISTRIB_DESCRIPTION="Ubuntu 18.04.2 LTS"
uname:Linux 4.18.0-18-generic #19~18.04.1-Ubuntu SMP Fri Apr 5 10:22:13 UTC 2019 x86_64
libc:glibc 2.27 NPTL 2.27 
rlimit: STACK 8192k, CORE 0k, NPROC 18710, NOFILE 4096, AS infinity, DATA infinity, FSIZE infinity
load average:3,22 2,27 2,22

/proc/meminfo:
MemTotal:        4834140 kB
MemFree:          616948 kB
MemAvailable:    2009720 kB
Buffers:           88788 kB
Cached:          1687240 kB
SwapCached:            0 kB
Active:          2801160 kB
Inactive:        1159980 kB
Active(anon):    2186452 kB
Inactive(anon):   226436 kB
Active(file):     614708 kB
Inactive(file):   933544 kB
Unevictable:          32 kB
Mlocked:              32 kB
SwapTotal:       2097148 kB
SwapFree:        2097148 kB
Dirty:              5612 kB
Writeback:             0 kB
AnonPages:       2185180 kB
Mapped:           600804 kB
Shmem:            227756 kB
Slab:             136588 kB
SReclaimable:      98376 kB
SUnreclaim:        38212 kB
KernelStack:       10912 kB
PageTables:        41160 kB
NFS_Unstable:          0 kB
Bounce:                0 kB
WritebackTmp:          0 kB
CommitLimit:     4514216 kB
Committed_AS:    6142912 kB
VmallocTotal:   34359738367 kB
VmallocUsed:           0 kB
VmallocChunk:          0 kB
HardwareCorrupted:     0 kB
AnonHugePages:         0 kB
ShmemHugePages:        0 kB
ShmemPmdMapped:        0 kB
CmaTotal:              0 kB
CmaFree:               0 kB
HugePages_Total:       0
HugePages_Free:        0
HugePages_Rsvd:        0
HugePages_Surp:        0
Hugepagesize:       2048 kB
Hugetlb:               0 kB
DirectMap4k:      128960 kB
DirectMap2M:     4874240 kB


/proc/sys/kernel/threads-max (system-wide limit on the number of threads):
37420


/proc/sys/vm/max_map_count (maximum number of memory map areas a process may have):
65530


/proc/sys/kernel/pid_max (system-wide limit on number of process identifiers):
32768



container (cgroup) information:
container_type: cgroupv1
cpu_cpuset_cpus: 0
cpu_memory_nodes: 0
active_processor_count: 1
cpu_quota: -1
cpu_period: 100000
cpu_shares: -1
memory_limit_in_bytes: -1
memory_and_swap_limit_in_bytes: -2
memory_soft_limit_in_bytes: -1
memory_usage_in_bytes: 4056248320
memory_max_usage_in_bytes: 0


CPU:total 1 (initial active 1) (1 cores per cpu, 1 threads per core) family 6 model 60 stepping 3, cmov, cx8, fxsr, mmx, sse, sse2, sse3, ssse3, sse4.1, sse4.2, popcnt, avx, avx2, aes, clmul, lzcnt, tsc, tscinvbit
CPU Model and flags from /proc/cpuinfo:
model name	: Intel(R) Core(TM) i7-4700HQ CPU @ 2.40GHz
flags		: fpu vme de pse tsc msr pae mce cx8 apic sep mtrr pge mca cmov pat pse36 clflush mmx fxsr sse sse2 ht syscall nx rdtscp lm constant_tsc rep_good nopl xtopology nonstop_tsc cpuid tsc_known_freq pni pclmulqdq monitor ssse3 cx16 pcid sse4_1 sse4_2 x2apic movbe popcnt aes xsave avx rdrand hypervisor lahf_lm abm invpcid_single pti fsgsbase avx2 invpcid flush_l1d

Memory: 4k page, physical 4834140k(616948k free), swap 2097148k(2097148k free)

vm_info: OpenJDK 64-Bit Server VM (13-testing+0-builds.shipilev.net-openjdk-loom-b47-20190308-jdk-139) for linux-amd64 JRE (13-testing+0-builds.shipilev.net-openjdk-loom-b47-20190308-jdk-139), built on Mar  8 2019 00:39:30 by "buildbot" with gcc 6.3.0 20170516

END.
