#
# A fatal error has been detected by the Java Runtime Environment:
#
#  SIGSEGV (0xb) at pc=0x00007fa829929cd3, pid=1852, tid=1895
#
# JRE version: OpenJDK Runtime Environment (13.0) (build 13-internal+0-adhoc.dmitry.loom)
# Java VM: OpenJDK 64-Bit Server VM (13-internal+0-adhoc.dmitry.loom, mixed mode, tiered, compressed oops, g1 gc, linux-amd64)
# Problematic frame:
# V  [libjvm.so+0x681cd3]  ContMirror::last_frame()+0xe3
#
# Core dump will be written. Default location: Core dumps may be processed with "/usr/share/apport/apport %p %s %c %d %P" (or dumping to /home/dmitry/Downloads/ContinuationSender/core.1852)
#
# If you would like to submit a bug report, please visit:
#   http://bugreport.java.com/bugreport/crash.jsp
#

---------------  S U M M A R Y ------------

Command Line: -Didea.launcher.port=17499 -Didea.launcher.bin.path=/home/dmitry/Downloads/idea-IC-183.5912.21/bin -Dfile.encoding=UTF-8 com.intellij.rt.execution.application.AppMainV2 Main

Host: Intel(R) Core(TM) i7-4700HQ CPU @ 2.40GHz, 4 cores, 4G, Ubuntu 18.04.2 LTS
Time: Thu May  9 01:49:08 2019 MSK elapsed time: 1 seconds (0d 0h 0m 1s)

---------------  T H R E A D  ---------------

Current thread (0x00007fa824389000):  JavaThread "Thread-0" [_thread_in_Java, id=1895, stack(0x00007fa8005fa000,0x00007fa8006fb000)]

Stack: [0x00007fa8005fa000,0x00007fa8006fb000],  sp=0x00007fa8006f8160,  free space=1016k
Native frames: (J=compiled Java code, A=aot compiled Java code, j=interpreted, Vv=VM code, C=native code)
V  [libjvm.so+0x681cd3]  ContMirror::last_frame()+0xe3
V  [libjvm.so+0x688786]  thaw1(JavaThread*, FrameInfo*, bool)+0x246
V  [libjvm.so+0x688e25]  Continuation::thaw_leaf(FrameInfo*, bool, bool)+0x45
v  ~BufferBlob::StubRoutines (3)
j  java.lang.Continuation.run()V+113 java.base
j  Deserializer$$Lambda$60.run()V+4
j  java.lang.Thread.run()V+11 java.base
v  ~StubRoutines::call_stub
V  [libjvm.so+0x8bcd99]  JavaCalls::call_helper(JavaValue*, methodHandle const&, JavaCallArguments*, Thread*)+0x3c9
V  [libjvm.so+0x8badb5]  JavaCalls::call_virtual(JavaValue*, Handle, Klass*, Symbol*, Symbol*, Thread*)+0x1e5
V  [libjvm.so+0x965c2c]  thread_entry(JavaThread*, Thread*)+0x6c
V  [libjvm.so+0xf736e2]  JavaThread::run()+0x232
V  [libjvm.so+0xf7145d]  Thread::call_run()+0x10d
V  [libjvm.so+0xc8b7c7]  thread_native_entry(Thread*)+0xe7


siginfo: si_signo: 11 (SIGSEGV), si_code: 1 (SEGV_MAPERR), si_addr: 0x00007f83150169b0

Register to memory mapping:

RAX=0x0000000000000012 is an unknown value
RBX=0x00007fa8006f8210 is pointing into the stack for thread: 0x00007fa824389000
RCX=0x00007fa814df6c80 is pointing into interpreter code (not bytecode specific)
RDX=0x00007fa8240c8750 points into unknown readable memory: 30 87 0c 24 a8 7f 00 00
RSP=0x00007fa8006f8160 is pointing into the stack for thread: 0x00007fa824389000
RBP=0x00007fa8006f8180 is pointing into the stack for thread: 0x00007fa824389000
RSI=0x0000000000000010 is an unknown value
RDI=0x00007f83150169b0 is an unknown value
R8 ={method} {0x00007fa8107faa10} 'doContinue' '()V' in 'java/lang/Continuation'
R9 =0x0000000000000004 is an unknown value
R10=0x00007fa82a949300: <offset 0x00000000016a1300> in /home/dmitry/Downloads/LOOM/loom/build/linux-x86_64-server-release/jdk/lib/server/libjvm.so at 0x00007fa8292a8000
R11=0x00007fa8006f9640 is pointing into the stack for thread: 0x00007fa824389000
R12=0x00007fa8006f8310 is pointing into the stack for thread: 0x00007fa824389000
R13=0x00007fa8006f8310 is pointing into the stack for thread: 0x00007fa824389000
R14=0x0000000000002710 is an unknown value
R15=0x00007fa8006f8210 is pointing into the stack for thread: 0x00007fa824389000


Registers:
RAX=0x0000000000000012, RBX=0x00007fa8006f8210, RCX=0x00007fa814df6c80, RDX=0x00007fa8240c8750
RSP=0x00007fa8006f8160, RBP=0x00007fa8006f8180, RSI=0x0000000000000010, RDI=0x00007f83150169b0
R8 =0x00007fa8107faa10, R9 =0x0000000000000004, R10=0x00007fa82a949300, R11=0x00007fa8006f9640
R12=0x00007fa8006f8310, R13=0x00007fa8006f8310, R14=0x0000000000002710, R15=0x00007fa8006f8210
RIP=0x00007fa829929cd3, EFLAGS=0x0000000000010287, CSGSFS=0x002b000000000033, ERR=0x0000000000000004
  TRAPNO=0x000000000000000e

Top of Stack: (sp=0x00007fa8006f8160)
0x00007fa8006f8160:   00007fa8006f8180 000000002992bf06
0x00007fa8006f8170:   00007fa8006f9640 00007fa8243b5710
0x00007fa8006f8180:   00007fa8006f9600 00007fa829930786
0x00007fa8006f8190:   00000000000003d8 00007fa824389000 

Instructions: (pc=0x00007fa829929cd3)
0x00007fa829929bd3:   b8 0c 00 00 00 48 0f 44 c6 3b 14 01 0f 9d c0 5d
0x00007fa829929be3:   c3 66 90 66 2e 0f 1f 84 00 00 00 00 00 55 48 89
0x00007fa829929bf3:   e5 41 54 53 48 89 fb 48 83 ec 10 8b 56 28 85 d2
0x00007fa829929c03:   78 24 48 8d 05 d0 eb fd 00 48 8b 4e 40 49 89 f4
0x00007fa829929c13:   be 10 00 00 00 80 38 00 b8 0c 00 00 00 48 0f 44
0x00007fa829929c23:   c6 3b 14 01 7c 47 48 c7 03 ff ff ff ff 48 c7 43
0x00007fa829929c33:   08 00 00 00 00 48 c7 43 10 00 00 00 00 48 c7 43
0x00007fa829929c43:   18 00 00 00 00 48 c7 43 20 00 00 00 00 c6 43 28
0x00007fa829929c53:   01 48 c7 43 30 00 00 00 00 48 83 c4 10 48 89 d8
0x00007fa829929c63:   5b 41 5c 5d c3 0f 1f 84 00 00 00 00 00 49 8b 7c
0x00007fa829929c73:   24 38 49 8b 44 24 30 41 8b 4c 24 60 89 13 48 8d
0x00007fa829929c83:   15 88 c3 fa 00 48 c7 43 20 00 00 00 00 48 89 43
0x00007fa829929c93:   08 48 89 7b 10 89 4b 04 48 8b 12 48 85 d2 74 15
0x00007fa829929ca3:   48 8b 4a 08 48 39 cf 72 0c 48 63 52 14 48 01 d1
0x00007fa829929cb3:   48 39 cf 72 68 c6 43 28 00 48 c7 43 30 00 00 00
0x00007fa829929cc3:   00 48 c7 43 18 00 00 00 00 c7 45 ec 00 00 00 00
0x00007fa829929cd3:   81 3f 0f 1f 84 00 0f 85 91 00 00 00 48 85 ff 0f
0x00007fa829929ce3:   84 88 00 00 00 8b 47 04 85 c0 74 60 25 ff ff ff
0x00007fa829929cf3:   00 48 29 c7 48 89 f8 48 89 7b 18 48 63 40 1c 48
0x00007fa829929d03:   63 13 48 c1 e0 03 48 8d 44 90 f0 49 03 44 24 50
0x00007fa829929d13:   48 89 43 30 e9 40 ff ff ff 0f 1f 40 00 c6 43 28
0x00007fa829929d23:   01 48 c7 43 30 00 00 00 00 48 c7 43 18 00 00 00
0x00007fa829929d33:   00 49 8b 54 24 50 48 98 48 8d 04 82 48 89 43 30
0x00007fa829929d43:   48 83 c4 10 48 89 d8 5b 41 5c 5d c3 48 8d 55 ec
0x00007fa829929d53:   48 89 fe e8 15 4b f7 ff 0f b6 53 28 90 84 d2 48
0x00007fa829929d63:   89 43 18 74 96 48 8b 43 08 eb c6 66 90 e8 5b 0b
0x00007fa829929d73:   f7 ff 0f b6 53 28 eb e5 0f 1f 44 00 00 55 48 89
0x00007fa829929d83:   fe 48 89 e5 41 57 41 56 48 8d 85 50 ff ff ff 41
0x00007fa829929d93:   55 41 54 53 48 89 fb 48 89 c7 48 81 ec c8 00 00
0x00007fa829929da3:   00 48 89 85 10 ff ff ff e8 40 fe ff ff 8b 95 50
0x00007fa829929db3:   ff ff ff 4c 8b bd 60 ff ff ff 85 d2 79 0e 4d 85
0x00007fa829929dc3:   ff b8 01 00 00 00 0f 84 de 02 00 00 48 8d 45 90 


Stack slot to memory mapping:
stack at sp + 0 slots: 0x00007fa8006f8180 is pointing into the stack for thread: 0x00007fa824389000
stack at sp + 1 slots: 0x000000002992bf06 is an unknown value
stack at sp + 2 slots: 0x00007fa8006f9640 is pointing into the stack for thread: 0x00007fa824389000
stack at sp + 3 slots: 0x00007fa8243b5710 points into unknown readable memory: 02 00 00 00 00 00 00 00
stack at sp + 4 slots: 0x00007fa8006f9600 is pointing into the stack for thread: 0x00007fa824389000
stack at sp + 5 slots: 0x00007fa829930786: <offset 0x0000000000688786> in /home/dmitry/Downloads/LOOM/loom/build/linux-x86_64-server-release/jdk/lib/server/libjvm.so at 0x00007fa8292a8000
stack at sp + 6 slots: 0x00000000000003d8 is an unknown value
stack at sp + 7 slots: 0x00007fa824389000 is a thread


---------------  P R O C E S S  ---------------

Threads class SMR info:
_java_thread_list=0x00007fa82438a340, length=12, elements={
0x00007fa82413b000, 0x00007fa82413e000, 0x00007fa824160800, 0x00007fa824165000,
0x00007fa824167000, 0x00007fa824169000, 0x00007fa824181800, 0x00007fa824273800,
0x00007fa7e4001000, 0x00007fa8242bd800, 0x00007fa824389000, 0x00007fa824016800
}

Java Threads: ( => current thread )
  0x00007fa82413b000 JavaThread "Reference Handler" daemon [_thread_blocked, id=1873, stack(0x00007fa8104f7000,0x00007fa8105f8000)]
  0x00007fa82413e000 JavaThread "Finalizer" daemon [_thread_blocked, id=1875, stack(0x00007fa8103f6000,0x00007fa8104f7000)]
  0x00007fa824160800 JavaThread "Signal Dispatcher" daemon [_thread_blocked, id=1877, stack(0x00007fa8102f5000,0x00007fa8103f6000)]
  0x00007fa824165000 JavaThread "C2 CompilerThread0" daemon [_thread_blocked, id=1878, stack(0x00007fa8101f4000,0x00007fa8102f5000)]
  0x00007fa824167000 JavaThread "C1 CompilerThread0" daemon [_thread_blocked, id=1879, stack(0x00007fa8100f3000,0x00007fa8101f4000)]
  0x00007fa824169000 JavaThread "Sweeper thread" daemon [_thread_blocked, id=1880, stack(0x00007fa801530000,0x00007fa801631000)]
  0x00007fa824181800 JavaThread "Common-Cleaner" daemon [_thread_blocked, id=1886, stack(0x00007fa801005000,0x00007fa801106000)]
  0x00007fa824273800 JavaThread "Service Thread" daemon [_thread_blocked, id=1887, stack(0x00007fa800f04000,0x00007fa801005000)]
  0x00007fa7e4001000 JavaThread "Attach Listener" daemon [_thread_blocked, id=1891, stack(0x00007fa800d01000,0x00007fa800e02000)]
  0x00007fa8242bd800 JavaThread "Monitor Ctrl-Break" daemon [_thread_in_native, id=1892, stack(0x00007fa800c00000,0x00007fa800d01000)]
=>0x00007fa824389000 JavaThread "Thread-0" [_thread_in_Java, id=1895, stack(0x00007fa8005fa000,0x00007fa8006fb000)]
  0x00007fa824016800 JavaThread "DestroyJavaVM" [_thread_blocked, id=1858, stack(0x00007fa82b6ac000,0x00007fa82b7ad000)]

Other Threads:
  0x00007fa82412f000 VMThread "VM Thread" [stack: 0x00007fa8105fa000,0x00007fa8106fa000] [id=1872]
  0x00007fa824276000 WatcherThread [stack: 0x00007fa800e04000,0x00007fa800f04000] [id=1888]
  0x00007fa82405a800 GCTaskThread "GC Thread#0" [stack: 0x00007fa811789000,0x00007fa811889000] [id=1861]
  0x00007fa7f8001000 GCTaskThread "GC Thread#1" [stack: 0x00007fa8008fd000,0x00007fa8009fd000] [id=1893]
  0x00007fa824064000 ConcurrentGCThread "G1 Main Marker" [stack: 0x00007fa811687000,0x00007fa811787000] [id=1864]
  0x00007fa824066000 ConcurrentGCThread "G1 Conc#0" [stack: 0x00007fa811585000,0x00007fa811685000] [id=1866]
  0x00007fa8240ba800 ConcurrentGCThread "G1 Refine#0" [stack: 0x00007fa81107f000,0x00007fa81117f000] [id=1868]
  0x00007fa8240bc000 ConcurrentGCThread "G1 Young RemSet Sampling" [stack: 0x00007fa810f7d000,0x00007fa81107d000] [id=1870]

Threads with active compile tasks:

VM state:not at safepoint (normal execution)

VM Mutex/Monitor currently owned by a thread: None

Heap address: 0x00000000b0000000, size: 1280 MB, Compressed Oops mode: 32-bit
Narrow klass base: 0x0000000000000000, Narrow klass shift: 3
Compressed class space size: 1073741824 Address: 0x0000000100000000

Heap:
 garbage-first heap   total 81920K, used 23004K [0x00000000b0000000, 0x0000000100000000)
  region size 1024K, 24 young (24576K), 2 survivors (2048K)
 Metaspace       used 11015K, capacity 11198K, committed 11392K, reserved 1058816K
  class space    used 1009K, capacity 1086K, committed 1152K, reserved 1048576K
Heap Regions: E=young(eden), S=young(survivor), O=old, HS=humongous(starts), HC=humongous(continues), CS=collection set, F=free, A=archive, TAMS=top-at-mark-start (previous, next)
|   0|0x00000000b0000000, 0x00000000b0000000, 0x00000000b0100000|  0%| F|  |TAMS 0x00000000b0000000, 0x00000000b0000000| Untracked 
|   1|0x00000000b0100000, 0x00000000b0100000, 0x00000000b0200000|  0%| F|  |TAMS 0x00000000b0100000, 0x00000000b0100000| Untracked 
|   2|0x00000000b0200000, 0x00000000b0200000, 0x00000000b0300000|  0%| F|  |TAMS 0x00000000b0200000, 0x00000000b0200000| Untracked 
|   3|0x00000000b0300000, 0x00000000b0300000, 0x00000000b0400000|  0%| F|  |TAMS 0x00000000b0300000, 0x00000000b0300000| Untracked 
|   4|0x00000000b0400000, 0x00000000b0400000, 0x00000000b0500000|  0%| F|  |TAMS 0x00000000b0400000, 0x00000000b0400000| Untracked 
|   5|0x00000000b0500000, 0x00000000b0500000, 0x00000000b0600000|  0%| F|  |TAMS 0x00000000b0500000, 0x00000000b0500000| Untracked 
|   6|0x00000000b0600000, 0x00000000b0600000, 0x00000000b0700000|  0%| F|  |TAMS 0x00000000b0600000, 0x00000000b0600000| Untracked 
|   7|0x00000000b0700000, 0x00000000b0700000, 0x00000000b0800000|  0%| F|  |TAMS 0x00000000b0700000, 0x00000000b0700000| Untracked 
|   8|0x00000000b0800000, 0x00000000b0800000, 0x00000000b0900000|  0%| F|  |TAMS 0x00000000b0800000, 0x00000000b0800000| Untracked 
|   9|0x00000000b0900000, 0x00000000b0900000, 0x00000000b0a00000|  0%| F|  |TAMS 0x00000000b0900000, 0x00000000b0900000| Untracked 
|  10|0x00000000b0a00000, 0x00000000b0a00000, 0x00000000b0b00000|  0%| F|  |TAMS 0x00000000b0a00000, 0x00000000b0a00000| Untracked 
|  11|0x00000000b0b00000, 0x00000000b0b00000, 0x00000000b0c00000|  0%| F|  |TAMS 0x00000000b0b00000, 0x00000000b0b00000| Untracked 
|  12|0x00000000b0c00000, 0x00000000b0c00000, 0x00000000b0d00000|  0%| F|  |TAMS 0x00000000b0c00000, 0x00000000b0c00000| Untracked 
|  13|0x00000000b0d00000, 0x00000000b0d00000, 0x00000000b0e00000|  0%| F|  |TAMS 0x00000000b0d00000, 0x00000000b0d00000| Untracked 
|  14|0x00000000b0e00000, 0x00000000b0e00000, 0x00000000b0f00000|  0%| F|  |TAMS 0x00000000b0e00000, 0x00000000b0e00000| Untracked 
|  15|0x00000000b0f00000, 0x00000000b0f00000, 0x00000000b1000000|  0%| F|  |TAMS 0x00000000b0f00000, 0x00000000b0f00000| Untracked 
|  16|0x00000000b1000000, 0x00000000b1000000, 0x00000000b1100000|  0%| F|  |TAMS 0x00000000b1000000, 0x00000000b1000000| Untracked 
|  17|0x00000000b1100000, 0x00000000b1100000, 0x00000000b1200000|  0%| F|  |TAMS 0x00000000b1100000, 0x00000000b1100000| Untracked 
|  18|0x00000000b1200000, 0x00000000b1200000, 0x00000000b1300000|  0%| F|  |TAMS 0x00000000b1200000, 0x00000000b1200000| Untracked 
|  19|0x00000000b1300000, 0x00000000b1300000, 0x00000000b1400000|  0%| F|  |TAMS 0x00000000b1300000, 0x00000000b1300000| Untracked 
|  20|0x00000000b1400000, 0x00000000b1400000, 0x00000000b1500000|  0%| F|  |TAMS 0x00000000b1400000, 0x00000000b1400000| Untracked 
|  21|0x00000000b1500000, 0x00000000b1500000, 0x00000000b1600000|  0%| F|  |TAMS 0x00000000b1500000, 0x00000000b1500000| Untracked 
|  22|0x00000000b1600000, 0x00000000b1600000, 0x00000000b1700000|  0%| F|  |TAMS 0x00000000b1600000, 0x00000000b1600000| Untracked 
|  23|0x00000000b1700000, 0x00000000b1700000, 0x00000000b1800000|  0%| F|  |TAMS 0x00000000b1700000, 0x00000000b1700000| Untracked 
|  24|0x00000000b1800000, 0x00000000b1800000, 0x00000000b1900000|  0%| F|  |TAMS 0x00000000b1800000, 0x00000000b1800000| Untracked 
|  25|0x00000000b1900000, 0x00000000b1900000, 0x00000000b1a00000|  0%| F|  |TAMS 0x00000000b1900000, 0x00000000b1900000| Untracked 
|  26|0x00000000b1a00000, 0x00000000b1a00000, 0x00000000b1b00000|  0%| F|  |TAMS 0x00000000b1a00000, 0x00000000b1a00000| Untracked 
|  27|0x00000000b1b00000, 0x00000000b1b00000, 0x00000000b1c00000|  0%| F|  |TAMS 0x00000000b1b00000, 0x00000000b1b00000| Untracked 
|  28|0x00000000b1c00000, 0x00000000b1c00000, 0x00000000b1d00000|  0%| F|  |TAMS 0x00000000b1c00000, 0x00000000b1c00000| Untracked 
|  29|0x00000000b1d00000, 0x00000000b1d00000, 0x00000000b1e00000|  0%| F|  |TAMS 0x00000000b1d00000, 0x00000000b1d00000| Untracked 
|  30|0x00000000b1e00000, 0x00000000b1e00000, 0x00000000b1f00000|  0%| F|  |TAMS 0x00000000b1e00000, 0x00000000b1e00000| Untracked 
|  31|0x00000000b1f00000, 0x00000000b1f00000, 0x00000000b2000000|  0%| F|  |TAMS 0x00000000b1f00000, 0x00000000b1f00000| Untracked 
|  32|0x00000000b2000000, 0x00000000b2000000, 0x00000000b2100000|  0%| F|  |TAMS 0x00000000b2000000, 0x00000000b2000000| Untracked 
|  33|0x00000000b2100000, 0x00000000b2100000, 0x00000000b2200000|  0%| F|  |TAMS 0x00000000b2100000, 0x00000000b2100000| Untracked 
|  34|0x00000000b2200000, 0x00000000b2200000, 0x00000000b2300000|  0%| F|  |TAMS 0x00000000b2200000, 0x00000000b2200000| Untracked 
|  35|0x00000000b2300000, 0x00000000b2300000, 0x00000000b2400000|  0%| F|  |TAMS 0x00000000b2300000, 0x00000000b2300000| Untracked 
|  36|0x00000000b2400000, 0x00000000b2400000, 0x00000000b2500000|  0%| F|  |TAMS 0x00000000b2400000, 0x00000000b2400000| Untracked 
|  37|0x00000000b2500000, 0x00000000b2500000, 0x00000000b2600000|  0%| F|  |TAMS 0x00000000b2500000, 0x00000000b2500000| Untracked 
|  38|0x00000000b2600000, 0x00000000b2600000, 0x00000000b2700000|  0%| F|  |TAMS 0x00000000b2600000, 0x00000000b2600000| Untracked 
|  39|0x00000000b2700000, 0x00000000b2700000, 0x00000000b2800000|  0%| F|  |TAMS 0x00000000b2700000, 0x00000000b2700000| Untracked 
|  40|0x00000000b2800000, 0x00000000b2800000, 0x00000000b2900000|  0%| F|  |TAMS 0x00000000b2800000, 0x00000000b2800000| Untracked 
|  41|0x00000000b2900000, 0x00000000b2900000, 0x00000000b2a00000|  0%| F|  |TAMS 0x00000000b2900000, 0x00000000b2900000| Untracked 
|  42|0x00000000b2a00000, 0x00000000b2a00000, 0x00000000b2b00000|  0%| F|  |TAMS 0x00000000b2a00000, 0x00000000b2a00000| Untracked 
|  43|0x00000000b2b00000, 0x00000000b2b00000, 0x00000000b2c00000|  0%| F|  |TAMS 0x00000000b2b00000, 0x00000000b2b00000| Untracked 
|  44|0x00000000b2c00000, 0x00000000b2c00000, 0x00000000b2d00000|  0%| F|  |TAMS 0x00000000b2c00000, 0x00000000b2c00000| Untracked 
|  45|0x00000000b2d00000, 0x00000000b2d00000, 0x00000000b2e00000|  0%| F|  |TAMS 0x00000000b2d00000, 0x00000000b2d00000| Untracked 
|  46|0x00000000b2e00000, 0x00000000b2e00000, 0x00000000b2f00000|  0%| F|  |TAMS 0x00000000b2e00000, 0x00000000b2e00000| Untracked 
|  47|0x00000000b2f00000, 0x00000000b2f00000, 0x00000000b3000000|  0%| F|  |TAMS 0x00000000b2f00000, 0x00000000b2f00000| Untracked 
|  48|0x00000000b3000000, 0x00000000b3000000, 0x00000000b3100000|  0%| F|  |TAMS 0x00000000b3000000, 0x00000000b3000000| Untracked 
|  49|0x00000000b3100000, 0x00000000b3100000, 0x00000000b3200000|  0%| F|  |TAMS 0x00000000b3100000, 0x00000000b3100000| Untracked 
|  50|0x00000000b3200000, 0x00000000b3200000, 0x00000000b3300000|  0%| F|  |TAMS 0x00000000b3200000, 0x00000000b3200000| Untracked 
|  51|0x00000000b3300000, 0x00000000b3300000, 0x00000000b3400000|  0%| F|  |TAMS 0x00000000b3300000, 0x00000000b3300000| Untracked 
|  52|0x00000000b3400000, 0x00000000b3400000, 0x00000000b3500000|  0%| F|  |TAMS 0x00000000b3400000, 0x00000000b3400000| Untracked 
|  53|0x00000000b3500000, 0x00000000b3500000, 0x00000000b3600000|  0%| F|  |TAMS 0x00000000b3500000, 0x00000000b3500000| Untracked 
|  54|0x00000000b3600000, 0x00000000b3600000, 0x00000000b3700000|  0%| F|  |TAMS 0x00000000b3600000, 0x00000000b3600000| Untracked 
|  55|0x00000000b3700000, 0x00000000b3700000, 0x00000000b3800000|  0%| F|  |TAMS 0x00000000b3700000, 0x00000000b3700000| Untracked 
|  56|0x00000000b3800000, 0x00000000b3900000, 0x00000000b3900000|100%| E|  |TAMS 0x00000000b3800000, 0x00000000b3800000| Complete 
|  57|0x00000000b3900000, 0x00000000b3a00000, 0x00000000b3a00000|100%| E|CS|TAMS 0x00000000b3900000, 0x00000000b3900000| Complete 
|  58|0x00000000b3a00000, 0x00000000b3b00000, 0x00000000b3b00000|100%| E|CS|TAMS 0x00000000b3a00000, 0x00000000b3a00000| Complete 
|  59|0x00000000b3b00000, 0x00000000b3c00000, 0x00000000b3c00000|100%| E|CS|TAMS 0x00000000b3b00000, 0x00000000b3b00000| Complete 
|  60|0x00000000b3c00000, 0x00000000b3d00000, 0x00000000b3d00000|100%| E|CS|TAMS 0x00000000b3c00000, 0x00000000b3c00000| Complete 
|  61|0x00000000b3d00000, 0x00000000b3e00000, 0x00000000b3e00000|100%| E|CS|TAMS 0x00000000b3d00000, 0x00000000b3d00000| Complete 
|  62|0x00000000b3e00000, 0x00000000b3f00000, 0x00000000b3f00000|100%| E|CS|TAMS 0x00000000b3e00000, 0x00000000b3e00000| Complete 
|  63|0x00000000b3f00000, 0x00000000b4000000, 0x00000000b4000000|100%| E|CS|TAMS 0x00000000b3f00000, 0x00000000b3f00000| Complete 
|  64|0x00000000b4000000, 0x00000000b4077070, 0x00000000b4100000| 46%| S|CS|TAMS 0x00000000b4000000, 0x00000000b4000000| Complete 
|  65|0x00000000b4100000, 0x00000000b4200000, 0x00000000b4200000|100%| S|CS|TAMS 0x00000000b4100000, 0x00000000b4100000| Complete 
|  66|0x00000000b4200000, 0x00000000b4300000, 0x00000000b4300000|100%| E|CS|TAMS 0x00000000b4200000, 0x00000000b4200000| Complete 
|  67|0x00000000b4300000, 0x00000000b4400000, 0x00000000b4400000|100%| E|CS|TAMS 0x00000000b4300000, 0x00000000b4300000| Complete 
|  68|0x00000000b4400000, 0x00000000b4500000, 0x00000000b4500000|100%| E|CS|TAMS 0x00000000b4400000, 0x00000000b4400000| Complete 
|  69|0x00000000b4500000, 0x00000000b4600000, 0x00000000b4600000|100%| E|CS|TAMS 0x00000000b4500000, 0x00000000b4500000| Complete 
|  70|0x00000000b4600000, 0x00000000b4700000, 0x00000000b4700000|100%| E|CS|TAMS 0x00000000b4600000, 0x00000000b4600000| Complete 
|  71|0x00000000b4700000, 0x00000000b4800000, 0x00000000b4800000|100%| E|CS|TAMS 0x00000000b4700000, 0x00000000b4700000| Complete 
|  72|0x00000000b4800000, 0x00000000b4900000, 0x00000000b4900000|100%| E|CS|TAMS 0x00000000b4800000, 0x00000000b4800000| Complete 
|  73|0x00000000b4900000, 0x00000000b4a00000, 0x00000000b4a00000|100%| E|CS|TAMS 0x00000000b4900000, 0x00000000b4900000| Complete 
|  74|0x00000000b4a00000, 0x00000000b4b00000, 0x00000000b4b00000|100%| E|CS|TAMS 0x00000000b4a00000, 0x00000000b4a00000| Complete 
|  75|0x00000000b4b00000, 0x00000000b4c00000, 0x00000000b4c00000|100%| E|CS|TAMS 0x00000000b4b00000, 0x00000000b4b00000| Complete 
|  76|0x00000000b4c00000, 0x00000000b4d00000, 0x00000000b4d00000|100%| E|CS|TAMS 0x00000000b4c00000, 0x00000000b4c00000| Complete 
|  77|0x00000000b4d00000, 0x00000000b4e00000, 0x00000000b4e00000|100%| E|CS|TAMS 0x00000000b4d00000, 0x00000000b4d00000| Complete 
|  78|0x00000000b4e00000, 0x00000000b4f00000, 0x00000000b4f00000|100%| E|CS|TAMS 0x00000000b4e00000, 0x00000000b4e00000| Complete 
|  79|0x00000000b4f00000, 0x00000000b5000000, 0x00000000b5000000|100%| E|CS|TAMS 0x00000000b4f00000, 0x00000000b4f00000| Complete 

Card table byte_map: [0x00007fa814309000,0x00007fa814589000] _byte_map_base: 0x00007fa813d89000

Marking Bits (Prev, Next): (CMBitMap*) 0x00007fa82405bb68, (CMBitMap*) 0x00007fa82405bba8
 Prev Bits: [0x00007fa812c89000, 0x00007fa814089000)
 Next Bits: [0x00007fa811889000, 0x00007fa812c89000)

Polling page: 0x00007fa82b7c0000

Metaspace:

Usage:
  Non-class:      9,88 MB capacity,     9,77 MB ( 99%) used,    86,73 KB ( <1%) free+waste,    19,62 KB ( <1%) overhead. 
      Class:      1,06 MB capacity,  1009,59 KB ( 93%) used,    65,97 KB (  6%) free+waste,    10,44 KB ( <1%) overhead. 
       Both:     10,94 MB capacity,    10,76 MB ( 98%) used,   152,70 KB (  1%) free+waste,    30,06 KB ( <1%) overhead. 

Virtual space:
  Non-class space:       10,00 MB reserved,      10,00 MB (100%) committed 
      Class space:        1,00 GB reserved,       1,12 MB ( <1%) committed 
             Both:        1,01 GB reserved,      11,12 MB (  1%) committed 

Chunk freelists:
   Non-Class:  20,00 KB
       Class:  0 bytes
        Both:  20,00 KB

MaxMetaspaceSize: unlimited
CompressedClassSpaceSize: 1,00 GB

CodeHeap 'non-profiled nmethods': size=120032Kb used=309Kb max_used=309Kb free=119722Kb
 bounds [0x00007fa81c8ab000, 0x00007fa81cb1b000, 0x00007fa823de3000]
CodeHeap 'profiled nmethods': size=120032Kb used=1331Kb max_used=1331Kb free=118700Kb
 bounds [0x00007fa815373000, 0x00007fa8155e3000, 0x00007fa81c8ab000]
CodeHeap 'non-nmethods': size=5696Kb used=1145Kb max_used=1172Kb free=4550Kb
 bounds [0x00007fa814de3000, 0x00007fa815053000, 0x00007fa815373000]
 total_blobs=1416 nmethods=820 adapters=302
 compilation: enabled
              stopped_count=0, restarted_count=0
 full_count=0

Compilation events (10 events):
Event: 1,828 Thread 0x00007fa824167000  808       3       java.lang.invoke.InvokerBytecodeGenerator::emitImplicitConversion (161 bytes)
Event: 1,829 Thread 0x00007fa824165000 nmethod 745 0x00007fa81c8f7490 code [0x00007fa81c8f7640, 0x00007fa81c8f7b38]
Event: 1,829 Thread 0x00007fa824165000  816       4       jdk.internal.org.objectweb.asm.SymbolTable::get (13 bytes)
Event: 1,830 Thread 0x00007fa824167000 nmethod 808 0x00007fa8154bb710 code [0x00007fa8154bba40, 0x00007fa8154bcb78]
Event: 1,830 Thread 0x00007fa824165000 nmethod 816 0x00007fa81c8f7d10 code [0x00007fa81c8f7ea0, 0x00007fa81c8f7f78]
Event: 1,830 Thread 0x00007fa824167000  820       3       java.lang.invoke.InvokerBytecodeGenerator::emitLoadInsn (21 bytes)
Event: 1,831 Thread 0x00007fa824167000 nmethod 820 0x00007fa8154bd110 code [0x00007fa8154bd2e0, 0x00007fa8154bd578]
Event: 1,831 Thread 0x00007fa824167000  821       3       java.lang.invoke.InvokerBytecodeGenerator::loadInsnOpcode (87 bytes)
Event: 1,833 Thread 0x00007fa824167000 nmethod 821 0x00007fa8154bd690 code [0x00007fa8154bd920, 0x00007fa8154be4f8]
Event: 1,833 Thread 0x00007fa824167000  822       3       java.lang.invoke.InvokerBytecodeGenerator::emitPushArgument (120 bytes)

GC Heap History (2 events):
Event: 1,354 GC heap before
{Heap before GC invocations=0 (full 0):
 garbage-first heap   total 81920K, used 14336K [0x00000000b0000000, 0x0000000100000000)
  region size 1024K, 14 young (14336K), 0 survivors (0K)
 Metaspace       used 8395K, capacity 8540K, committed 8832K, reserved 1056768K
  class space    used 751K, capacity 828K, committed 896K, reserved 1048576K
}
Event: 1,365 GC heap after
{Heap after GC invocations=1 (full 0):
 garbage-first heap   total 81920K, used 1500K [0x00000000b0000000, 0x0000000100000000)
  region size 1024K, 2 young (2048K), 2 survivors (2048K)
 Metaspace       used 8395K, capacity 8540K, committed 8832K, reserved 1056768K
  class space    used 751K, capacity 828K, committed 896K, reserved 1048576K
}

Deoptimization events (6 events):
Event: 0,991 Thread 0x00007fa824016800 Uncommon trap: reason=unstable_if action=reinterpret pc=0x00007fa81c8c5400 method=java.util.HashMap.putVal(ILjava/lang/Object;Ljava/lang/Object;ZZ)Ljava/lang/Object; @ 236 c2
Event: 1,082 Thread 0x00007fa824016800 Uncommon trap: reason=unstable_if action=reinterpret pc=0x00007fa81c8cf724 method=java.lang.String.<init>([CIILjava/lang/Void;)V @ 5 c2
Event: 1,262 Thread 0x00007fa7e4001000 Uncommon trap: reason=class_check action=maybe_recompile pc=0x00007fa81c8bf7a0 method=java.io.BufferedInputStream.read([BII)I @ 101 c2
Event: 1,380 Thread 0x00007fa7e4001000 Uncommon trap: reason=unstable_if action=reinterpret pc=0x00007fa81c8d7350 method=java.lang.StringLatin1.indexOf([BI[BII)I @ 80 c2
Event: 1,556 Thread 0x00007fa824016800 Uncommon trap: reason=unstable_if action=reinterpret pc=0x00007fa81c8c9384 method=java.util.HashMap.hash(Ljava/lang/Object;)I @ 1 c2
Event: 1,556 Thread 0x00007fa824016800 Uncommon trap: reason=unstable_if action=reinterpret pc=0x00007fa81c8c8034 method=java.util.HashMap.hash(Ljava/lang/Object;)I @ 1 c2

Classes unloaded (0 events):
No events

Classes redefined (0 events):
No events

Internal exceptions (10 events):
Event: 1,758 Thread 0x00007fa824016800 Exception <a 'java/lang/NoSuchMethodError'{0x00000000b39d6e60}: 'java.lang.Object java.lang.invoke.DirectMethodHandle$Holder.invokeSpecial(java.lang.Object, java.lang.Object, java.lang.Object, java.lang.Object, java.lang.Object, java.lang.Object, java.lang.Object)'> (0x00000000b39d6e60) 
thrown [/home/dmitry/Downloads/LOOM/loom/src/hotspot/share/interpreter/linkResolver.cpp, line 768]
for thread 0x00007fa824016800
Event: 1,758 Thread 0x00007fa824016800 Exception <a 'java/lang/NoSuchMethodError'{0x00000000b39d9eb0}: 'java.lang.Object java.lang.invoke.DelegatingMethodHandle$Holder.delegate(java.lang.Object, java.lang.Object, java.lang.Object, java.lang.Object, java.lang.Object, java.lang.Object)'> (0x00000000b39d9eb0) 
thrown [/home/dmitry/Downloads/LOOM/loom/src/hotspot/share/interpreter/linkResolver.cpp, line 768]
for thread 0x00007fa824016800
Event: 1,759 Thread 0x00007fa824016800 Exception <a 'java/lang/NoSuchMethodError'{0x00000000b39dd0a8}: 'java.lang.Object java.lang.invoke.Invokers$Holder.invokeExact_MT(java.lang.Object, java.lang.Object, java.lang.Object, java.lang.Object, java.lang.Object, java.lang.Object, java.lang.Object)'> (0x00000000b39dd0a8) 
thrown [/home/dmitry/Downloads/LOOM/loom/src/hotspot/share/interpreter/linkResolver.cpp, line 768]
for thread 0x00007fa824016800
Event: 1,761 Thread 0x00007fa824016800 Exception <a 'java/lang/NoSuchMethodError'{0x00000000b39e0c78}: 'long java.lang.invoke.DirectMethodHandle$Holder.invokeStatic(java.lang.Object)'> (0x00000000b39e0c78) 
thrown [/home/dmitry/Downloads/LOOM/loom/src/hotspot/share/interpreter/linkResolver.cpp, line 768]
for thread 0x00007fa824016800
Event: 1,762 Thread 0x00007fa824016800 Exception <a 'java/lang/NoSuchMethodError'{0x00000000b39e64b8}: 'long java.lang.invoke.Invokers$Holder.invoke_MT(java.lang.Object, java.lang.Object)'> (0x00000000b39e64b8) 
thrown [/home/dmitry/Downloads/LOOM/loom/src/hotspot/share/interpreter/linkResolver.cpp, line 768]
for thread 0x00007fa824016800
Event: 1,763 Thread 0x00007fa824016800 Exception <a 'java/lang/NoSuchMethodError'{0x00000000b39ec7f8}: 'java.lang.Object java.lang.invoke.DirectMethodHandle$Holder.invokeStatic(java.lang.Object, long)'> (0x00000000b39ec7f8) 
thrown [/home/dmitry/Downloads/LOOM/loom/src/hotspot/share/interpreter/linkResolver.cpp, line 768]
for thread 0x00007fa824016800
Event: 1,817 Thread 0x00007fa824016800 Exception <a 'java/lang/NoSuchMethodError'{0x00000000b3832818}: 'java.lang.Object java.lang.invoke.DirectMethodHandle$Holder.invokeSpecial(java.lang.Object, java.lang.Object, long)'> (0x00000000b3832818) 
thrown [/home/dmitry/Downloads/LOOM/loom/src/hotspot/share/interpreter/linkResolver.cpp, line 768]
for thread 0x00007fa824016800
Event: 1,827 Thread 0x00007fa824016800 Exception <a 'java/lang/NoSuchMethodError'{0x00000000b3864138}: 'long java.lang.invoke.DirectMethodHandle$Holder.getLong(java.lang.Object, java.lang.Object)'> (0x00000000b3864138) 
thrown [/home/dmitry/Downloads/LOOM/loom/src/hotspot/share/interpreter/linkResolver.cpp, line 768]
for thread 0x00007fa824016800
Event: 1,829 Thread 0x00007fa824016800 Exception <a 'java/lang/NoSuchMethodError'{0x00000000b386da18}: 'java.lang.Object java.lang.invoke.Invokers$Holder.linkToTargetMethod(int, java.lang.Object)'> (0x00000000b386da18) 
thrown [/home/dmitry/Downloads/LOOM/loom/src/hotspot/share/interpreter/linkResolver.cpp, line 768]
for thread 0x00007fa824016800
Event: 1,830 Thread 0x00007fa824016800 Exception <a 'java/lang/NoSuchMethodError'{0x00000000b3870598}: 'void java.lang.invoke.DirectMethodHandle$Holder.invokeSpecial(java.lang.Object, java.lang.Object)'> (0x00000000b3870598) 
thrown [/home/dmitry/Downloads/LOOM/loom/src/hotspot/share/interpreter/linkResolver.cpp, line 768]
for thread 0x00007fa824016800

Events (10 events):
Event: 1,824 loading class java/lang/invoke/MethodHandles$1 done
Event: 1,824 loading class java/lang/invoke/BoundMethodHandle$Species_LLLLJ
Event: 1,824 loading class java/lang/invoke/BoundMethodHandle$Species_LLLLJ done
Event: 1,835 Thread 0x00007fa824389000 Thread added: 0x00007fa824389000
Event: 1,835 loading class java/util/IdentityHashMap$KeyIterator
Event: 1,835 loading class java/util/IdentityHashMap$IdentityHashMapIterator
Event: 1,835 loading class java/util/IdentityHashMap$IdentityHashMapIterator done
Event: 1,835 loading class java/util/IdentityHashMap$KeyIterator done
Event: 1,836 Thread 0x00007fa824016800 Thread exited: 0x00007fa824016800
Event: 1,836 Thread 0x00007fa824016800 Thread added: 0x00007fa824016800


Dynamic libraries:
b0000000-b5000000 rw-p 00000000 00:00 0 
b5000000-100000000 ---p 00000000 00:00 0 
100000000-100120000 rw-p 00000000 00:00 0 
100120000-140000000 ---p 00000000 00:00 0 
555b2c899000-555b2c89a000 r-xp 00000000 08:01 2636071                    /home/dmitry/Downloads/LOOM/loom/build/linux-x86_64-server-release/jdk/bin/java
555b2ca9a000-555b2ca9b000 r--p 00001000 08:01 2636071                    /home/dmitry/Downloads/LOOM/loom/build/linux-x86_64-server-release/jdk/bin/java
555b2ca9b000-555b2ca9c000 rw-p 00002000 08:01 2636071                    /home/dmitry/Downloads/LOOM/loom/build/linux-x86_64-server-release/jdk/bin/java
555b2d6a4000-555b2d6c5000 rw-p 00000000 00:00 0                          [heap]
7fa7bc000000-7fa7bc021000 rw-p 00000000 00:00 0 
7fa7bc021000-7fa7c0000000 ---p 00000000 00:00 0 
7fa7c4000000-7fa7c403a000 rw-p 00000000 00:00 0 
7fa7c403a000-7fa7c8000000 ---p 00000000 00:00 0 
7fa7c8000000-7fa7c8021000 rw-p 00000000 00:00 0 
7fa7c8021000-7fa7cc000000 ---p 00000000 00:00 0 
7fa7cc000000-7fa7cc021000 rw-p 00000000 00:00 0 
7fa7cc021000-7fa7d0000000 ---p 00000000 00:00 0 
7fa7d0000000-7fa7d0041000 rw-p 00000000 00:00 0 
7fa7d0041000-7fa7d4000000 ---p 00000000 00:00 0 
7fa7d4000000-7fa7d4021000 rw-p 00000000 00:00 0 
7fa7d4021000-7fa7d8000000 ---p 00000000 00:00 0 
7fa7d8000000-7fa7d8021000 rw-p 00000000 00:00 0 
7fa7d8021000-7fa7dc000000 ---p 00000000 00:00 0 
7fa7dc000000-7fa7dc27c000 rw-p 00000000 00:00 0 
7fa7dc27c000-7fa7e0000000 ---p 00000000 00:00 0 
7fa7e0000000-7fa7e0021000 rw-p 00000000 00:00 0 
7fa7e0021000-7fa7e4000000 ---p 00000000 00:00 0 
7fa7e4000000-7fa7e4021000 rw-p 00000000 00:00 0 
7fa7e4021000-7fa7e8000000 ---p 00000000 00:00 0 
7fa7e8000000-7fa7e8959000 rw-p 00000000 00:00 0 
7fa7e8959000-7fa7ec000000 ---p 00000000 00:00 0 
7fa7ec000000-7fa7ec021000 rw-p 00000000 00:00 0 
7fa7ec021000-7fa7f0000000 ---p 00000000 00:00 0 
7fa7f0000000-7fa7f0021000 rw-p 00000000 00:00 0 
7fa7f0021000-7fa7f4000000 ---p 00000000 00:00 0 
7fa7f4000000-7fa7f4021000 rw-p 00000000 00:00 0 
7fa7f4021000-7fa7f8000000 ---p 00000000 00:00 0 
7fa7f8000000-7fa7f8021000 rw-p 00000000 00:00 0 
7fa7f8021000-7fa7fc000000 ---p 00000000 00:00 0 
7fa7fc000000-7fa7fc021000 rw-p 00000000 00:00 0 
7fa7fc021000-7fa800000000 ---p 00000000 00:00 0 
7fa8001ff000-7fa8005fa000 rw-p 00000000 00:00 0 
7fa8005fa000-7fa8005fe000 ---p 00000000 00:00 0 
7fa8005fe000-7fa8008fb000 rw-p 00000000 00:00 0 
7fa8008fb000-7fa8008fc000 ---p 00000000 00:00 0 
7fa8008fc000-7fa8009fd000 rw-p 00000000 00:00 0 
7fa8009fd000-7fa8009ff000 r-xp 00000000 08:01 3284555                    /home/dmitry/Downloads/LOOM/loom/build/linux-x86_64-server-release/jdk/lib/libextnet.so
7fa8009ff000-7fa800bfe000 ---p 00002000 08:01 3284555                    /home/dmitry/Downloads/LOOM/loom/build/linux-x86_64-server-release/jdk/lib/libextnet.so
7fa800bfe000-7fa800bff000 r--p 00001000 08:01 3284555                    /home/dmitry/Downloads/LOOM/loom/build/linux-x86_64-server-release/jdk/lib/libextnet.so
7fa800bff000-7fa800c00000 rw-p 00002000 08:01 3284555                    /home/dmitry/Downloads/LOOM/loom/build/linux-x86_64-server-release/jdk/lib/libextnet.so
7fa800c00000-7fa800c04000 ---p 00000000 00:00 0 
7fa800c04000-7fa800d01000 rw-p 00000000 00:00 0 
7fa800d01000-7fa800d05000 ---p 00000000 00:00 0 
7fa800d05000-7fa800e02000 rw-p 00000000 00:00 0 
7fa800e02000-7fa800e03000 ---p 00000000 00:00 0 
7fa800e03000-7fa800f04000 rw-p 00000000 00:00 0 
7fa800f04000-7fa800f08000 ---p 00000000 00:00 0 
7fa800f08000-7fa801005000 rw-p 00000000 00:00 0 
7fa801005000-7fa801009000 ---p 00000000 00:00 0 
7fa801009000-7fa801106000 rw-p 00000000 00:00 0 
7fa801106000-7fa80111c000 r-xp 00000000 08:01 3284522                    /home/dmitry/Downloads/LOOM/loom/build/linux-x86_64-server-release/jdk/lib/libnet.so
7fa80111c000-7fa80131c000 ---p 00016000 08:01 3284522                    /home/dmitry/Downloads/LOOM/loom/build/linux-x86_64-server-release/jdk/lib/libnet.so
7fa80131c000-7fa80131d000 r--p 00016000 08:01 3284522                    /home/dmitry/Downloads/LOOM/loom/build/linux-x86_64-server-release/jdk/lib/libnet.so
7fa80131d000-7fa80131e000 rw-p 00017000 08:01 3284522                    /home/dmitry/Downloads/LOOM/loom/build/linux-x86_64-server-release/jdk/lib/libnet.so
7fa80131e000-7fa80132f000 r-xp 00000000 08:01 3284525                    /home/dmitry/Downloads/LOOM/loom/build/linux-x86_64-server-release/jdk/lib/libnio.so
7fa80132f000-7fa80152e000 ---p 00011000 08:01 3284525                    /home/dmitry/Downloads/LOOM/loom/build/linux-x86_64-server-release/jdk/lib/libnio.so
7fa80152e000-7fa80152f000 r--p 00010000 08:01 3284525                    /home/dmitry/Downloads/LOOM/loom/build/linux-x86_64-server-release/jdk/lib/libnio.so
7fa80152f000-7fa801530000 rw-p 00011000 08:01 3284525                    /home/dmitry/Downloads/LOOM/loom/build/linux-x86_64-server-release/jdk/lib/libnio.so
7fa801530000-7fa801534000 ---p 00000000 00:00 0 
7fa801534000-7fa801631000 rw-p 00000000 00:00 0 
7fa801631000-7fa802000000 r--p 00000000 08:01 10230401                   /usr/lib/locale/locale-archive
7fa802000000-7fa804000000 rw-p 00000000 00:00 0 
7fa804000000-7fa804021000 rw-p 00000000 00:00 0 
7fa804021000-7fa808000000 ---p 00000000 00:00 0 
7fa808000000-7fa808021000 rw-p 00000000 00:00 0 
7fa808021000-7fa80c000000 ---p 00000000 00:00 0 
7fa80c000000-7fa80c021000 rw-p 00000000 00:00 0 
7fa80c021000-7fa810000000 ---p 00000000 00:00 0 
7fa8100c2000-7fa8100f3000 rw-p 00000000 00:00 0 
7fa8100f3000-7fa8100f7000 ---p 00000000 00:00 0 
7fa8100f7000-7fa8101f4000 rw-p 00000000 00:00 0 
7fa8101f4000-7fa8101f8000 ---p 00000000 00:00 0 
7fa8101f8000-7fa8102f5000 rw-p 00000000 00:00 0 
7fa8102f5000-7fa8102f9000 ---p 00000000 00:00 0 
7fa8102f9000-7fa8103f6000 rw-p 00000000 00:00 0 
7fa8103f6000-7fa8103fa000 ---p 00000000 00:00 0 
7fa8103fa000-7fa8104f7000 rw-p 00000000 00:00 0 
7fa8104f7000-7fa8104fb000 ---p 00000000 00:00 0 
7fa8104fb000-7fa8105f8000 rw-p 00000000 00:00 0 
7fa8105f8000-7fa8105f9000 ---p 00000000 00:00 0 
7fa8105f9000-7fa810f7b000 rw-p 00000000 00:00 0 
7fa810f7b000-7fa810f7c000 ---p 00000000 00:00 0 
7fa810f7c000-7fa81107d000 rw-p 00000000 00:00 0 
7fa81107d000-7fa81107e000 ---p 00000000 00:00 0 
7fa81107e000-7fa811583000 rw-p 00000000 00:00 0 
7fa811583000-7fa811584000 ---p 00000000 00:00 0 
7fa811584000-7fa811685000 rw-p 00000000 00:00 0 
7fa811685000-7fa811686000 ---p 00000000 00:00 0 
7fa811686000-7fa811787000 rw-p 00000000 00:00 0 
7fa811787000-7fa811788000 ---p 00000000 00:00 0 
7fa811788000-7fa8119c9000 rw-p 00000000 00:00 0 
7fa8119c9000-7fa812c89000 ---p 00000000 00:00 0 
7fa812c89000-7fa812dc9000 rw-p 00000000 00:00 0 
7fa812dc9000-7fa814089000 ---p 00000000 00:00 0 
7fa814089000-7fa8140b1000 rw-p 00000000 00:00 0 
7fa8140b1000-7fa814309000 ---p 00000000 00:00 0 
7fa814309000-7fa814331000 rw-p 00000000 00:00 0 
7fa814331000-7fa814589000 ---p 00000000 00:00 0 
7fa814589000-7fa8145b1000 rw-p 00000000 00:00 0 
7fa8145b1000-7fa814809000 ---p 00000000 00:00 0 
7fa814809000-7fa814c12000 rw-p 00000000 00:00 0 
7fa814c12000-7fa814cf8000 ---p 00000000 00:00 0 
7fa814cf8000-7fa814cfd000 rw-p 00000000 00:00 0 
7fa814cfd000-7fa814de3000 ---p 00000000 00:00 0 
7fa814de3000-7fa815053000 rwxp 00000000 00:00 0 
7fa815053000-7fa815373000 ---p 00000000 00:00 0 
7fa815373000-7fa8155e3000 rwxp 00000000 00:00 0 
7fa8155e3000-7fa81c8ab000 ---p 00000000 00:00 0 
7fa81c8ab000-7fa81cb1b000 rwxp 00000000 00:00 0 
7fa81cb1b000-7fa823de3000 ---p 00000000 00:00 0 
7fa823de3000-7fa823dfe000 r-xp 00000000 08:01 3284521                    /home/dmitry/Downloads/LOOM/loom/build/linux-x86_64-server-release/jdk/lib/libjimage.so
7fa823dfe000-7fa823ffd000 ---p 0001b000 08:01 3284521                    /home/dmitry/Downloads/LOOM/loom/build/linux-x86_64-server-release/jdk/lib/libjimage.so
7fa823ffd000-7fa823fff000 r--p 0001a000 08:01 3284521                    /home/dmitry/Downloads/LOOM/loom/build/linux-x86_64-server-release/jdk/lib/libjimage.so
7fa823fff000-7fa824000000 rw-p 0001c000 08:01 3284521                    /home/dmitry/Downloads/LOOM/loom/build/linux-x86_64-server-release/jdk/lib/libjimage.so
7fa824000000-7fa824417000 rw-p 00000000 00:00 0 
7fa824417000-7fa828000000 ---p 00000000 00:00 0 
7fa82802b000-7fa828086000 rw-p 00000000 00:00 0 
7fa828086000-7fa82808d000 r-xp 00000000 08:01 3284518                    /home/dmitry/Downloads/LOOM/loom/build/linux-x86_64-server-release/jdk/lib/libzip.so
7fa82808d000-7fa82828c000 ---p 00007000 08:01 3284518                    /home/dmitry/Downloads/LOOM/loom/build/linux-x86_64-server-release/jdk/lib/libzip.so
7fa82828c000-7fa82828d000 r--p 00006000 08:01 3284518                    /home/dmitry/Downloads/LOOM/loom/build/linux-x86_64-server-release/jdk/lib/libzip.so
7fa82828d000-7fa82828e000 rw-p 00007000 08:01 3284518                    /home/dmitry/Downloads/LOOM/loom/build/linux-x86_64-server-release/jdk/lib/libzip.so
7fa82828e000-7fa828299000 r-xp 00000000 08:01 1184572                    /lib/x86_64-linux-gnu/libnss_files-2.27.so
7fa828299000-7fa828498000 ---p 0000b000 08:01 1184572                    /lib/x86_64-linux-gnu/libnss_files-2.27.so
7fa828498000-7fa828499000 r--p 0000a000 08:01 1184572                    /lib/x86_64-linux-gnu/libnss_files-2.27.so
7fa828499000-7fa82849a000 rw-p 0000b000 08:01 1184572                    /lib/x86_64-linux-gnu/libnss_files-2.27.so
7fa82849a000-7fa8284a0000 rw-p 00000000 00:00 0 
7fa8284a0000-7fa8284b7000 r-xp 00000000 08:01 1184566                    /lib/x86_64-linux-gnu/libnsl-2.27.so
7fa8284b7000-7fa8286b6000 ---p 00017000 08:01 1184566                    /lib/x86_64-linux-gnu/libnsl-2.27.so
7fa8286b6000-7fa8286b7000 r--p 00016000 08:01 1184566                    /lib/x86_64-linux-gnu/libnsl-2.27.so
7fa8286b7000-7fa8286b8000 rw-p 00017000 08:01 1184566                    /lib/x86_64-linux-gnu/libnsl-2.27.so
7fa8286b8000-7fa8286ba000 rw-p 00000000 00:00 0 
7fa8286ba000-7fa8286c5000 r-xp 00000000 08:01 1184583                    /lib/x86_64-linux-gnu/libnss_nis-2.27.so
7fa8286c5000-7fa8288c4000 ---p 0000b000 08:01 1184583                    /lib/x86_64-linux-gnu/libnss_nis-2.27.so
7fa8288c4000-7fa8288c5000 r--p 0000a000 08:01 1184583                    /lib/x86_64-linux-gnu/libnss_nis-2.27.so
7fa8288c5000-7fa8288c6000 rw-p 0000b000 08:01 1184583                    /lib/x86_64-linux-gnu/libnss_nis-2.27.so
7fa8288c6000-7fa8288ce000 r-xp 00000000 08:01 1184568                    /lib/x86_64-linux-gnu/libnss_compat-2.27.so
7fa8288ce000-7fa828ace000 ---p 00008000 08:01 1184568                    /lib/x86_64-linux-gnu/libnss_compat-2.27.so
7fa828ace000-7fa828acf000 r--p 00008000 08:01 1184568                    /lib/x86_64-linux-gnu/libnss_compat-2.27.so
7fa828acf000-7fa828ad0000 rw-p 00009000 08:01 1184568                    /lib/x86_64-linux-gnu/libnss_compat-2.27.so
7fa828ad0000-7fa828af9000 r-xp 00000000 08:01 3284517                    /home/dmitry/Downloads/LOOM/loom/build/linux-x86_64-server-release/jdk/lib/libjava.so
7fa828af9000-7fa828cf8000 ---p 00029000 08:01 3284517                    /home/dmitry/Downloads/LOOM/loom/build/linux-x86_64-server-release/jdk/lib/libjava.so
7fa828cf8000-7fa828cf9000 r--p 00028000 08:01 3284517                    /home/dmitry/Downloads/LOOM/loom/build/linux-x86_64-server-release/jdk/lib/libjava.so
7fa828cf9000-7fa828cfb000 rw-p 00029000 08:01 3284517                    /home/dmitry/Downloads/LOOM/loom/build/linux-x86_64-server-release/jdk/lib/libjava.so
7fa828cfb000-7fa828d08000 r-xp 00000000 08:01 3284510                    /home/dmitry/Downloads/LOOM/loom/build/linux-x86_64-server-release/jdk/lib/libverify.so
7fa828d08000-7fa828f07000 ---p 0000d000 08:01 3284510                    /home/dmitry/Downloads/LOOM/loom/build/linux-x86_64-server-release/jdk/lib/libverify.so
7fa828f07000-7fa828f09000 r--p 0000c000 08:01 3284510                    /home/dmitry/Downloads/LOOM/loom/build/linux-x86_64-server-release/jdk/lib/libverify.so
7fa828f09000-7fa828f0a000 rw-p 0000e000 08:01 3284510                    /home/dmitry/Downloads/LOOM/loom/build/linux-x86_64-server-release/jdk/lib/libverify.so
7fa828f0a000-7fa8290a7000 r-xp 00000000 08:01 1184545                    /lib/x86_64-linux-gnu/libm-2.27.so
7fa8290a7000-7fa8292a6000 ---p 0019d000 08:01 1184545                    /lib/x86_64-linux-gnu/libm-2.27.so
7fa8292a6000-7fa8292a7000 r--p 0019c000 08:01 1184545                    /lib/x86_64-linux-gnu/libm-2.27.so
7fa8292a7000-7fa8292a8000 rw-p 0019d000 08:01 1184545                    /lib/x86_64-linux-gnu/libm-2.27.so
7fa8292a8000-7fa82a5d4000 r-xp 00000000 08:01 3284508                    /home/dmitry/Downloads/LOOM/loom/build/linux-x86_64-server-release/jdk/lib/server/libjvm.so
7fa82a5d4000-7fa82a7d3000 ---p 0132c000 08:01 3284508                    /home/dmitry/Downloads/LOOM/loom/build/linux-x86_64-server-release/jdk/lib/server/libjvm.so
7fa82a7d3000-7fa82a89b000 r--p 0132b000 08:01 3284508                    /home/dmitry/Downloads/LOOM/loom/build/linux-x86_64-server-release/jdk/lib/server/libjvm.so
7fa82a89b000-7fa82a8d6000 rw-p 013f3000 08:01 3284508                    /home/dmitry/Downloads/LOOM/loom/build/linux-x86_64-server-release/jdk/lib/server/libjvm.so
7fa82a8d6000-7fa82a95c000 rw-p 00000000 00:00 0 
7fa82a95c000-7fa82a976000 r-xp 00000000 08:01 1184615                    /lib/x86_64-linux-gnu/libpthread-2.27.so
7fa82a976000-7fa82ab75000 ---p 0001a000 08:01 1184615                    /lib/x86_64-linux-gnu/libpthread-2.27.so
7fa82ab75000-7fa82ab76000 r--p 00019000 08:01 1184615                    /lib/x86_64-linux-gnu/libpthread-2.27.so
7fa82ab76000-7fa82ab77000 rw-p 0001a000 08:01 1184615                    /lib/x86_64-linux-gnu/libpthread-2.27.so
7fa82ab77000-7fa82ab7b000 rw-p 00000000 00:00 0 
7fa82ab7b000-7fa82ab7e000 r-xp 00000000 08:01 1184505                    /lib/x86_64-linux-gnu/libdl-2.27.so
7fa82ab7e000-7fa82ad7d000 ---p 00003000 08:01 1184505                    /lib/x86_64-linux-gnu/libdl-2.27.so
7fa82ad7d000-7fa82ad7e000 r--p 00002000 08:01 1184505                    /lib/x86_64-linux-gnu/libdl-2.27.so
7fa82ad7e000-7fa82ad7f000 rw-p 00003000 08:01 1184505                    /lib/x86_64-linux-gnu/libdl-2.27.so
7fa82ad7f000-7fa82ad9b000 r-xp 00000000 08:01 1184654                    /lib/x86_64-linux-gnu/libz.so.1.2.11
7fa82ad9b000-7fa82af9a000 ---p 0001c000 08:01 1184654                    /lib/x86_64-linux-gnu/libz.so.1.2.11
7fa82af9a000-7fa82af9b000 r--p 0001b000 08:01 1184654                    /lib/x86_64-linux-gnu/libz.so.1.2.11
7fa82af9b000-7fa82af9c000 rw-p 0001c000 08:01 1184654                    /lib/x86_64-linux-gnu/libz.so.1.2.11
7fa82af9c000-7fa82b183000 r-xp 00000000 08:01 1184482                    /lib/x86_64-linux-gnu/libc-2.27.so
7fa82b183000-7fa82b383000 ---p 001e7000 08:01 1184482                    /lib/x86_64-linux-gnu/libc-2.27.so
7fa82b383000-7fa82b387000 r--p 001e7000 08:01 1184482                    /lib/x86_64-linux-gnu/libc-2.27.so
7fa82b387000-7fa82b389000 rw-p 001eb000 08:01 1184482                    /lib/x86_64-linux-gnu/libc-2.27.so
7fa82b389000-7fa82b38d000 rw-p 00000000 00:00 0 
7fa82b38d000-7fa82b39d000 r-xp 00000000 08:01 3284512                    /home/dmitry/Downloads/LOOM/loom/build/linux-x86_64-server-release/jdk/lib/libjli.so
7fa82b39d000-7fa82b59c000 ---p 00010000 08:01 3284512                    /home/dmitry/Downloads/LOOM/loom/build/linux-x86_64-server-release/jdk/lib/libjli.so
7fa82b59c000-7fa82b59d000 r--p 0000f000 08:01 3284512                    /home/dmitry/Downloads/LOOM/loom/build/linux-x86_64-server-release/jdk/lib/libjli.so
7fa82b59d000-7fa82b59e000 rw-p 00010000 08:01 3284512                    /home/dmitry/Downloads/LOOM/loom/build/linux-x86_64-server-release/jdk/lib/libjli.so
7fa82b59e000-7fa82b5c5000 r-xp 00000000 08:01 1184454                    /lib/x86_64-linux-gnu/ld-2.27.so
7fa82b5f2000-7fa82b6a5000 rw-p 00000000 00:00 0 
7fa82b6a5000-7fa82b6ac000 ---p 00000000 00:00 0 
7fa82b6ac000-7fa82b6b0000 ---p 00000000 00:00 0 
7fa82b6b0000-7fa82b7af000 rw-p 00000000 00:00 0 
7fa82b7b8000-7fa82b7c0000 rw-s 00000000 08:01 524304                     /tmp/hsperfdata_dmitry/1852
7fa82b7c0000-7fa82b7c1000 ---p 00000000 00:00 0 
7fa82b7c1000-7fa82b7c2000 r--p 00000000 00:00 0 
7fa82b7c2000-7fa82b7c3000 ---p 00000000 00:00 0 
7fa82b7c3000-7fa82b7c5000 rw-p 00000000 00:00 0 
7fa82b7c5000-7fa82b7c6000 r--p 00027000 08:01 1184454                    /lib/x86_64-linux-gnu/ld-2.27.so
7fa82b7c6000-7fa82b7c7000 rw-p 00028000 08:01 1184454                    /lib/x86_64-linux-gnu/ld-2.27.so
7fa82b7c7000-7fa82b7c8000 rw-p 00000000 00:00 0 
7ffed6199000-7ffed61bc000 rw-p 00000000 00:00 0                          [stack]
7ffed61ec000-7ffed61ef000 r--p 00000000 00:00 0                          [vvar]
7ffed61ef000-7ffed61f1000 r-xp 00000000 00:00 0                          [vdso]
ffffffffff600000-ffffffffff601000 r-xp 00000000 00:00 0                  [vsyscall]


VM Arguments:
jvm_args: -Didea.launcher.port=17499 -Didea.launcher.bin.path=/home/dmitry/Downloads/idea-IC-183.5912.21/bin -Dfile.encoding=UTF-8 
java_command: com.intellij.rt.execution.application.AppMainV2 Main
java_class_path (initial): /home/dmitry/Downloads/LOOM/loom/build/linux-x86_64-server-release/jdk/modules/java.base:/home/dmitry/Downloads/LOOM/loom/build/linux-x86_64-server-release/jdk/modules/java.compiler:/home/dmitry/Downloads/LOOM/loom/build/linux-x86_64-server-release/jdk/modules/java.datatransfer:/home/dmitry/Downloads/LOOM/loom/build/linux-x86_64-server-release/jdk/modules/java.desktop:/home/dmitry/Downloads/LOOM/loom/build/linux-x86_64-server-release/jdk/modules/java.instrument:/home/dmitry/Downloads/LOOM/loom/build/linux-x86_64-server-release/jdk/modules/java.logging:/home/dmitry/Downloads/LOOM/loom/build/linux-x86_64-server-release/jdk/modules/java.management:/home/dmitry/Downloads/LOOM/loom/build/linux-x86_64-server-release/jdk/modules/java.management.rmi:/home/dmitry/Downloads/LOOM/loom/build/linux-x86_64-server-release/jdk/modules/java.naming:/home/dmitry/Downloads/LOOM/loom/build/linux-x86_64-server-release/jdk/modules/java.net.http:/home/dmitry/Downloads/LOOM/loom/build/linux-x86_64-server-release/jdk/modules/java.prefs:/home/dmitry/Downloads/LOOM/loom/build/linux-x86_64-server-release/jdk/modules/java.rmi:/home/dmitry/Downloads/LOOM/loom/build/linux-x86_64-server-release/jdk/modules/java.scripting:/home/dmitry/Downloads/LOOM/loom/build/linux-x86_64-server-release/jdk/modules/java.se:/home/dmitry/Downloads/LOOM/loom/build/linux-x86_64-server-release/jdk/modules/java.security.jgss:/home/dmitry/Downloads/LOOM/loom/build/linux-x86_64-server-release/jdk/modules/java.security.sasl:/home/dmitry/Downloads/LOOM/loom/build/linux-x86_64-server-release/jdk/modules/java.smartcardio:/home/dmitry/Downloads/LOOM/loom/build/linux-x86_64-server-release/jdk/modules/java.sql:/home/dmitry/Downloads/LOOM/loom/build/linux-x86_64-server-release/jdk/modules/java.sql.rowset:/home/dmitry/Downloads/LOOM/loom/build/linux-x86_64-server-release/jdk/modules/java.transaction.xa:/home/dmitry/Downloads/LOOM/loom/build/linux-x86_64-server-release/jdk/modules/java.xml:/home/dmitry/D
Launcher Type: SUN_STANDARD

[Global flags]
     intx CICompilerCount                          = 3                                         {product} {ergonomic}
     uint ConcGCThreads                            = 1                                         {product} {ergonomic}
     uint G1ConcRefinementThreads                  = 4                                         {product} {ergonomic}
   size_t G1HeapRegionSize                         = 1048576                                   {product} {ergonomic}
    uintx GCDrainStackTargetSize                   = 64                                        {product} {ergonomic}
   size_t InitialHeapSize                          = 83886080                                  {product} {ergonomic}
   size_t MarkStackSize                            = 4194304                                   {product} {ergonomic}
   size_t MaxHeapSize                              = 1342177280                                {product} {ergonomic}
   size_t MaxNewSize                               = 805306368                                 {product} {ergonomic}
   size_t MinHeapDeltaBytes                        = 1048576                                   {product} {ergonomic}
    uintx NonNMethodCodeHeapSize                   = 5830732                                {pd product} {ergonomic}
    uintx NonProfiledCodeHeapSize                  = 122913754                              {pd product} {ergonomic}
    uintx ProfiledCodeHeapSize                     = 122913754                              {pd product} {ergonomic}
    uintx ReservedCodeCacheSize                    = 251658240                              {pd product} {ergonomic}
     bool SegmentedCodeCache                       = true                                      {product} {ergonomic}
     bool UseCompressedClassPointers               = true                                 {lp64_product} {ergonomic}
     bool UseCompressedOops                        = true                                 {lp64_product} {ergonomic}
     bool UseG1GC                                  = true                                      {product} {ergonomic}

Logging:
Log output configuration:
 #0: stdout all=warning uptime,level,tags
 #1: stderr all=off uptime,level,tags

Environment Variables:
JAVA_HOME=/home/dmitry/usr/local/java/jdk1.8.0
PATH=/bin:/bin:/usr/local/sbin:/usr/local/bin:/usr/sbin:/usr/bin:/sbin:/bin:/usr/games:/usr/local/games:/snap/bin
USERNAME=dmitry
SHELL=/bin/bash
DISPLAY=:0

Signal Handlers:
SIGSEGV: [libjvm.so+0xfe3770], sa_mask[0]=11111111011111111101111111111110, sa_flags=SA_RESTART|SA_SIGINFO
SIGBUS: [libjvm.so+0xfe3770], sa_mask[0]=11111111011111111101111111111110, sa_flags=SA_RESTART|SA_SIGINFO
SIGFPE: [libjvm.so+0xfe3770], sa_mask[0]=11111111011111111101111111111110, sa_flags=SA_RESTART|SA_SIGINFO
SIGPIPE: [libjvm.so+0xc80ff0], sa_mask[0]=11111111011111111101111111111110, sa_flags=SA_RESTART|SA_SIGINFO
SIGXFSZ: [libjvm.so+0xc80ff0], sa_mask[0]=11111111011111111101111111111110, sa_flags=SA_RESTART|SA_SIGINFO
SIGILL: [libjvm.so+0xfe3770], sa_mask[0]=11111111011111111101111111111110, sa_flags=SA_RESTART|SA_SIGINFO
SIGUSR2: [libjvm.so+0xc80e90], sa_mask[0]=00100000000000000000000000000000, sa_flags=SA_RESTART|SA_SIGINFO
SIGHUP: [libjvm.so+0xc81490], sa_mask[0]=11111111011111111101111111111110, sa_flags=SA_RESTART|SA_SIGINFO
SIGINT: [libjvm.so+0xc81490], sa_mask[0]=11111111011111111101111111111110, sa_flags=SA_RESTART|SA_SIGINFO
SIGTERM: [libjvm.so+0xc81490], sa_mask[0]=11111111011111111101111111111110, sa_flags=SA_RESTART|SA_SIGINFO
SIGQUIT: [libjvm.so+0xc81490], sa_mask[0]=11111111011111111101111111111110, sa_flags=SA_RESTART|SA_SIGINFO


---------------  S Y S T E M  ---------------

OS:DISTRIB_ID=Ubuntu
DISTRIB_RELEASE=18.04
DISTRIB_CODENAME=bionic
DISTRIB_DESCRIPTION="Ubuntu 18.04.2 LTS"
uname:Linux 4.18.0-18-generic #19~18.04.1-Ubuntu SMP Fri Apr 5 10:22:13 UTC 2019 x86_64
libc:glibc 2.27 NPTL 2.27 
rlimit: STACK 8192k, CORE 0k, NPROC 20276, NOFILE 4096, AS infinity, DATA infinity, FSIZE infinity
load average:0,82 0,80 0,44

/proc/meminfo:
MemTotal:        5234984 kB
MemFree:          274448 kB
MemAvailable:    2312172 kB
Buffers:          385148 kB
Cached:          1894624 kB
SwapCached:        69608 kB
Active:          2561920 kB
Inactive:        1960852 kB
Active(anon):    1617092 kB
Inactive(anon):   854400 kB
Active(file):     944828 kB
Inactive(file):  1106452 kB
Unevictable:          32 kB
Mlocked:              32 kB
SwapTotal:       2097148 kB
SwapFree:        1905916 kB
Dirty:              1636 kB
Writeback:             0 kB
AnonPages:       2216604 kB
Mapped:           469892 kB
Shmem:            228488 kB
Slab:             322540 kB
SReclaimable:     277612 kB
SUnreclaim:        44928 kB
KernelStack:       12544 kB
PageTables:        41104 kB
NFS_Unstable:          0 kB
Bounce:                0 kB
WritebackTmp:          0 kB
CommitLimit:     4714640 kB
Committed_AS:    6164752 kB
VmallocTotal:   34359738367 kB
VmallocUsed:           0 kB
VmallocChunk:          0 kB
HardwareCorrupted:     0 kB
AnonHugePages:         0 kB
ShmemHugePages:        0 kB
ShmemPmdMapped:        0 kB
CmaTotal:              0 kB
CmaFree:               0 kB
HugePages_Total:       0
HugePages_Free:        0
HugePages_Rsvd:        0
HugePages_Surp:        0
Hugepagesize:       2048 kB
Hugetlb:               0 kB
DirectMap4k:      182208 kB
DirectMap2M:     5228544 kB


/proc/sys/kernel/threads-max (system-wide limit on the number of threads):
40552


/proc/sys/vm/max_map_count (maximum number of memory map areas a process may have):
65530


/proc/sys/kernel/pid_max (system-wide limit on number of process identifiers):
32768



container (cgroup) information:
container_type: cgroupv1
cpu_cpuset_cpus: 0-3
cpu_memory_nodes: 0
active_processor_count: 4
cpu_quota: no quota
cpu_period: 100000
cpu_shares: no shares
memory_limit_in_bytes: unlimited
memory_and_swap_limit_in_bytes: not supported
memory_soft_limit_in_bytes: unlimited
memory_usage_in_bytes: 4624732160
memory_max_usage_in_bytes: 2080768

KVM virtualization detected
Steal ticks since vm start: 0
Steal ticks percentage since vm start:  0,000

CPU:total 4 (initial active 4) (4 cores per cpu, 1 threads per core) family 6 model 60 stepping 3, cmov, cx8, fxsr, mmx, sse, sse2, sse3, ssse3, sse4.1, sse4.2, popcnt, avx, avx2, aes, clmul, lzcnt, tsc, tscinvbit
CPU Model and flags from /proc/cpuinfo:
model name	: Intel(R) Core(TM) i7-4700HQ CPU @ 2.40GHz
flags		: fpu vme de pse tsc msr pae mce cx8 apic sep mtrr pge mca cmov pat pse36 clflush mmx fxsr sse sse2 ht syscall nx rdtscp lm constant_tsc rep_good nopl xtopology nonstop_tsc cpuid tsc_known_freq pni pclmulqdq ssse3 cx16 pcid sse4_1 sse4_2 x2apic movbe popcnt aes xsave avx rdrand hypervisor lahf_lm abm invpcid_single pti fsgsbase avx2 invpcid flush_l1d

Memory: 4k page, physical 5234984k(274448k free), swap 2097148k(1905916k free)

vm_info: OpenJDK 64-Bit Server VM (13-internal+0-adhoc.dmitry.loom) for linux-amd64 JRE (13-internal+0-adhoc.dmitry.loom), built on May  8 2019 20:48:52 by "dmitry" with gcc 7.4.0

END.
