#
# A fatal error has been detected by the Java Runtime Environment:
#
#  SIGSEGV (0xb) at pc=0x00007f82ca562cd7, pid=27598, tid=27629
#
# JRE version: OpenJDK Runtime Environment (13.0) (build 13-internal+0-adhoc.dmitry.loom)
# Java VM: OpenJDK 64-Bit Server VM (13-internal+0-adhoc.dmitry.loom, mixed mode, tiered, compressed oops, g1 gc, linux-amd64)
# Problematic frame:
# V  [libjvm.so+0x681cd7]  ContMirror::last_frame()+0xe7
#
# Core dump will be written. Default location: Core dumps may be processed with "/usr/share/apport/apport %p %s %c %d %P" (or dumping to /home/dmitry/Downloads/ContinuationSender/core.27598)
#
# If you would like to submit a bug report, please visit:
#   http://bugreport.java.com/bugreport/crash.jsp
#

---------------  S U M M A R Y ------------

Command Line: -Didea.launcher.port=22459 -Didea.launcher.bin.path=/home/dmitry/Downloads/idea-IC-183.5912.21/bin -Dfile.encoding=UTF-8 com.intellij.rt.execution.application.AppMainV2 Main

Host: Intel(R) Core(TM) i7-4700HQ CPU @ 2.40GHz, 4 cores, 4G, Ubuntu 18.04.2 LTS
Time: Wed May 15 04:00:59 2019 MSK elapsed time: 1 seconds (0d 0h 0m 1s)

---------------  T H R E A D  ---------------

Current thread (0x00007f82c43fa800):  JavaThread "Thread-0" [_thread_in_Java, id=27629, stack(0x00007f82a0feb000,0x00007f82a10ec000)]

Stack: [0x00007f82a0feb000,0x00007f82a10ec000],  sp=0x00007f82a10e9160,  free space=1016k
Native frames: (J=compiled Java code, A=aot compiled Java code, j=interpreted, Vv=VM code, C=native code)
V  [libjvm.so+0x681cd7]  ContMirror::last_frame()+0xe7
V  [libjvm.so+0x6896b6]  thaw1(JavaThread*, FrameInfo*, bool)+0x246
V  [libjvm.so+0x689d55]  Continuation::thaw_leaf(FrameInfo*, bool, bool)+0x45
v  ~BufferBlob::StubRoutines (3)
j  java.lang.Continuation.run()V+113 java.base
j  Deserializer$$Lambda$66.run()V+4
j  java.lang.Thread.run()V+11 java.base
v  ~StubRoutines::call_stub
V  [libjvm.so+0x8bcf09]  JavaCalls::call_helper(JavaValue*, methodHandle const&, JavaCallArguments*, Thread*)+0x3c9
V  [libjvm.so+0x8baf25]  JavaCalls::call_virtual(JavaValue*, Handle, Klass*, Symbol*, Symbol*, Thread*)+0x1e5
V  [libjvm.so+0x965d9c]  thread_entry(JavaThread*, Thread*)+0x6c
V  [libjvm.so+0xf73852]  JavaThread::run()+0x232
V  [libjvm.so+0xf715cd]  Thread::call_run()+0x10d
V  [libjvm.so+0xc8b937]  thread_native_entry(Thread*)+0xe7


siginfo: si_signo: 11 (SIGSEGV), si_code: 1 (SEGV_MAPERR), si_addr: 0x00007f8b5d0169b0

Register to memory mapping:

RAX=0x0000000000000012 is an unknown value
RBX=0x00007f82a10e9210 is pointing into the stack for thread: 0x00007f82c43fa800
RCX=0x00007f82b5034300 points into unknown readable memory: 0b 00 00 00 00 00 00 00
RDX=0x0000000000020680 is an unknown value
RSP=0x00007f82a10e9160 is pointing into the stack for thread: 0x00007f82c43fa800
RBP=0x00007f82a10e9180 is pointing into the stack for thread: 0x00007f82c43fa800
RSI=0x0000000000000010 is an unknown value
RDI=0x00007f8b5d0169b0 is an unknown value
R8 ={method} {0x00007f82a3378cc8} 'doContinue' '()V' in 'java/lang/Continuation'
R9 =0x0000000000000004 is an unknown value
R10=0x00007f82cb582300: <offset 0x00000000016a1300> in /home/dmitry/Downloads/LOOM/loom/build/linux-x86_64-server-release/jdk/lib/server/libjvm.so at 0x00007f82c9ee1000
R11=0x00007f82a10ea640 is pointing into the stack for thread: 0x00007f82c43fa800
R12=0x00007f82a10e9310 is pointing into the stack for thread: 0x00007f82c43fa800
R13=0x00007f82a10e9310 is pointing into the stack for thread: 0x00007f82c43fa800
R14=0x0000000000002710 is an unknown value
R15=0x00007f82a10e9210 is pointing into the stack for thread: 0x00007f82c43fa800


Registers:
RAX=0x0000000000000012, RBX=0x00007f82a10e9210, RCX=0x00007f82b5034300, RDX=0x0000000000020680
RSP=0x00007f82a10e9160, RBP=0x00007f82a10e9180, RSI=0x0000000000000010, RDI=0x00007f8b5d0169b0
R8 =0x00007f82a3378cc8, R9 =0x0000000000000004, R10=0x00007f82cb582300, R11=0x00007f82a10ea640
R12=0x00007f82a10e9310, R13=0x00007f82a10e9310, R14=0x0000000000002710, R15=0x00007f82a10e9210
RIP=0x00007f82ca562cd7, EFLAGS=0x0000000000010202, CSGSFS=0x002b000000000033, ERR=0x0000000000000004
  TRAPNO=0x000000000000000e

Top of Stack: (sp=0x00007f82a10e9160)
0x00007f82a10e9160:   00007f82a10e9180 00000000ca564f96
0x00007f82a10e9170:   00007f82a10ea640 00007f82c43f7ad0
0x00007f82a10e9180:   00007f82a10ea600 00007f82ca56a6b6
0x00007f82a10e9190:   00000000000003d8 00007f82c43fa800 

Instructions: (pc=0x00007f82ca562cd7)
0x00007f82ca562bd7:   00 48 0f 44 c6 3b 14 01 0f 9d c0 5d c3 66 90 66
0x00007f82ca562be7:   2e 0f 1f 84 00 00 00 00 00 55 48 89 e5 41 54 53
0x00007f82ca562bf7:   48 89 fb 48 83 ec 10 8b 56 28 85 d2 78 24 48 8d
0x00007f82ca562c07:   05 d0 eb fd 00 48 8b 4e 40 49 89 f4 be 10 00 00
0x00007f82ca562c17:   00 80 38 00 b8 0c 00 00 00 48 0f 44 c6 3b 14 01
0x00007f82ca562c27:   7c 47 48 c7 03 ff ff ff ff 48 c7 43 08 00 00 00
0x00007f82ca562c37:   00 48 c7 43 10 00 00 00 00 48 c7 43 18 00 00 00
0x00007f82ca562c47:   00 48 c7 43 20 00 00 00 00 c6 43 28 01 48 c7 43
0x00007f82ca562c57:   30 00 00 00 00 48 83 c4 10 48 89 d8 5b 41 5c 5d
0x00007f82ca562c67:   c3 0f 1f 84 00 00 00 00 00 49 8b 7c 24 38 49 8b
0x00007f82ca562c77:   44 24 30 41 8b 4c 24 60 89 13 48 8d 15 88 c3 fa
0x00007f82ca562c87:   00 48 c7 43 20 00 00 00 00 48 89 43 08 48 89 7b
0x00007f82ca562c97:   10 89 4b 04 48 8b 12 48 85 d2 74 19 48 8b 4a 08
0x00007f82ca562ca7:   48 39 cf 72 10 48 63 52 14 48 01 d1 48 39 cf 0f
0x00007f82ca562cb7:   82 8c 00 00 00 c6 43 28 00 48 c7 43 30 00 00 00
0x00007f82ca562cc7:   00 48 c7 43 18 00 00 00 00 c7 45 ec 00 00 00 00
0x00007f82ca562cd7:   81 3f 0f 1f 84 00 0f 85 e5 00 00 00 48 85 ff 0f
0x00007f82ca562ce7:   84 dc 00 00 00 8b 47 04 85 c0 0f 84 80 00 00 00
0x00007f82ca562cf7:   48 8d 15 ea 72 f7 00 25 ff ff ff 00 48 29 c7 48
0x00007f82ca562d07:   89 f8 48 8b 12 0f 18 0c 17 48 8d 4f 50 0f 18 0c
0x00007f82ca562d17:   11 48 8d 8f 88 00 00 00 0f 18 0c 11 48 89 7b 18
0x00007f82ca562d27:   48 63 40 1c 48 63 13 48 c1 e0 03 48 8d 44 90 f0
0x00007f82ca562d37:   49 03 44 24 50 48 89 43 30 e9 17 ff ff ff 0f 1f
0x00007f82ca562d47:   00 c6 43 28 01 48 c7 43 30 00 00 00 00 48 c7 43
0x00007f82ca562d57:   18 00 00 00 00 49 8b 54 24 50 48 98 48 8d 04 82
0x00007f82ca562d67:   48 89 43 30 48 83 c4 10 48 89 d8 5b 41 5c 5d c3
0x00007f82ca562d77:   48 8d 55 ec 48 89 fe e8 ed 4a f7 ff 0f b6 73 28
0x00007f82ca562d87:   66 0f 1f 84 00 00 00 00 00 48 8d 15 51 72 f7 00
0x00007f82ca562d97:   48 8b 12 0f 18 0c 10 48 8d 48 50 0f 18 0c 11 48
0x00007f82ca562da7:   8d 88 88 00 00 00 0f 18 0c 11 40 84 f6 48 89 43
0x00007f82ca562db7:   18 0f 84 69 ff ff ff 48 8b 43 08 eb 98 0f 1f 40
0x00007f82ca562dc7:   00 e8 03 0b f7 ff 0f b6 73 28 eb bd 0f 1f 00 66 


Stack slot to memory mapping:
stack at sp + 0 slots: 0x00007f82a10e9180 is pointing into the stack for thread: 0x00007f82c43fa800
stack at sp + 1 slots: 
[error occurred during error reporting (inspecting top of stack), id 0xb, SIGSEGV (0xb) at pc=0x00007f82ca664edd]


---------------  P R O C E S S  ---------------

Threads class SMR info:
_java_thread_list=0x00007f82c43fba00, length=13, elements={
0x00007f82c413b000, 0x00007f82c413e000, 0x00007f82c4160800, 0x00007f82c4165000,
0x00007f82c4167000, 0x00007f82c4169000, 0x00007f82c4181800, 0x00007f8288136000,
0x00007f82c426f800, 0x00007f82c42bc800, 0x00007f8284001000, 0x00007f82c43fa800,
0x00007f82c4016800
}

Java Threads: ( => current thread )
  0x00007f82c413b000 JavaThread "Reference Handler" daemon [_thread_blocked, id=27611, stack(0x00007f82a30f6000,0x00007f82a31f7000)]
  0x00007f82c413e000 JavaThread "Finalizer" daemon [_thread_blocked, id=27612, stack(0x00007f82a2ff5000,0x00007f82a30f6000)]
  0x00007f82c4160800 JavaThread "Signal Dispatcher" daemon [_thread_blocked, id=27613, stack(0x00007f82a2525000,0x00007f82a2626000)]
  0x00007f82c4165000 JavaThread "C2 CompilerThread0" daemon [_thread_blocked, id=27614, stack(0x00007f82a2424000,0x00007f82a2525000)]
  0x00007f82c4167000 JavaThread "C1 CompilerThread0" daemon [_thread_blocked, id=27615, stack(0x00007f82a2323000,0x00007f82a2424000)]
  0x00007f82c4169000 JavaThread "Sweeper thread" daemon [_thread_blocked, id=27616, stack(0x00007f82a2222000,0x00007f82a2323000)]
  0x00007f82c4181800 JavaThread "Common-Cleaner" daemon [_thread_blocked, id=27617, stack(0x00007f82a1cf7000,0x00007f82a1df8000)]
  0x00007f8288136000 JavaThread "C2 CompilerThread1" daemon [_thread_blocked, id=27619, stack(0x00007f82a1bf6000,0x00007f82a1cf7000)]
  0x00007f82c426f800 JavaThread "Service Thread" daemon [_thread_blocked, id=27622, stack(0x00007f82a1af5000,0x00007f82a1bf6000)]
  0x00007f82c42bc800 JavaThread "Monitor Ctrl-Break" daemon [_thread_in_native, id=27624, stack(0x00007f82a18f2000,0x00007f82a19f3000)]
  0x00007f8284001000 JavaThread "Attach Listener" daemon [_thread_blocked, id=27625, stack(0x00007f82a15ee000,0x00007f82a16ef000)]
=>0x00007f82c43fa800 JavaThread "Thread-0" [_thread_in_Java, id=27629, stack(0x00007f82a0feb000,0x00007f82a10ec000)]
  0x00007f82c4016800 JavaThread "DestroyJavaVM" [_thread_blocked, id=27599, stack(0x00007f82cc2e5000,0x00007f82cc3e6000)]

Other Threads:
  0x00007f82c412f000 VMThread "VM Thread" [stack: 0x00007f82a31f9000,0x00007f82a32f9000] [id=27610]
  0x00007f82c4275000 WatcherThread [stack: 0x00007f82a19f5000,0x00007f82a1af5000] [id=27623]
  0x00007f82c405a800 GCTaskThread "GC Thread#0" [stack: 0x00007f82c8148000,0x00007f82c8248000] [id=27600]
  0x00007f8298001000 GCTaskThread "GC Thread#1" [stack: 0x00007f82a14ee000,0x00007f82a15ee000] [id=27626]
  0x00007f82c4064000 ConcurrentGCThread "G1 Main Marker" [stack: 0x00007f82c8046000,0x00007f82c8146000] [id=27601]
  0x00007f82c4066000 ConcurrentGCThread "G1 Conc#0" [stack: 0x00007f82b2200000,0x00007f82b2300000] [id=27602]
  0x00007f82c40ba800 ConcurrentGCThread "G1 Refine#0" [stack: 0x00007f82a3bfd000,0x00007f82a3cfd000] [id=27605]
  0x00007f82c40bc000 ConcurrentGCThread "G1 Young RemSet Sampling" [stack: 0x00007f82a3afb000,0x00007f82a3bfb000] [id=27606]

Threads with active compile tasks:

VM state:not at safepoint (normal execution)

VM Mutex/Monitor currently owned by a thread: None

Heap address: 0x00000000b0000000, size: 1280 MB, Compressed Oops mode: 32-bit
Narrow klass base: 0x0000000000000000, Narrow klass shift: 3
Compressed class space size: 1073741824 Address: 0x0000000100000000

Heap:
 garbage-first heap   total 81920K, used 22692K [0x00000000b0000000, 0x0000000100000000)
  region size 1024K, 24 young (24576K), 2 survivors (2048K)
 Metaspace       used 11282K, capacity 11509K, committed 11648K, reserved 1060864K
  class space    used 1041K, capacity 1126K, committed 1152K, reserved 1048576K
Heap Regions: E=young(eden), S=young(survivor), O=old, HS=humongous(starts), HC=humongous(continues), CS=collection set, F=free, A=archive, TAMS=top-at-mark-start (previous, next)
|   0|0x00000000b0000000, 0x00000000b0000000, 0x00000000b0100000|  0%| F|  |TAMS 0x00000000b0000000, 0x00000000b0000000| Untracked 
|   1|0x00000000b0100000, 0x00000000b0100000, 0x00000000b0200000|  0%| F|  |TAMS 0x00000000b0100000, 0x00000000b0100000| Untracked 
|   2|0x00000000b0200000, 0x00000000b0200000, 0x00000000b0300000|  0%| F|  |TAMS 0x00000000b0200000, 0x00000000b0200000| Untracked 
|   3|0x00000000b0300000, 0x00000000b0300000, 0x00000000b0400000|  0%| F|  |TAMS 0x00000000b0300000, 0x00000000b0300000| Untracked 
|   4|0x00000000b0400000, 0x00000000b0400000, 0x00000000b0500000|  0%| F|  |TAMS 0x00000000b0400000, 0x00000000b0400000| Untracked 
|   5|0x00000000b0500000, 0x00000000b0500000, 0x00000000b0600000|  0%| F|  |TAMS 0x00000000b0500000, 0x00000000b0500000| Untracked 
|   6|0x00000000b0600000, 0x00000000b0600000, 0x00000000b0700000|  0%| F|  |TAMS 0x00000000b0600000, 0x00000000b0600000| Untracked 
|   7|0x00000000b0700000, 0x00000000b0700000, 0x00000000b0800000|  0%| F|  |TAMS 0x00000000b0700000, 0x00000000b0700000| Untracked 
|   8|0x00000000b0800000, 0x00000000b0800000, 0x00000000b0900000|  0%| F|  |TAMS 0x00000000b0800000, 0x00000000b0800000| Untracked 
|   9|0x00000000b0900000, 0x00000000b0900000, 0x00000000b0a00000|  0%| F|  |TAMS 0x00000000b0900000, 0x00000000b0900000| Untracked 
|  10|0x00000000b0a00000, 0x00000000b0a00000, 0x00000000b0b00000|  0%| F|  |TAMS 0x00000000b0a00000, 0x00000000b0a00000| Untracked 
|  11|0x00000000b0b00000, 0x00000000b0b00000, 0x00000000b0c00000|  0%| F|  |TAMS 0x00000000b0b00000, 0x00000000b0b00000| Untracked 
|  12|0x00000000b0c00000, 0x00000000b0c00000, 0x00000000b0d00000|  0%| F|  |TAMS 0x00000000b0c00000, 0x00000000b0c00000| Untracked 
|  13|0x00000000b0d00000, 0x00000000b0d00000, 0x00000000b0e00000|  0%| F|  |TAMS 0x00000000b0d00000, 0x00000000b0d00000| Untracked 
|  14|0x00000000b0e00000, 0x00000000b0e00000, 0x00000000b0f00000|  0%| F|  |TAMS 0x00000000b0e00000, 0x00000000b0e00000| Untracked 
|  15|0x00000000b0f00000, 0x00000000b0f00000, 0x00000000b1000000|  0%| F|  |TAMS 0x00000000b0f00000, 0x00000000b0f00000| Untracked 
|  16|0x00000000b1000000, 0x00000000b1000000, 0x00000000b1100000|  0%| F|  |TAMS 0x00000000b1000000, 0x00000000b1000000| Untracked 
|  17|0x00000000b1100000, 0x00000000b1100000, 0x00000000b1200000|  0%| F|  |TAMS 0x00000000b1100000, 0x00000000b1100000| Untracked 
|  18|0x00000000b1200000, 0x00000000b1200000, 0x00000000b1300000|  0%| F|  |TAMS 0x00000000b1200000, 0x00000000b1200000| Untracked 
|  19|0x00000000b1300000, 0x00000000b1300000, 0x00000000b1400000|  0%| F|  |TAMS 0x00000000b1300000, 0x00000000b1300000| Untracked 
|  20|0x00000000b1400000, 0x00000000b1400000, 0x00000000b1500000|  0%| F|  |TAMS 0x00000000b1400000, 0x00000000b1400000| Untracked 
|  21|0x00000000b1500000, 0x00000000b1500000, 0x00000000b1600000|  0%| F|  |TAMS 0x00000000b1500000, 0x00000000b1500000| Untracked 
|  22|0x00000000b1600000, 0x00000000b1600000, 0x00000000b1700000|  0%| F|  |TAMS 0x00000000b1600000, 0x00000000b1600000| Untracked 
|  23|0x00000000b1700000, 0x00000000b1700000, 0x00000000b1800000|  0%| F|  |TAMS 0x00000000b1700000, 0x00000000b1700000| Untracked 
|  24|0x00000000b1800000, 0x00000000b1800000, 0x00000000b1900000|  0%| F|  |TAMS 0x00000000b1800000, 0x00000000b1800000| Untracked 
|  25|0x00000000b1900000, 0x00000000b1900000, 0x00000000b1a00000|  0%| F|  |TAMS 0x00000000b1900000, 0x00000000b1900000| Untracked 
|  26|0x00000000b1a00000, 0x00000000b1a00000, 0x00000000b1b00000|  0%| F|  |TAMS 0x00000000b1a00000, 0x00000000b1a00000| Untracked 
|  27|0x00000000b1b00000, 0x00000000b1b00000, 0x00000000b1c00000|  0%| F|  |TAMS 0x00000000b1b00000, 0x00000000b1b00000| Untracked 
|  28|0x00000000b1c00000, 0x00000000b1c00000, 0x00000000b1d00000|  0%| F|  |TAMS 0x00000000b1c00000, 0x00000000b1c00000| Untracked 
|  29|0x00000000b1d00000, 0x00000000b1d00000, 0x00000000b1e00000|  0%| F|  |TAMS 0x00000000b1d00000, 0x00000000b1d00000| Untracked 
|  30|0x00000000b1e00000, 0x00000000b1e00000, 0x00000000b1f00000|  0%| F|  |TAMS 0x00000000b1e00000, 0x00000000b1e00000| Untracked 
|  31|0x00000000b1f00000, 0x00000000b1f00000, 0x00000000b2000000|  0%| F|  |TAMS 0x00000000b1f00000, 0x00000000b1f00000| Untracked 
|  32|0x00000000b2000000, 0x00000000b2000000, 0x00000000b2100000|  0%| F|  |TAMS 0x00000000b2000000, 0x00000000b2000000| Untracked 
|  33|0x00000000b2100000, 0x00000000b2100000, 0x00000000b2200000|  0%| F|  |TAMS 0x00000000b2100000, 0x00000000b2100000| Untracked 
|  34|0x00000000b2200000, 0x00000000b2200000, 0x00000000b2300000|  0%| F|  |TAMS 0x00000000b2200000, 0x00000000b2200000| Untracked 
|  35|0x00000000b2300000, 0x00000000b2300000, 0x00000000b2400000|  0%| F|  |TAMS 0x00000000b2300000, 0x00000000b2300000| Untracked 
|  36|0x00000000b2400000, 0x00000000b2400000, 0x00000000b2500000|  0%| F|  |TAMS 0x00000000b2400000, 0x00000000b2400000| Untracked 
|  37|0x00000000b2500000, 0x00000000b2500000, 0x00000000b2600000|  0%| F|  |TAMS 0x00000000b2500000, 0x00000000b2500000| Untracked 
|  38|0x00000000b2600000, 0x00000000b2600000, 0x00000000b2700000|  0%| F|  |TAMS 0x00000000b2600000, 0x00000000b2600000| Untracked 
|  39|0x00000000b2700000, 0x00000000b2700000, 0x00000000b2800000|  0%| F|  |TAMS 0x00000000b2700000, 0x00000000b2700000| Untracked 
|  40|0x00000000b2800000, 0x00000000b2800000, 0x00000000b2900000|  0%| F|  |TAMS 0x00000000b2800000, 0x00000000b2800000| Untracked 
|  41|0x00000000b2900000, 0x00000000b2900000, 0x00000000b2a00000|  0%| F|  |TAMS 0x00000000b2900000, 0x00000000b2900000| Untracked 
|  42|0x00000000b2a00000, 0x00000000b2a00000, 0x00000000b2b00000|  0%| F|  |TAMS 0x00000000b2a00000, 0x00000000b2a00000| Untracked 
|  43|0x00000000b2b00000, 0x00000000b2b00000, 0x00000000b2c00000|  0%| F|  |TAMS 0x00000000b2b00000, 0x00000000b2b00000| Untracked 
|  44|0x00000000b2c00000, 0x00000000b2c00000, 0x00000000b2d00000|  0%| F|  |TAMS 0x00000000b2c00000, 0x00000000b2c00000| Untracked 
|  45|0x00000000b2d00000, 0x00000000b2d00000, 0x00000000b2e00000|  0%| F|  |TAMS 0x00000000b2d00000, 0x00000000b2d00000| Untracked 
|  46|0x00000000b2e00000, 0x00000000b2e00000, 0x00000000b2f00000|  0%| F|  |TAMS 0x00000000b2e00000, 0x00000000b2e00000| Untracked 
|  47|0x00000000b2f00000, 0x00000000b2f00000, 0x00000000b3000000|  0%| F|  |TAMS 0x00000000b2f00000, 0x00000000b2f00000| Untracked 
|  48|0x00000000b3000000, 0x00000000b3000000, 0x00000000b3100000|  0%| F|  |TAMS 0x00000000b3000000, 0x00000000b3000000| Untracked 
|  49|0x00000000b3100000, 0x00000000b3100000, 0x00000000b3200000|  0%| F|  |TAMS 0x00000000b3100000, 0x00000000b3100000| Untracked 
|  50|0x00000000b3200000, 0x00000000b3200000, 0x00000000b3300000|  0%| F|  |TAMS 0x00000000b3200000, 0x00000000b3200000| Untracked 
|  51|0x00000000b3300000, 0x00000000b3300000, 0x00000000b3400000|  0%| F|  |TAMS 0x00000000b3300000, 0x00000000b3300000| Untracked 
|  52|0x00000000b3400000, 0x00000000b3400000, 0x00000000b3500000|  0%| F|  |TAMS 0x00000000b3400000, 0x00000000b3400000| Untracked 
|  53|0x00000000b3500000, 0x00000000b3500000, 0x00000000b3600000|  0%| F|  |TAMS 0x00000000b3500000, 0x00000000b3500000| Untracked 
|  54|0x00000000b3600000, 0x00000000b3600000, 0x00000000b3700000|  0%| F|  |TAMS 0x00000000b3600000, 0x00000000b3600000| Untracked 
|  55|0x00000000b3700000, 0x00000000b3700000, 0x00000000b3800000|  0%| F|  |TAMS 0x00000000b3700000, 0x00000000b3700000| Untracked 
|  56|0x00000000b3800000, 0x00000000b384f038, 0x00000000b3900000| 30%| E|  |TAMS 0x00000000b3800000, 0x00000000b3800000| Complete 
|  57|0x00000000b3900000, 0x00000000b3a00000, 0x00000000b3a00000|100%| E|CS|TAMS 0x00000000b3900000, 0x00000000b3900000| Complete 
|  58|0x00000000b3a00000, 0x00000000b3b00000, 0x00000000b3b00000|100%| E|CS|TAMS 0x00000000b3a00000, 0x00000000b3a00000| Complete 
|  59|0x00000000b3b00000, 0x00000000b3c00000, 0x00000000b3c00000|100%| E|CS|TAMS 0x00000000b3b00000, 0x00000000b3b00000| Complete 
|  60|0x00000000b3c00000, 0x00000000b3d00000, 0x00000000b3d00000|100%| E|CS|TAMS 0x00000000b3c00000, 0x00000000b3c00000| Complete 
|  61|0x00000000b3d00000, 0x00000000b3e00000, 0x00000000b3e00000|100%| E|CS|TAMS 0x00000000b3d00000, 0x00000000b3d00000| Complete 
|  62|0x00000000b3e00000, 0x00000000b3f00000, 0x00000000b3f00000|100%| E|CS|TAMS 0x00000000b3e00000, 0x00000000b3e00000| Complete 
|  63|0x00000000b3f00000, 0x00000000b4000000, 0x00000000b4000000|100%| E|CS|TAMS 0x00000000b3f00000, 0x00000000b3f00000| Complete 
|  64|0x00000000b4000000, 0x00000000b4029010, 0x00000000b4100000| 16%| S|CS|TAMS 0x00000000b4000000, 0x00000000b4000000| Complete 
|  65|0x00000000b4100000, 0x00000000b4200000, 0x00000000b4200000|100%| S|CS|TAMS 0x00000000b4100000, 0x00000000b4100000| Complete 
|  66|0x00000000b4200000, 0x00000000b4300000, 0x00000000b4300000|100%| E|CS|TAMS 0x00000000b4200000, 0x00000000b4200000| Complete 
|  67|0x00000000b4300000, 0x00000000b4400000, 0x00000000b4400000|100%| E|CS|TAMS 0x00000000b4300000, 0x00000000b4300000| Complete 
|  68|0x00000000b4400000, 0x00000000b4500000, 0x00000000b4500000|100%| E|CS|TAMS 0x00000000b4400000, 0x00000000b4400000| Complete 
|  69|0x00000000b4500000, 0x00000000b4600000, 0x00000000b4600000|100%| E|CS|TAMS 0x00000000b4500000, 0x00000000b4500000| Complete 
|  70|0x00000000b4600000, 0x00000000b4700000, 0x00000000b4700000|100%| E|CS|TAMS 0x00000000b4600000, 0x00000000b4600000| Complete 
|  71|0x00000000b4700000, 0x00000000b4800000, 0x00000000b4800000|100%| E|CS|TAMS 0x00000000b4700000, 0x00000000b4700000| Complete 
|  72|0x00000000b4800000, 0x00000000b4900000, 0x00000000b4900000|100%| E|CS|TAMS 0x00000000b4800000, 0x00000000b4800000| Complete 
|  73|0x00000000b4900000, 0x00000000b4a00000, 0x00000000b4a00000|100%| E|CS|TAMS 0x00000000b4900000, 0x00000000b4900000| Complete 
|  74|0x00000000b4a00000, 0x00000000b4b00000, 0x00000000b4b00000|100%| E|CS|TAMS 0x00000000b4a00000, 0x00000000b4a00000| Complete 
|  75|0x00000000b4b00000, 0x00000000b4c00000, 0x00000000b4c00000|100%| E|CS|TAMS 0x00000000b4b00000, 0x00000000b4b00000| Complete 
|  76|0x00000000b4c00000, 0x00000000b4d00000, 0x00000000b4d00000|100%| E|CS|TAMS 0x00000000b4c00000, 0x00000000b4c00000| Complete 
|  77|0x00000000b4d00000, 0x00000000b4e00000, 0x00000000b4e00000|100%| E|CS|TAMS 0x00000000b4d00000, 0x00000000b4d00000| Complete 
|  78|0x00000000b4e00000, 0x00000000b4f00000, 0x00000000b4f00000|100%| E|CS|TAMS 0x00000000b4e00000, 0x00000000b4e00000| Complete 
|  79|0x00000000b4f00000, 0x00000000b5000000, 0x00000000b5000000|100%| E|CS|TAMS 0x00000000b4f00000, 0x00000000b4f00000| Complete 

Card table byte_map: [0x00007f82b4d80000,0x00007f82b5000000] _byte_map_base: 0x00007f82b4800000

Marking Bits (Prev, Next): (CMBitMap*) 0x00007f82c405bb68, (CMBitMap*) 0x00007f82c405bba8
 Prev Bits: [0x00007f82b3700000, 0x00007f82b4b00000)
 Next Bits: [0x00007f82b2300000, 0x00007f82b3700000)

Polling page: 0x00007f82cc3f9000

Metaspace:

Usage:
  Non-class:     10,14 MB capacity,    10,00 MB ( 99%) used,   120,73 KB (  1%) free+waste,    20,81 KB ( <1%) overhead. 
      Class:      1,10 MB capacity,     1,02 MB ( 92%) used,    73,95 KB (  7%) free+waste,    11,00 KB ( <1%) overhead. 
       Both:     11,24 MB capacity,    11,02 MB ( 98%) used,   194,69 KB (  2%) free+waste,    31,81 KB ( <1%) overhead. 

Virtual space:
  Non-class space:       12,00 MB reserved,      10,25 MB ( 85%) committed 
      Class space:        1,00 GB reserved,       1,12 MB ( <1%) committed 
             Both:        1,01 GB reserved,      11,38 MB (  1%) committed 

Chunk freelists:
   Non-Class:  65,00 KB
       Class:  0 bytes
        Both:  65,00 KB

MaxMetaspaceSize: unlimited
CompressedClassSpaceSize: 1,00 GB

CodeHeap 'non-profiled nmethods': size=120032Kb used=383Kb max_used=383Kb free=119648Kb
 bounds [0x00007f82bcac8000, 0x00007f82bcd38000, 0x00007f82c4000000]
CodeHeap 'profiled nmethods': size=120032Kb used=1529Kb max_used=1529Kb free=118502Kb
 bounds [0x00007f82b5590000, 0x00007f82b5800000, 0x00007f82bcac8000]
CodeHeap 'non-nmethods': size=5696Kb used=1148Kb max_used=1179Kb free=4547Kb
 bounds [0x00007f82b5000000, 0x00007f82b5270000, 0x00007f82b5590000]
 total_blobs=1568 nmethods=904 adapters=302
 compilation: enabled
              stopped_count=0, restarted_count=0
 full_count=0

Compilation events (10 events):
Event: 1,724 Thread 0x00007f82c4167000 nmethod 869 0x00007f82b5706e90 code [0x00007f82b5707060, 0x00007f82b5707628]
Event: 1,724 Thread 0x00007f82c4167000  862       3       sun.invoke.util.Wrapper::hashPrim (30 bytes)
Event: 1,727 Thread 0x00007f82c4167000 nmethod 862 0x00007f82b5707810 code [0x00007f82b5707aa0, 0x00007f82b57086e8]
Event: 1,727 Thread 0x00007f82c4167000  898       3       java.lang.String::substring (68 bytes)
Event: 1,728 Thread 0x00007f82c4167000 nmethod 898 0x00007f82b5708b90 code [0x00007f82b5708dc0, 0x00007f82b5709578]
Event: 1,728 Thread 0x00007f82c4167000  900       3       java.lang.invoke.LambdaForm$BasicType::basicTypeSlots (8 bytes)
Event: 1,728 Thread 0x00007f82c4167000 nmethod 900 0x00007f82b5709810 code [0x00007f82b57099c0, 0x00007f82b5709b90]
Event: 1,728 Thread 0x00007f82c4167000  901       3       sun.invoke.util.Wrapper::stackSlots (9 bytes)
Event: 1,728 Thread 0x00007f82c4167000 nmethod 901 0x00007f82b5709c90 code [0x00007f82b5709e20, 0x00007f82b5709f70]
Event: 1,728 Thread 0x00007f82c4167000  883       3       sun.invoke.util.Wrapper::findPrimitiveType (25 bytes)

GC Heap History (2 events):
Event: 1,164 GC heap before
{Heap before GC invocations=0 (full 0):
 garbage-first heap   total 81920K, used 14336K [0x00000000b0000000, 0x0000000100000000)
  region size 1024K, 14 young (14336K), 0 survivors (0K)
 Metaspace       used 7829K, capacity 8010K, committed 8192K, reserved 1056768K
  class space    used 690K, capacity 759K, committed 768K, reserved 1048576K
}
Event: 1,168 GC heap after
{Heap after GC invocations=1 (full 0):
 garbage-first heap   total 81920K, used 1188K [0x00000000b0000000, 0x0000000100000000)
  region size 1024K, 2 young (2048K), 2 survivors (2048K)
 Metaspace       used 7829K, capacity 8010K, committed 8192K, reserved 1056768K
  class space    used 690K, capacity 759K, committed 768K, reserved 1048576K
}

Deoptimization events (10 events):
Event: 1,522 Thread 0x00007f82c4016800 Uncommon trap: reason=class_check action=maybe_recompile pc=0x00007f82bcaec0a8 method=java.util.HashMap.getNode(ILjava/lang/Object;)Ljava/util/HashMap$Node; @ 126 c2
Event: 1,522 Thread 0x00007f82c4016800 Uncommon trap: reason=class_check action=maybe_recompile pc=0x00007f82bcaebff8 method=java.util.HashMap.getNode(ILjava/lang/Object;)Ljava/util/HashMap$Node; @ 59 c2
Event: 1,522 Thread 0x00007f82c4016800 Uncommon trap: reason=class_check action=maybe_recompile pc=0x00007f82bcb1229c method=java.util.HashMap.putVal(ILjava/lang/Object;Ljava/lang/Object;ZZ)Ljava/lang/Object; @ 91 c2
Event: 1,522 Thread 0x00007f82c4016800 Uncommon trap: reason=class_check action=maybe_recompile pc=0x00007f82bcaec0a8 method=java.util.HashMap.getNode(ILjava/lang/Object;)Ljava/util/HashMap$Node; @ 126 c2
Event: 1,522 Thread 0x00007f82c4016800 Uncommon trap: reason=class_check action=maybe_recompile pc=0x00007f82bcaebff8 method=java.util.HashMap.getNode(ILjava/lang/Object;)Ljava/util/HashMap$Node; @ 59 c2
Event: 1,522 Thread 0x00007f82c4016800 Uncommon trap: reason=class_check action=maybe_recompile pc=0x00007f82bcb1229c method=java.util.HashMap.putVal(ILjava/lang/Object;Ljava/lang/Object;ZZ)Ljava/lang/Object; @ 91 c2
Event: 1,523 Thread 0x00007f82c4016800 Uncommon trap: reason=class_check action=maybe_recompile pc=0x00007f82bcb1229c method=java.util.HashMap.putVal(ILjava/lang/Object;Ljava/lang/Object;ZZ)Ljava/lang/Object; @ 91 c2
Event: 1,524 Thread 0x00007f82c4016800 Uncommon trap: reason=class_check action=maybe_recompile pc=0x00007f82bcb1229c method=java.util.HashMap.putVal(ILjava/lang/Object;Ljava/lang/Object;ZZ)Ljava/lang/Object; @ 91 c2
Event: 1,574 Thread 0x00007f82c4016800 Uncommon trap: reason=unstable_if action=reinterpret pc=0x00007f82bcb13bd0 method=jdk.internal.loader.URLClassPath.getLoader(I)Ljdk/internal/loader/URLClassPath$Loader; @ 19 c2
Event: 1,704 Thread 0x00007f82c4016800 Uncommon trap: reason=unstable_if action=reinterpret pc=0x00007f82bcb0bca0 method=java.lang.String.substring(I)Ljava/lang/String; @ 34 c2

Classes unloaded (0 events):
No events

Classes redefined (0 events):
No events

Internal exceptions (10 events):
Event: 1,691 Thread 0x00007f82c4016800 Exception <a 'java/lang/NoSuchMethodError'{0x00000000b39591f0}: 'java.lang.Object java.lang.invoke.DirectMethodHandle$Holder.invokeSpecial(java.lang.Object, java.lang.Object, java.lang.Object, java.lang.Object, java.lang.Object, java.lang.Object, java.lang.Object)'> (0x00000000b39591f0) 
thrown [/home/dmitry/Downloads/LOOM/loom/src/hotspot/share/interpreter/linkResolver.cpp, line 768]
for thread 0x00007f82c4016800
Event: 1,691 Thread 0x00007f82c4016800 Exception <a 'java/lang/NoSuchMethodError'{0x00000000b395c240}: 'java.lang.Object java.lang.invoke.DelegatingMethodHandle$Holder.delegate(java.lang.Object, java.lang.Object, java.lang.Object, java.lang.Object, java.lang.Object, java.lang.Object)'> (0x00000000b395c240) 
thrown [/home/dmitry/Downloads/LOOM/loom/src/hotspot/share/interpreter/linkResolver.cpp, line 768]
for thread 0x00007f82c4016800
Event: 1,692 Thread 0x00007f82c4016800 Exception <a 'java/lang/NoSuchMethodError'{0x00000000b395f438}: 'java.lang.Object java.lang.invoke.Invokers$Holder.invokeExact_MT(java.lang.Object, java.lang.Object, java.lang.Object, java.lang.Object, java.lang.Object, java.lang.Object, java.lang.Object)'> (0x00000000b395f438) 
thrown [/home/dmitry/Downloads/LOOM/loom/src/hotspot/share/interpreter/linkResolver.cpp, line 768]
for thread 0x00007f82c4016800
Event: 1,694 Thread 0x00007f82c4016800 Exception <a 'java/lang/NoSuchMethodError'{0x00000000b3963008}: 'long java.lang.invoke.DirectMethodHandle$Holder.invokeStatic(java.lang.Object)'> (0x00000000b3963008) 
thrown [/home/dmitry/Downloads/LOOM/loom/src/hotspot/share/interpreter/linkResolver.cpp, line 768]
for thread 0x00007f82c4016800
Event: 1,695 Thread 0x00007f82c4016800 Exception <a 'java/lang/NoSuchMethodError'{0x00000000b3968848}: 'long java.lang.invoke.Invokers$Holder.invoke_MT(java.lang.Object, java.lang.Object)'> (0x00000000b3968848) 
thrown [/home/dmitry/Downloads/LOOM/loom/src/hotspot/share/interpreter/linkResolver.cpp, line 768]
for thread 0x00007f82c4016800
Event: 1,696 Thread 0x00007f82c4016800 Exception <a 'java/lang/NoSuchMethodError'{0x00000000b396ef70}: 'java.lang.Object java.lang.invoke.DirectMethodHandle$Holder.invokeStatic(java.lang.Object, long)'> (0x00000000b396ef70) 
thrown [/home/dmitry/Downloads/LOOM/loom/src/hotspot/share/interpreter/linkResolver.cpp, line 768]
for thread 0x00007f82c4016800
Event: 1,719 Thread 0x00007f82c4016800 Exception <a 'java/lang/NoSuchMethodError'{0x00000000b39b50d8}: 'java.lang.Object java.lang.invoke.DirectMethodHandle$Holder.invokeSpecial(java.lang.Object, java.lang.Object, long)'> (0x00000000b39b50d8) 
thrown [/home/dmitry/Downloads/LOOM/loom/src/hotspot/share/interpreter/linkResolver.cpp, line 768]
for thread 0x00007f82c4016800
Event: 1,729 Thread 0x00007f82c4016800 Exception <a 'java/lang/NoSuchMethodError'{0x00000000b39e69c8}: 'long java.lang.invoke.DirectMethodHandle$Holder.getLong(java.lang.Object, java.lang.Object)'> (0x00000000b39e69c8) 
thrown [/home/dmitry/Downloads/LOOM/loom/src/hotspot/share/interpreter/linkResolver.cpp, line 768]
for thread 0x00007f82c4016800
Event: 1,731 Thread 0x00007f82c4016800 Exception <a 'java/lang/NoSuchMethodError'{0x00000000b39f02a8}: 'java.lang.Object java.lang.invoke.Invokers$Holder.linkToTargetMethod(int, java.lang.Object)'> (0x00000000b39f02a8) 
thrown [/home/dmitry/Downloads/LOOM/loom/src/hotspot/share/interpreter/linkResolver.cpp, line 768]
for thread 0x00007f82c4016800
Event: 1,733 Thread 0x00007f82c4016800 Exception <a 'java/lang/NoSuchMethodError'{0x00000000b39f8170}: 'void java.lang.invoke.DirectMethodHandle$Holder.invokeSpecial(java.lang.Object, java.lang.Object)'> (0x00000000b39f8170) 
thrown [/home/dmitry/Downloads/LOOM/loom/src/hotspot/share/interpreter/linkResolver.cpp, line 768]
for thread 0x00007f82c4016800

Events (10 events):
Event: 1,725 loading class java/lang/invoke/MethodHandles$1 done
Event: 1,726 loading class java/lang/invoke/BoundMethodHandle$Species_LLLLJ
Event: 1,726 loading class java/lang/invoke/BoundMethodHandle$Species_LLLLJ done
Event: 1,734 Thread 0x00007f82c43fa800 Thread added: 0x00007f82c43fa800
Event: 1,734 loading class java/util/IdentityHashMap$KeyIterator
Event: 1,734 loading class java/util/IdentityHashMap$IdentityHashMapIterator
Event: 1,734 loading class java/util/IdentityHashMap$IdentityHashMapIterator done
Event: 1,734 loading class java/util/IdentityHashMap$KeyIterator done
Event: 1,735 Thread 0x00007f82c4016800 Thread exited: 0x00007f82c4016800
Event: 1,735 Thread 0x00007f82c4016800 Thread added: 0x00007f82c4016800


Dynamic libraries:
b0000000-b5000000 rw-p 00000000 00:00 0 
b5000000-100000000 ---p 00000000 00:00 0 
100000000-100120000 rw-p 00000000 00:00 0 
100120000-140000000 ---p 00000000 00:00 0 
56326e732000-56326e733000 r-xp 00000000 08:01 3809121                    /home/dmitry/Downloads/LOOM/loom/build/linux-x86_64-server-release/jdk/bin/java
56326e933000-56326e934000 r--p 00001000 08:01 3809121                    /home/dmitry/Downloads/LOOM/loom/build/linux-x86_64-server-release/jdk/bin/java
56326e934000-56326e935000 rw-p 00002000 08:01 3809121                    /home/dmitry/Downloads/LOOM/loom/build/linux-x86_64-server-release/jdk/bin/java
56326ee05000-56326ee26000 rw-p 00000000 00:00 0                          [heap]
7f825c000000-7f825c021000 rw-p 00000000 00:00 0 
7f825c021000-7f8260000000 ---p 00000000 00:00 0 
7f8260000000-7f8260021000 rw-p 00000000 00:00 0 
7f8260021000-7f8264000000 ---p 00000000 00:00 0 
7f8264000000-7f8264021000 rw-p 00000000 00:00 0 
7f8264021000-7f8268000000 ---p 00000000 00:00 0 
7f8268000000-7f826803b000 rw-p 00000000 00:00 0 
7f826803b000-7f826c000000 ---p 00000000 00:00 0 
7f826c000000-7f826c021000 rw-p 00000000 00:00 0 
7f826c021000-7f8270000000 ---p 00000000 00:00 0 
7f8270000000-7f8270021000 rw-p 00000000 00:00 0 
7f8270021000-7f8274000000 ---p 00000000 00:00 0 
7f8274000000-7f8274021000 rw-p 00000000 00:00 0 
7f8274021000-7f8278000000 ---p 00000000 00:00 0 
7f8278000000-7f8278451000 rw-p 00000000 00:00 0 
7f8278451000-7f827c000000 ---p 00000000 00:00 0 
7f827c000000-7f827c2fd000 rw-p 00000000 00:00 0 
7f827c2fd000-7f8280000000 ---p 00000000 00:00 0 
7f8280000000-7f8280021000 rw-p 00000000 00:00 0 
7f8280021000-7f8284000000 ---p 00000000 00:00 0 
7f8284000000-7f8284021000 rw-p 00000000 00:00 0 
7f8284021000-7f8288000000 ---p 00000000 00:00 0 
7f8288000000-7f82885ab000 rw-p 00000000 00:00 0 
7f82885ab000-7f828c000000 ---p 00000000 00:00 0 
7f828c000000-7f828c021000 rw-p 00000000 00:00 0 
7f828c021000-7f8290000000 ---p 00000000 00:00 0 
7f8290000000-7f8290021000 rw-p 00000000 00:00 0 
7f8290021000-7f8294000000 ---p 00000000 00:00 0 
7f8294000000-7f8294021000 rw-p 00000000 00:00 0 
7f8294021000-7f8298000000 ---p 00000000 00:00 0 
7f8298000000-7f8298021000 rw-p 00000000 00:00 0 
7f8298021000-7f829c000000 ---p 00000000 00:00 0 
7f829c000000-7f829c021000 rw-p 00000000 00:00 0 
7f829c021000-7f82a0000000 ---p 00000000 00:00 0 
7f82a0bf0000-7f82a0feb000 rw-p 00000000 00:00 0 
7f82a0feb000-7f82a0fef000 ---p 00000000 00:00 0 
7f82a0fef000-7f82a112c000 rw-p 00000000 00:00 0 
7f82a112c000-7f82a12ec000 ---p 00000000 00:00 0 
7f82a12ec000-7f82a14ec000 rw-p 00000000 00:00 0 
7f82a14ec000-7f82a14ed000 ---p 00000000 00:00 0 
7f82a14ed000-7f82a15ee000 rw-p 00000000 00:00 0 
7f82a15ee000-7f82a15f2000 ---p 00000000 00:00 0 
7f82a15f2000-7f82a16ef000 rw-p 00000000 00:00 0 
7f82a16ef000-7f82a16f1000 r-xp 00000000 08:01 3284806                    /home/dmitry/Downloads/LOOM/loom/build/linux-x86_64-server-release/jdk/lib/libextnet.so
7f82a16f1000-7f82a18f0000 ---p 00002000 08:01 3284806                    /home/dmitry/Downloads/LOOM/loom/build/linux-x86_64-server-release/jdk/lib/libextnet.so
7f82a18f0000-7f82a18f1000 r--p 00001000 08:01 3284806                    /home/dmitry/Downloads/LOOM/loom/build/linux-x86_64-server-release/jdk/lib/libextnet.so
7f82a18f1000-7f82a18f2000 rw-p 00002000 08:01 3284806                    /home/dmitry/Downloads/LOOM/loom/build/linux-x86_64-server-release/jdk/lib/libextnet.so
7f82a18f2000-7f82a18f6000 ---p 00000000 00:00 0 
7f82a18f6000-7f82a19f3000 rw-p 00000000 00:00 0 
7f82a19f3000-7f82a19f4000 ---p 00000000 00:00 0 
7f82a19f4000-7f82a1af5000 rw-p 00000000 00:00 0 
7f82a1af5000-7f82a1af9000 ---p 00000000 00:00 0 
7f82a1af9000-7f82a1bf6000 rw-p 00000000 00:00 0 
7f82a1bf6000-7f82a1bfa000 ---p 00000000 00:00 0 
7f82a1bfa000-7f82a1cf7000 rw-p 00000000 00:00 0 
7f82a1cf7000-7f82a1cfb000 ---p 00000000 00:00 0 
7f82a1cfb000-7f82a1df8000 rw-p 00000000 00:00 0 
7f82a1df8000-7f82a1e0e000 r-xp 00000000 08:01 3284773                    /home/dmitry/Downloads/LOOM/loom/build/linux-x86_64-server-release/jdk/lib/libnet.so
7f82a1e0e000-7f82a200e000 ---p 00016000 08:01 3284773                    /home/dmitry/Downloads/LOOM/loom/build/linux-x86_64-server-release/jdk/lib/libnet.so
7f82a200e000-7f82a200f000 r--p 00016000 08:01 3284773                    /home/dmitry/Downloads/LOOM/loom/build/linux-x86_64-server-release/jdk/lib/libnet.so
7f82a200f000-7f82a2010000 rw-p 00017000 08:01 3284773                    /home/dmitry/Downloads/LOOM/loom/build/linux-x86_64-server-release/jdk/lib/libnet.so
7f82a2010000-7f82a2021000 r-xp 00000000 08:01 3284778                    /home/dmitry/Downloads/LOOM/loom/build/linux-x86_64-server-release/jdk/lib/libnio.so
7f82a2021000-7f82a2220000 ---p 00011000 08:01 3284778                    /home/dmitry/Downloads/LOOM/loom/build/linux-x86_64-server-release/jdk/lib/libnio.so
7f82a2220000-7f82a2221000 r--p 00010000 08:01 3284778                    /home/dmitry/Downloads/LOOM/loom/build/linux-x86_64-server-release/jdk/lib/libnio.so
7f82a2221000-7f82a2222000 rw-p 00011000 08:01 3284778                    /home/dmitry/Downloads/LOOM/loom/build/linux-x86_64-server-release/jdk/lib/libnio.so
7f82a2222000-7f82a2226000 ---p 00000000 00:00 0 
7f82a2226000-7f82a2323000 rw-p 00000000 00:00 0 
7f82a2323000-7f82a2327000 ---p 00000000 00:00 0 
7f82a2327000-7f82a2424000 rw-p 00000000 00:00 0 
7f82a2424000-7f82a2428000 ---p 00000000 00:00 0 
7f82a2428000-7f82a2525000 rw-p 00000000 00:00 0 
7f82a2525000-7f82a2529000 ---p 00000000 00:00 0 
7f82a2529000-7f82a2626000 rw-p 00000000 00:00 0 
7f82a2626000-7f82a2ff5000 r--p 00000000 08:01 10230401                   /usr/lib/locale/locale-archive
7f82a2ff5000-7f82a2ff9000 ---p 00000000 00:00 0 
7f82a2ff9000-7f82a30f6000 rw-p 00000000 00:00 0 
7f82a30f6000-7f82a30fa000 ---p 00000000 00:00 0 
7f82a30fa000-7f82a31f7000 rw-p 00000000 00:00 0 
7f82a31f7000-7f82a31f8000 ---p 00000000 00:00 0 
7f82a31f8000-7f82a3af9000 rw-p 00000000 00:00 0 
7f82a3af9000-7f82a3afa000 ---p 00000000 00:00 0 
7f82a3afa000-7f82a3bfb000 rw-p 00000000 00:00 0 
7f82a3bfb000-7f82a3bfc000 ---p 00000000 00:00 0 
7f82a3bfc000-7f82a4000000 rw-p 00000000 00:00 0 
7f82a4000000-7f82a4021000 rw-p 00000000 00:00 0 
7f82a4021000-7f82a8000000 ---p 00000000 00:00 0 
7f82a8000000-7f82a8021000 rw-p 00000000 00:00 0 
7f82a8021000-7f82ac000000 ---p 00000000 00:00 0 
7f82ac000000-7f82ac021000 rw-p 00000000 00:00 0 
7f82ac021000-7f82b0000000 ---p 00000000 00:00 0 
7f82b0021000-7f82b21fe000 rw-p 00000000 00:00 0 
7f82b21fe000-7f82b21ff000 ---p 00000000 00:00 0 
7f82b21ff000-7f82b2440000 rw-p 00000000 00:00 0 
7f82b2440000-7f82b3700000 ---p 00000000 00:00 0 
7f82b3700000-7f82b3840000 rw-p 00000000 00:00 0 
7f82b3840000-7f82b4b00000 ---p 00000000 00:00 0 
7f82b4b00000-7f82b4b28000 rw-p 00000000 00:00 0 
7f82b4b28000-7f82b4d80000 ---p 00000000 00:00 0 
7f82b4d80000-7f82b4da8000 rw-p 00000000 00:00 0 
7f82b4da8000-7f82b5000000 ---p 00000000 00:00 0 
7f82b5000000-7f82b5270000 rwxp 00000000 00:00 0 
7f82b5270000-7f82b5590000 ---p 00000000 00:00 0 
7f82b5590000-7f82b5800000 rwxp 00000000 00:00 0 
7f82b5800000-7f82bcac8000 ---p 00000000 00:00 0 
7f82bcac8000-7f82bcd38000 rwxp 00000000 00:00 0 
7f82bcd38000-7f82c4000000 ---p 00000000 00:00 0 
7f82c4000000-7f82c4483000 rw-p 00000000 00:00 0 
7f82c4483000-7f82c8000000 ---p 00000000 00:00 0 
7f82c8013000-7f82c8044000 rw-p 00000000 00:00 0 
7f82c8044000-7f82c8045000 ---p 00000000 00:00 0 
7f82c8045000-7f82c8146000 rw-p 00000000 00:00 0 
7f82c8146000-7f82c8147000 ---p 00000000 00:00 0 
7f82c8147000-7f82c8270000 rw-p 00000000 00:00 0 
7f82c8270000-7f82c84c8000 ---p 00000000 00:00 0 
7f82c84c8000-7f82c88d1000 rw-p 00000000 00:00 0 
7f82c88d1000-7f82c89b7000 ---p 00000000 00:00 0 
7f82c89b7000-7f82c89bc000 rw-p 00000000 00:00 0 
7f82c89bc000-7f82c8aa2000 ---p 00000000 00:00 0 
7f82c8aa2000-7f82c8abd000 r-xp 00000000 08:01 3284776                    /home/dmitry/Downloads/LOOM/loom/build/linux-x86_64-server-release/jdk/lib/libjimage.so
7f82c8abd000-7f82c8cbc000 ---p 0001b000 08:01 3284776                    /home/dmitry/Downloads/LOOM/loom/build/linux-x86_64-server-release/jdk/lib/libjimage.so
7f82c8cbc000-7f82c8cbe000 r--p 0001a000 08:01 3284776                    /home/dmitry/Downloads/LOOM/loom/build/linux-x86_64-server-release/jdk/lib/libjimage.so
7f82c8cbe000-7f82c8cbf000 rw-p 0001c000 08:01 3284776                    /home/dmitry/Downloads/LOOM/loom/build/linux-x86_64-server-release/jdk/lib/libjimage.so
7f82c8cbf000-7f82c8cc6000 r-xp 00000000 08:01 3284771                    /home/dmitry/Downloads/LOOM/loom/build/linux-x86_64-server-release/jdk/lib/libzip.so
7f82c8cc6000-7f82c8ec5000 ---p 00007000 08:01 3284771                    /home/dmitry/Downloads/LOOM/loom/build/linux-x86_64-server-release/jdk/lib/libzip.so
7f82c8ec5000-7f82c8ec6000 r--p 00006000 08:01 3284771                    /home/dmitry/Downloads/LOOM/loom/build/linux-x86_64-server-release/jdk/lib/libzip.so
7f82c8ec6000-7f82c8ec7000 rw-p 00007000 08:01 3284771                    /home/dmitry/Downloads/LOOM/loom/build/linux-x86_64-server-release/jdk/lib/libzip.so
7f82c8ec7000-7f82c8ed2000 r-xp 00000000 08:01 1184572                    /lib/x86_64-linux-gnu/libnss_files-2.27.so
7f82c8ed2000-7f82c90d1000 ---p 0000b000 08:01 1184572                    /lib/x86_64-linux-gnu/libnss_files-2.27.so
7f82c90d1000-7f82c90d2000 r--p 0000a000 08:01 1184572                    /lib/x86_64-linux-gnu/libnss_files-2.27.so
7f82c90d2000-7f82c90d3000 rw-p 0000b000 08:01 1184572                    /lib/x86_64-linux-gnu/libnss_files-2.27.so
7f82c90d3000-7f82c90d9000 rw-p 00000000 00:00 0 
7f82c90d9000-7f82c90f0000 r-xp 00000000 08:01 1184566                    /lib/x86_64-linux-gnu/libnsl-2.27.so
7f82c90f0000-7f82c92ef000 ---p 00017000 08:01 1184566                    /lib/x86_64-linux-gnu/libnsl-2.27.so
7f82c92ef000-7f82c92f0000 r--p 00016000 08:01 1184566                    /lib/x86_64-linux-gnu/libnsl-2.27.so
7f82c92f0000-7f82c92f1000 rw-p 00017000 08:01 1184566                    /lib/x86_64-linux-gnu/libnsl-2.27.so
7f82c92f1000-7f82c92f3000 rw-p 00000000 00:00 0 
7f82c92f3000-7f82c92fe000 r-xp 00000000 08:01 1184583                    /lib/x86_64-linux-gnu/libnss_nis-2.27.so
7f82c92fe000-7f82c94fd000 ---p 0000b000 08:01 1184583                    /lib/x86_64-linux-gnu/libnss_nis-2.27.so
7f82c94fd000-7f82c94fe000 r--p 0000a000 08:01 1184583                    /lib/x86_64-linux-gnu/libnss_nis-2.27.so
7f82c94fe000-7f82c94ff000 rw-p 0000b000 08:01 1184583                    /lib/x86_64-linux-gnu/libnss_nis-2.27.so
7f82c94ff000-7f82c9507000 r-xp 00000000 08:01 1184568                    /lib/x86_64-linux-gnu/libnss_compat-2.27.so
7f82c9507000-7f82c9707000 ---p 00008000 08:01 1184568                    /lib/x86_64-linux-gnu/libnss_compat-2.27.so
7f82c9707000-7f82c9708000 r--p 00008000 08:01 1184568                    /lib/x86_64-linux-gnu/libnss_compat-2.27.so
7f82c9708000-7f82c9709000 rw-p 00009000 08:01 1184568                    /lib/x86_64-linux-gnu/libnss_compat-2.27.so
7f82c9709000-7f82c9732000 r-xp 00000000 08:01 3284770                    /home/dmitry/Downloads/LOOM/loom/build/linux-x86_64-server-release/jdk/lib/libjava.so
7f82c9732000-7f82c9931000 ---p 00029000 08:01 3284770                    /home/dmitry/Downloads/LOOM/loom/build/linux-x86_64-server-release/jdk/lib/libjava.so
7f82c9931000-7f82c9932000 r--p 00028000 08:01 3284770                    /home/dmitry/Downloads/LOOM/loom/build/linux-x86_64-server-release/jdk/lib/libjava.so
7f82c9932000-7f82c9934000 rw-p 00029000 08:01 3284770                    /home/dmitry/Downloads/LOOM/loom/build/linux-x86_64-server-release/jdk/lib/libjava.so
7f82c9934000-7f82c9941000 r-xp 00000000 08:01 3284763                    /home/dmitry/Downloads/LOOM/loom/build/linux-x86_64-server-release/jdk/lib/libverify.so
7f82c9941000-7f82c9b40000 ---p 0000d000 08:01 3284763                    /home/dmitry/Downloads/LOOM/loom/build/linux-x86_64-server-release/jdk/lib/libverify.so
7f82c9b40000-7f82c9b42000 r--p 0000c000 08:01 3284763                    /home/dmitry/Downloads/LOOM/loom/build/linux-x86_64-server-release/jdk/lib/libverify.so
7f82c9b42000-7f82c9b43000 rw-p 0000e000 08:01 3284763                    /home/dmitry/Downloads/LOOM/loom/build/linux-x86_64-server-release/jdk/lib/libverify.so
7f82c9b43000-7f82c9ce0000 r-xp 00000000 08:01 1184545                    /lib/x86_64-linux-gnu/libm-2.27.so
7f82c9ce0000-7f82c9edf000 ---p 0019d000 08:01 1184545                    /lib/x86_64-linux-gnu/libm-2.27.so
7f82c9edf000-7f82c9ee0000 r--p 0019c000 08:01 1184545                    /lib/x86_64-linux-gnu/libm-2.27.so
7f82c9ee0000-7f82c9ee1000 rw-p 0019d000 08:01 1184545                    /lib/x86_64-linux-gnu/libm-2.27.so
7f82c9ee1000-7f82cb20d000 r-xp 00000000 08:01 3284761                    /home/dmitry/Downloads/LOOM/loom/build/linux-x86_64-server-release/jdk/lib/server/libjvm.so
7f82cb20d000-7f82cb40c000 ---p 0132c000 08:01 3284761                    /home/dmitry/Downloads/LOOM/loom/build/linux-x86_64-server-release/jdk/lib/server/libjvm.so
7f82cb40c000-7f82cb4d4000 r--p 0132b000 08:01 3284761                    /home/dmitry/Downloads/LOOM/loom/build/linux-x86_64-server-release/jdk/lib/server/libjvm.so
7f82cb4d4000-7f82cb50f000 rw-p 013f3000 08:01 3284761                    /home/dmitry/Downloads/LOOM/loom/build/linux-x86_64-server-release/jdk/lib/server/libjvm.so
7f82cb50f000-7f82cb595000 rw-p 00000000 00:00 0 
7f82cb595000-7f82cb5af000 r-xp 00000000 08:01 1184615                    /lib/x86_64-linux-gnu/libpthread-2.27.so
7f82cb5af000-7f82cb7ae000 ---p 0001a000 08:01 1184615                    /lib/x86_64-linux-gnu/libpthread-2.27.so
7f82cb7ae000-7f82cb7af000 r--p 00019000 08:01 1184615                    /lib/x86_64-linux-gnu/libpthread-2.27.so
7f82cb7af000-7f82cb7b0000 rw-p 0001a000 08:01 1184615                    /lib/x86_64-linux-gnu/libpthread-2.27.so
7f82cb7b0000-7f82cb7b4000 rw-p 00000000 00:00 0 
7f82cb7b4000-7f82cb7b7000 r-xp 00000000 08:01 1184505                    /lib/x86_64-linux-gnu/libdl-2.27.so
7f82cb7b7000-7f82cb9b6000 ---p 00003000 08:01 1184505                    /lib/x86_64-linux-gnu/libdl-2.27.so
7f82cb9b6000-7f82cb9b7000 r--p 00002000 08:01 1184505                    /lib/x86_64-linux-gnu/libdl-2.27.so
7f82cb9b7000-7f82cb9b8000 rw-p 00003000 08:01 1184505                    /lib/x86_64-linux-gnu/libdl-2.27.so
7f82cb9b8000-7f82cb9d4000 r-xp 00000000 08:01 1184654                    /lib/x86_64-linux-gnu/libz.so.1.2.11
7f82cb9d4000-7f82cbbd3000 ---p 0001c000 08:01 1184654                    /lib/x86_64-linux-gnu/libz.so.1.2.11
7f82cbbd3000-7f82cbbd4000 r--p 0001b000 08:01 1184654                    /lib/x86_64-linux-gnu/libz.so.1.2.11
7f82cbbd4000-7f82cbbd5000 rw-p 0001c000 08:01 1184654                    /lib/x86_64-linux-gnu/libz.so.1.2.11
7f82cbbd5000-7f82cbdbc000 r-xp 00000000 08:01 1184482                    /lib/x86_64-linux-gnu/libc-2.27.so
7f82cbdbc000-7f82cbfbc000 ---p 001e7000 08:01 1184482                    /lib/x86_64-linux-gnu/libc-2.27.so
7f82cbfbc000-7f82cbfc0000 r--p 001e7000 08:01 1184482                    /lib/x86_64-linux-gnu/libc-2.27.so
7f82cbfc0000-7f82cbfc2000 rw-p 001eb000 08:01 1184482                    /lib/x86_64-linux-gnu/libc-2.27.so
7f82cbfc2000-7f82cbfc6000 rw-p 00000000 00:00 0 
7f82cbfc6000-7f82cbfd6000 r-xp 00000000 08:01 3284765                    /home/dmitry/Downloads/LOOM/loom/build/linux-x86_64-server-release/jdk/lib/libjli.so
7f82cbfd6000-7f82cc1d5000 ---p 00010000 08:01 3284765                    /home/dmitry/Downloads/LOOM/loom/build/linux-x86_64-server-release/jdk/lib/libjli.so
7f82cc1d5000-7f82cc1d6000 r--p 0000f000 08:01 3284765                    /home/dmitry/Downloads/LOOM/loom/build/linux-x86_64-server-release/jdk/lib/libjli.so
7f82cc1d6000-7f82cc1d7000 rw-p 00010000 08:01 3284765                    /home/dmitry/Downloads/LOOM/loom/build/linux-x86_64-server-release/jdk/lib/libjli.so
7f82cc1d7000-7f82cc1fe000 r-xp 00000000 08:01 1184454                    /lib/x86_64-linux-gnu/ld-2.27.so
7f82cc22b000-7f82cc2de000 rw-p 00000000 00:00 0 
7f82cc2de000-7f82cc2e5000 ---p 00000000 00:00 0 
7f82cc2e5000-7f82cc2e9000 ---p 00000000 00:00 0 
7f82cc2e9000-7f82cc3e8000 rw-p 00000000 00:00 0 
7f82cc3f1000-7f82cc3f9000 rw-s 00000000 08:01 524325                     /tmp/hsperfdata_dmitry/27598
7f82cc3f9000-7f82cc3fa000 ---p 00000000 00:00 0 
7f82cc3fa000-7f82cc3fb000 r--p 00000000 00:00 0 
7f82cc3fb000-7f82cc3fc000 ---p 00000000 00:00 0 
7f82cc3fc000-7f82cc3fe000 rw-p 00000000 00:00 0 
7f82cc3fe000-7f82cc3ff000 r--p 00027000 08:01 1184454                    /lib/x86_64-linux-gnu/ld-2.27.so
7f82cc3ff000-7f82cc400000 rw-p 00028000 08:01 1184454                    /lib/x86_64-linux-gnu/ld-2.27.so
7f82cc400000-7f82cc401000 rw-p 00000000 00:00 0 
7ffd0acc5000-7ffd0ace8000 rw-p 00000000 00:00 0                          [stack]
7ffd0ad39000-7ffd0ad3c000 r--p 00000000 00:00 0                          [vvar]
7ffd0ad3c000-7ffd0ad3e000 r-xp 00000000 00:00 0                          [vdso]
ffffffffff600000-ffffffffff601000 r-xp 00000000 00:00 0                  [vsyscall]


VM Arguments:
jvm_args: -Didea.launcher.port=22459 -Didea.launcher.bin.path=/home/dmitry/Downloads/idea-IC-183.5912.21/bin -Dfile.encoding=UTF-8 
java_command: com.intellij.rt.execution.application.AppMainV2 Main
java_class_path (initial): /home/dmitry/Downloads/LOOM/loom/build/linux-x86_64-server-release/jdk/modules/java.base:/home/dmitry/Downloads/LOOM/loom/build/linux-x86_64-server-release/jdk/modules/java.compiler:/home/dmitry/Downloads/LOOM/loom/build/linux-x86_64-server-release/jdk/modules/java.datatransfer:/home/dmitry/Downloads/LOOM/loom/build/linux-x86_64-server-release/jdk/modules/java.desktop:/home/dmitry/Downloads/LOOM/loom/build/linux-x86_64-server-release/jdk/modules/java.instrument:/home/dmitry/Downloads/LOOM/loom/build/linux-x86_64-server-release/jdk/modules/java.logging:/home/dmitry/Downloads/LOOM/loom/build/linux-x86_64-server-release/jdk/modules/java.management:/home/dmitry/Downloads/LOOM/loom/build/linux-x86_64-server-release/jdk/modules/java.management.rmi:/home/dmitry/Downloads/LOOM/loom/build/linux-x86_64-server-release/jdk/modules/java.naming:/home/dmitry/Downloads/LOOM/loom/build/linux-x86_64-server-release/jdk/modules/java.net.http:/home/dmitry/Downloads/LOOM/loom/build/linux-x86_64-server-release/jdk/modules/java.prefs:/home/dmitry/Downloads/LOOM/loom/build/linux-x86_64-server-release/jdk/modules/java.rmi:/home/dmitry/Downloads/LOOM/loom/build/linux-x86_64-server-release/jdk/modules/java.scripting:/home/dmitry/Downloads/LOOM/loom/build/linux-x86_64-server-release/jdk/modules/java.se:/home/dmitry/Downloads/LOOM/loom/build/linux-x86_64-server-release/jdk/modules/java.security.jgss:/home/dmitry/Downloads/LOOM/loom/build/linux-x86_64-server-release/jdk/modules/java.security.sasl:/home/dmitry/Downloads/LOOM/loom/build/linux-x86_64-server-release/jdk/modules/java.smartcardio:/home/dmitry/Downloads/LOOM/loom/build/linux-x86_64-server-release/jdk/modules/java.sql:/home/dmitry/Downloads/LOOM/loom/build/linux-x86_64-server-release/jdk/modules/java.sql.rowset:/home/dmitry/Downloads/LOOM/loom/build/linux-x86_64-server-release/jdk/modules/java.transaction.xa:/home/dmitry/Downloads/LOOM/loom/build/linux-x86_64-server-release/jdk/modules/java.xml:/home/dmitry/D
Launcher Type: SUN_STANDARD

[Global flags]
     intx CICompilerCount                          = 3                                         {product} {ergonomic}
     uint ConcGCThreads                            = 1                                         {product} {ergonomic}
     uint G1ConcRefinementThreads                  = 4                                         {product} {ergonomic}
   size_t G1HeapRegionSize                         = 1048576                                   {product} {ergonomic}
    uintx GCDrainStackTargetSize                   = 64                                        {product} {ergonomic}
   size_t InitialHeapSize                          = 83886080                                  {product} {ergonomic}
   size_t MarkStackSize                            = 4194304                                   {product} {ergonomic}
   size_t MaxHeapSize                              = 1342177280                                {product} {ergonomic}
   size_t MaxNewSize                               = 805306368                                 {product} {ergonomic}
   size_t MinHeapDeltaBytes                        = 1048576                                   {product} {ergonomic}
    uintx NonNMethodCodeHeapSize                   = 5830732                                {pd product} {ergonomic}
    uintx NonProfiledCodeHeapSize                  = 122913754                              {pd product} {ergonomic}
    uintx ProfiledCodeHeapSize                     = 122913754                              {pd product} {ergonomic}
    uintx ReservedCodeCacheSize                    = 251658240                              {pd product} {ergonomic}
     bool SegmentedCodeCache                       = true                                      {product} {ergonomic}
     bool UseCompressedClassPointers               = true                                 {lp64_product} {ergonomic}
     bool UseCompressedOops                        = true                                 {lp64_product} {ergonomic}
     bool UseG1GC                                  = true                                      {product} {ergonomic}

Logging:
Log output configuration:
 #0: stdout all=warning uptime,level,tags
 #1: stderr all=off uptime,level,tags

Environment Variables:
JAVA_HOME=/home/dmitry/usr/local/java/jdk1.8.0
PATH=/bin:/bin:/usr/local/sbin:/usr/local/bin:/usr/sbin:/usr/bin:/sbin:/bin:/usr/games:/usr/local/games:/snap/bin
USERNAME=dmitry
SHELL=/bin/bash
DISPLAY=:0

Signal Handlers:
SIGSEGV: [libjvm.so+0xfe38e0], sa_mask[0]=11111111011111111101111111111110, sa_flags=SA_RESTART|SA_SIGINFO
SIGBUS: [libjvm.so+0xfe38e0], sa_mask[0]=11111111011111111101111111111110, sa_flags=SA_RESTART|SA_SIGINFO
SIGFPE: [libjvm.so+0xfe38e0], sa_mask[0]=11111111011111111101111111111110, sa_flags=SA_RESTART|SA_SIGINFO
SIGPIPE: [libjvm.so+0xc81160], sa_mask[0]=11111111011111111101111111111110, sa_flags=SA_RESTART|SA_SIGINFO
SIGXFSZ: [libjvm.so+0xc81160], sa_mask[0]=11111111011111111101111111111110, sa_flags=SA_RESTART|SA_SIGINFO
SIGILL: [libjvm.so+0xfe38e0], sa_mask[0]=11111111011111111101111111111110, sa_flags=SA_RESTART|SA_SIGINFO
SIGUSR2: [libjvm.so+0xc81000], sa_mask[0]=00100000000000000000000000000000, sa_flags=SA_RESTART|SA_SIGINFO
SIGHUP: [libjvm.so+0xc81600], sa_mask[0]=11111111011111111101111111111110, sa_flags=SA_RESTART|SA_SIGINFO
SIGINT: [libjvm.so+0xc81600], sa_mask[0]=11111111011111111101111111111110, sa_flags=SA_RESTART|SA_SIGINFO
SIGTERM: [libjvm.so+0xc81600], sa_mask[0]=11111111011111111101111111111110, sa_flags=SA_RESTART|SA_SIGINFO
SIGQUIT: [libjvm.so+0xc81600], sa_mask[0]=11111111011111111101111111111110, sa_flags=SA_RESTART|SA_SIGINFO


---------------  S Y S T E M  ---------------

OS:DISTRIB_ID=Ubuntu
DISTRIB_RELEASE=18.04
DISTRIB_CODENAME=bionic
DISTRIB_DESCRIPTION="Ubuntu 18.04.2 LTS"
uname:Linux 4.18.0-18-generic #19~18.04.1-Ubuntu SMP Fri Apr 5 10:22:13 UTC 2019 x86_64
libc:glibc 2.27 NPTL 2.27 
rlimit: STACK 8192k, CORE 0k, NPROC 20276, NOFILE 4096, AS infinity, DATA infinity, FSIZE infinity
load average:2,55 2,81 3,78

/proc/meminfo:
MemTotal:        5234996 kB
MemFree:          683432 kB
MemAvailable:    3172044 kB
Buffers:           53844 kB
Cached:          2644444 kB
SwapCached:       101612 kB
Active:          1971172 kB
Inactive:        2287352 kB
Active(anon):     934112 kB
Inactive(anon):   700428 kB
Active(file):    1037060 kB
Inactive(file):  1586924 kB
Unevictable:          32 kB
Mlocked:              32 kB
SwapTotal:       2097148 kB
SwapFree:        1085692 kB
Dirty:              7544 kB
Writeback:             0 kB
AnonPages:       1545384 kB
Mapped:           158824 kB
Shmem:             74304 kB
Slab:             185960 kB
SReclaimable:     143264 kB
SUnreclaim:        42696 kB
KernelStack:        9536 kB
PageTables:        35584 kB
NFS_Unstable:          0 kB
Bounce:                0 kB
WritebackTmp:          0 kB
CommitLimit:     4714644 kB
Committed_AS:    5692512 kB
VmallocTotal:   34359738367 kB
VmallocUsed:           0 kB
VmallocChunk:          0 kB
HardwareCorrupted:     0 kB
AnonHugePages:         0 kB
ShmemHugePages:        0 kB
ShmemPmdMapped:        0 kB
CmaTotal:              0 kB
CmaFree:               0 kB
HugePages_Total:       0
HugePages_Free:        0
HugePages_Rsvd:        0
HugePages_Surp:        0
Hugepagesize:       2048 kB
Hugetlb:               0 kB
DirectMap4k:      153536 kB
DirectMap2M:     5257216 kB


/proc/sys/kernel/threads-max (system-wide limit on the number of threads):
40552


/proc/sys/vm/max_map_count (maximum number of memory map areas a process may have):
65530


/proc/sys/kernel/pid_max (system-wide limit on number of process identifiers):
32768



container (cgroup) information:
container_type: cgroupv1
cpu_cpuset_cpus: 0-3
cpu_memory_nodes: 0
active_processor_count: 4
cpu_quota: no quota
cpu_period: 100000
cpu_shares: no shares
memory_limit_in_bytes: unlimited
memory_and_swap_limit_in_bytes: not supported
memory_soft_limit_in_bytes: unlimited
memory_usage_in_bytes: 4356157440
memory_max_usage_in_bytes: 3952640

KVM virtualization detected
Steal ticks since vm start: 0
Steal ticks percentage since vm start:  0,000

CPU:total 4 (initial active 4) (4 cores per cpu, 1 threads per core) family 6 model 60 stepping 3, cmov, cx8, fxsr, mmx, sse, sse2, sse3, ssse3, sse4.1, sse4.2, popcnt, avx, avx2, aes, clmul, lzcnt, tsc, tscinvbit
CPU Model and flags from /proc/cpuinfo:
model name	: Intel(R) Core(TM) i7-4700HQ CPU @ 2.40GHz
flags		: fpu vme de pse tsc msr pae mce cx8 apic sep mtrr pge mca cmov pat pse36 clflush mmx fxsr sse sse2 ht syscall nx rdtscp lm constant_tsc rep_good nopl xtopology nonstop_tsc cpuid tsc_known_freq pni pclmulqdq ssse3 cx16 pcid sse4_1 sse4_2 x2apic movbe popcnt aes xsave avx rdrand hypervisor lahf_lm abm invpcid_single pti fsgsbase avx2 invpcid flush_l1d

Memory: 4k page, physical 5234996k(683432k free), swap 2097148k(1085692k free)

vm_info: OpenJDK 64-Bit Server VM (13-internal+0-adhoc.dmitry.loom) for linux-amd64 JRE (13-internal+0-adhoc.dmitry.loom), built on May 15 2019 03:47:32 by "dmitry" with gcc 7.4.0

END.
